#
# A fatal error has been detected by the Java Runtime Environment:
#
#  SIGSEGV (0xb) at pc=0x000000010db4ba56, pid=566, tid=0x0000000000003f03
#
# JRE version: OpenJDK Runtime Environment (8.0_152-b01) (build 1.8.0_152-release-1024-b01)
# Java VM: OpenJDK 64-Bit Server VM (25.152-b01 mixed mode bsd-amd64 compressed oops)
# Problematic frame:
# V  [libjvm.dylib+0x14ba56]
#
# Failed to write core dump. Core dumps have been disabled. To enable core dumping, try "ulimit -c unlimited" before starting Java again
#
# If you would like to submit a bug report, please visit:
#   http://bugreport.java.com/bugreport/crash.jsp
#

---------------  T H R E A D  ---------------

Current thread (0x00007fa6bd000000):  JavaThread "C2 CompilerThread2" daemon [_thread_in_native, id=16131, stack(0x0000700009c13000,0x0000700009d13000)]

siginfo: si_signo: 11 (SIGSEGV), si_code: 1 (SEGV_MAPERR), si_addr: 0x00007fa4c12534a0

Registers:
RAX=0x00007fa6c12534a0, RBX=0x0000700009d113a0, RCX=0x00007fa6c12534a0, RDX=0x0000000000000000
RSP=0x0000700009d0f940, RBP=0x0000700009d0f9b0, RSI=0x0000000125003668, RDI=0x0000700009d112b8
R8 =0x0000000055555555, R9 =0x0000000000000001, R10=0x000000000000000a, R11=0xfffffffff88013b8
R12=0xffffffff80000000, R13=0x0000700009d112b8, R14=0x0000000000000000, R15=0x0000000125003668
RIP=0x000000010db4ba56, EFLAGS=0x0000000000010246, ERR=0x0000000000000004
  TRAPNO=0x000000000000000e

Top of Stack: (sp=0x0000700009d0f940)
0x0000700009d0f940:   0000000000000637 0000700009d0f960
0x0000700009d0f950:   0000700009d0f9b0 000000010dc88450
0x0000700009d0f960:   0000063b00000000 00007fa600000008
0x0000700009d0f970:   00007fa6bbab7940 0000000100000011
0x0000700009d0f980:   00007fa6c0279248 0000000000000637
0x0000700009d0f990:   00000001250036a0 0000700009d112b8
0x0000700009d0f9a0:   0000000000000000 0000000000000140
0x0000700009d0f9b0:   0000700009d0fa50 000000010db4b347
0x0000700009d0f9c0:   00000dde00000000 0000063b00000000
0x0000700009d0f9d0:   00007fa600000008 00007fa6bbab7940
0x0000700009d0f9e0:   00007fa600000011 00007fa6c0279248
0x0000700009d0f9f0:   0000000100000011 00000001252a3270
0x0000700009d0fa00:   0000000125003668 0000000124fdb010
0x0000700009d0fa10:   0000000000028658 ffffffff20000000
0x0000700009d0fa20:   0000752fffffffff 0000700009d0fbf0
0x0000700009d0fa30:   0000700009d113a0 0000700009d112b8
0x0000700009d0fa40:   0000700009d113a0 0000700009d0fb28
0x0000700009d0fa50:   0000700009d0fc80 000000010db49e07
0x0000700009d0fa60:   0000000000000029 000000010e1afba0
0x0000700009d0fa70:   000070000000000d 0000700009d12078
0x0000700009d0fa80:   0000700009d112b8 0000000000000001
0x0000700009d0fa90:   00007fa6ba3c3730 000000010e1f33f0
0x0000700009d0faa0:   000000010e1f33f0 000000010e1f33f0
0x0000700009d0fab0:   000000010e1f33f0 000000010e1f33f0
0x0000700009d0fac0:   00007fa6ba6b3d20 000000010e1f33f0
0x0000700009d0fad0:   000000010e1f33f0 000000010e1f33f0
0x0000700009d0fae0:   000000010e1f33f0 000000010e1f33f0
0x0000700009d0faf0:   000000010e1f33f0 000000010e1f33f0
0x0000700009d0fb00:   000000010e1f33f0 000000010e1f33f0
0x0000700009d0fb10:   00007fa6bbb38800 00007fa600000011
0x0000700009d0fb20:   00007fa6bbb28600 00007fa60000000a
0x0000700009d0fb30:   0000700009d12078 0000000123ed3010 

Instructions: (pc=0x000000010db4ba56)
0x000000010db4ba36:   44 89 f2 e8 8d 01 00 00 84 c0 74 d1 e9 00 01 00
0x000000010db4ba46:   00 48 8b 5d d0 4d 63 67 24 49 8b 85 08 01 00 00
0x000000010db4ba56:   46 39 24 a0 74 0e 48 89 df 44 89 e6 e8 8b d9 ff
0x000000010db4ba66:   ff 41 89 c4 45 85 e4 0f 84 ac 00 00 00 49 8b 45 

Register to memory mapping:

RAX=0x00007fa6c12534a0 is an unknown value
RBX=0x0000700009d113a0 is pointing into the stack for thread: 0x00007fa6bd000000
RCX=0x00007fa6c12534a0 is an unknown value
RDX=0x0000000000000000 is an unknown value
RSP=0x0000700009d0f940 is pointing into the stack for thread: 0x00007fa6bd000000
RBP=0x0000700009d0f9b0 is pointing into the stack for thread: 0x00007fa6bd000000
RSI=0x0000000125003668 is an unknown value
RDI=0x0000700009d112b8 is pointing into the stack for thread: 0x00007fa6bd000000
R8 =0x0000000055555555 is an unknown value
R9 =0x0000000000000001 is an unknown value
R10=0x000000000000000a is an unknown value
R11=0xfffffffff88013b8 is an unknown value
R12=0xffffffff80000000 is an unknown value
R13=0x0000700009d112b8 is pointing into the stack for thread: 0x00007fa6bd000000
R14=0x0000000000000000 is an unknown value
R15=0x0000000125003668 is an unknown value


Stack: [0x0000700009c13000,0x0000700009d13000],  sp=0x0000700009d0f940,  free space=1010k
Native frames: (J=compiled Java code, j=interpreted, Vv=VM code, C=native code)
V  [libjvm.dylib+0x14ba56]
V  [libjvm.dylib+0x14b347]
V  [libjvm.dylib+0x149e07]
V  [libjvm.dylib+0x1969a0]
V  [libjvm.dylib+0x195388]
V  [libjvm.dylib+0x13b9da]
V  [libjvm.dylib+0x1a067a]
V  [libjvm.dylib+0x19fc78]
V  [libjvm.dylib+0x505e88]
V  [libjvm.dylib+0x505d4d]
V  [libjvm.dylib+0x435709]
C  [libsystem_pthread.dylib+0x36c1]  _pthread_body+0x154
C  [libsystem_pthread.dylib+0x356d]  _pthread_body+0x0
C  [libsystem_pthread.dylib+0x2c5d]  thread_start+0xd
C  0x0000000000000000


Current CompileTask:
C2:  11742 9435       4       java.lang.invoke.MethodType::makeImpl (66 bytes)


---------------  P R O C E S S  ---------------

Java Threads: ( => current thread )
  0x00007fa6c0fc1000 JavaThread "pool-5-thread-2" [_thread_in_Java, id=49675, stack(0x000070000d717000,0x000070000d817000)]
  0x00007fa6bc099800 JavaThread "pool-8-thread-2" [_thread_in_Java, id=51211, stack(0x000070000d614000,0x000070000d714000)]
  0x00007fa6bca96800 JavaThread "pool-4-thread-2" [_thread_blocked, id=82955, stack(0x000070000d511000,0x000070000d611000)]
  0x00007fa6bcaa7800 JavaThread "pool-7-thread-2" [_thread_blocked, id=84235, stack(0x000070000d40e000,0x000070000d50e000)]
  0x00007fa6bd299800 JavaThread "pool-5-thread-1" [_thread_in_Java, id=82699, stack(0x000070000d30b000,0x000070000d40b000)]
  0x00007fa6bd109800 JavaThread "pool-6-thread-2" [_thread_blocked, id=43531, stack(0x000070000d208000,0x000070000d308000)]
  0x00007fa6bfc8a000 JavaThread "pool-4-thread-1" [_thread_blocked, id=84491, stack(0x000070000d105000,0x000070000d205000)]
  0x00007fa6bcaa7000 JavaThread "pool-8-thread-1" [_thread_blocked, id=30991, stack(0x000070000d002000,0x000070000d102000)]
  0x00007fa6ba3b6000 JavaThread "pool-6-thread-1" [_thread_blocked, id=49931, stack(0x000070000ceff000,0x000070000cfff000)]
  0x00007fa6c128f000 JavaThread "pool-7-thread-1" [_thread_blocked, id=81931, stack(0x000070000cda6000,0x000070000cea6000)]
  0x00007fa6bcaa0000 JavaThread "ForkJoinPool.commonPool-worker-6" daemon [_thread_blocked, id=50955, stack(0x000070000cca3000,0x000070000cda3000)]
  0x00007fa6bfc83000 JavaThread "ForkJoinPool.commonPool-worker-5" daemon [_thread_blocked, id=46859, stack(0x000070000cba0000,0x000070000cca0000)]
  0x00007fa6bd383000 JavaThread "ForkJoinPool.commonPool-worker-4" daemon [_thread_blocked, id=31755, stack(0x000070000ca9d000,0x000070000cb9d000)]
  0x00007fa6c0249800 JavaThread "ForkJoinPool.commonPool-worker-3" daemon [_thread_blocked, id=47627, stack(0x000070000c99a000,0x000070000ca9a000)]
  0x00007fa6bfc57800 JavaThread "ForkJoinPool.commonPool-worker-2" daemon [_thread_blocked, id=47883, stack(0x000070000c897000,0x000070000c997000)]
  0x00007fa6bca9f000 JavaThread "ForkJoinPool.commonPool-worker-1" daemon [_thread_blocked, id=49163, stack(0x000070000c691000,0x000070000c791000)]
  0x00007fa6bfad9800 JavaThread "Cache worker for Java compile cache (/Users/annascott/AndroidStudioProjects/SmallBusiness/.gradle/4.4/javaCompile)" [_thread_blocked, id=30479, stack(0x000070000c58e000,0x000070000c68e000)]
  0x00007fa6bd3bb800 JavaThread "process reaper" daemon [_thread_blocked, id=46595, stack(0x000070000ced4000,0x000070000cefc000)]
  0x00007fa6bd3ba800 JavaThread "process reaper" daemon [_thread_blocked, id=85507, stack(0x000070000cea9000,0x000070000ced1000)]
  0x00007fa6b9183800 JavaThread "process reaper" daemon [_thread_blocked, id=46083, stack(0x00007000098dd000,0x0000700009905000)]
  0x00007fa6c004d000 JavaThread "process reaper" daemon [_thread_blocked, id=45571, stack(0x00007000098b2000,0x00007000098da000)]
  0x00007fa6bd107800 JavaThread "process reaper" daemon [_thread_blocked, id=86275, stack(0x0000700009887000,0x00007000098af000)]
  0x00007fa6bd106800 JavaThread "process reaper" daemon [_thread_blocked, id=86531, stack(0x0000700008bb3000,0x0000700008bdb000)]
  0x00007fa6ba745000 JavaThread "process reaper" daemon [_thread_blocked, id=44803, stack(0x0000700008b88000,0x0000700008bb0000)]
  0x00007fa6bc349800 JavaThread "process reaper" daemon [_thread_blocked, id=44291, stack(0x0000700008b5d000,0x0000700008b85000)]
  0x00007fa6b9189000 JavaThread "Java2D Disposer" daemon [_thread_blocked, id=31239, stack(0x000070000c794000,0x000070000c894000)]
  0x00007fa6c02d5800 JavaThread "AWT-AppKit" daemon [_thread_in_native, id=775, stack(0x00007ffee2bbc000,0x00007ffee33bc000)]
  0x00007fa6bfd69000 JavaThread "Worker Daemon Execution Thread 6" [_thread_blocked, id=34051, stack(0x000070000c48b000,0x000070000c58b000)]
  0x00007fa6bba0e800 JavaThread "Worker Daemon Execution Thread 5" [_thread_blocked, id=34563, stack(0x000070000c388000,0x000070000c488000)]
  0x00007fa6bc320000 JavaThread "Worker Daemon Execution Thread 4" [_thread_blocked, id=35075, stack(0x000070000c285000,0x000070000c385000)]
  0x00007fa6bcbb4000 JavaThread "Worker Daemon Execution Thread 3" [_thread_blocked, id=29955, stack(0x000070000c182000,0x000070000c282000)]
  0x00007fa6bcbb3000 JavaThread "Worker Daemon Execution Thread 2" [_thread_blocked, id=35331, stack(0x000070000c07f000,0x000070000c17f000)]
  0x00007fa6bc33e800 JavaThread "Worker Daemon Execution" [_thread_blocked, id=29443, stack(0x000070000bf7c000,0x000070000c07c000)]
  0x00007fa6c0e98800 JavaThread "Task worker for ':' Thread 7" [_thread_blocked, id=35843, stack(0x000070000be79000,0x000070000bf79000)]
  0x00007fa6c08af800 JavaThread "Task worker for ':' Thread 6" [_thread_blocked, id=28675, stack(0x000070000bd76000,0x000070000be76000)]
  0x00007fa6bc804000 JavaThread "Task worker for ':' Thread 5" [_thread_blocked, id=28163, stack(0x000070000bc73000,0x000070000bd73000)]
  0x00007fa6bbd51800 JavaThread "Task worker for ':' Thread 4" [_thread_blocked, id=36099, stack(0x000070000bb70000,0x000070000bc70000)]
  0x00007fa6c0981800 JavaThread "Task worker for ':' Thread 3" [_thread_blocked, id=36611, stack(0x000070000ba6d000,0x000070000bb6d000)]
  0x00007fa6bfc10800 JavaThread "Task worker for ':' Thread 2" [_thread_blocked, id=27651, stack(0x000070000b96a000,0x000070000ba6a000)]
  0x00007fa6bf80c000 JavaThread "Task worker for ':'" [_thread_blocked, id=37123, stack(0x000070000b867000,0x000070000b967000)]
  0x00007fa6ba441800 JavaThread "Cache worker for Build Output Cleanup Cache (/Users/annascott/AndroidStudioProjects/SmallBusiness/.gradle/buildOutputCleanup)" [_thread_blocked, id=26883, stack(0x000070000b764000,0x000070000b864000)]
  0x00007fa6b9533000 JavaThread "Cache worker for task history cache (/Users/annascott/AndroidStudioProjects/SmallBusiness/.gradle/4.4/taskHistory)" [_thread_blocked, id=17927, stack(0x000070000b661000,0x000070000b761000)]
  0x00007fa6bd124800 JavaThread "Cache worker for file content cache (/Users/annascott/AndroidStudioProjects/SmallBusiness/.gradle/4.4/fileContent)" [_thread_blocked, id=4103, stack(0x000070000b55e000,0x000070000b65e000)]
  0x00007fa6bdbe3800 JavaThread "Memory manager" [_thread_blocked, id=26115, stack(0x000070000b45b000,0x000070000b55b000)]
  0x00007fa6ba52a800 JavaThread "build operations Thread 8" [_thread_blocked, id=25859, stack(0x000070000b358000,0x000070000b458000)]
  0x00007fa6bdff7000 JavaThread "build operations Thread 7" [_thread_blocked, id=37891, stack(0x000070000b255000,0x000070000b355000)]
  0x00007fa6bd38c800 JavaThread "build operations Thread 6" [_thread_blocked, id=25603, stack(0x000070000b152000,0x000070000b252000)]
  0x00007fa6bf8b1000 JavaThread "build operations Thread 5" [_thread_blocked, id=25091, stack(0x000070000b04f000,0x000070000b14f000)]
  0x00007fa6bd38b800 JavaThread "build operations Thread 4" [_thread_blocked, id=38659, stack(0x000070000af4c000,0x000070000b04c000)]
  0x00007fa6bd38b000 JavaThread "build operations Thread 3" [_thread_blocked, id=38915, stack(0x000070000ae49000,0x000070000af49000)]
  0x00007fa6bab94000 JavaThread "build operations Thread 2" [_thread_blocked, id=24579, stack(0x000070000ad46000,0x000070000ae46000)]
  0x00007fa6ba4be800 JavaThread "build operations" [_thread_blocked, id=39683, stack(0x000070000ac43000,0x000070000ad43000)]
  0x00007fa6bf875000 JavaThread "Cache worker for Artifact transforms cache (/Users/annascott/.gradle/caches/transforms-1)" [_thread_blocked, id=40195, stack(0x000070000ab40000,0x000070000ac40000)]
  0x00007fa6bab29000 JavaThread "Cache worker for file hash cache (/Users/annascott/AndroidStudioProjects/SmallBusiness/.gradle/4.4/fileHashes)" [_thread_blocked, id=40707, stack(0x000070000aa3d000,0x000070000ab3d000)]
  0x00007fa6b93dd000 JavaThread "File lock request listener" [_thread_in_native, id=24323, stack(0x000070000a93a000,0x000070000aa3a000)]
  0x00007fa6b9e01000 JavaThread "Cache worker for file hash cache (/Users/annascott/.gradle/caches/4.4/fileHashes)" [_thread_blocked, id=23811, stack(0x000070000a837000,0x000070000a937000)]
  0x00007fa6bab23000 JavaThread "Stdin handler" [_thread_blocked, id=41219, stack(0x000070000a734000,0x000070000a834000)]
  0x00007fa6ba482000 JavaThread "Asynchronous log dispatcher for DefaultDaemonConnection: socket connection from /127.0.0.1:49500 to /127.0.0.1:49501" [_thread_blocked, id=23299, stack(0x000070000a631000,0x000070000a731000)]
  0x00007fa6bab24000 JavaThread "Daemon worker" [_thread_blocked, id=41987, stack(0x000070000a52e000,0x000070000a62e000)]
  0x00007fa6ba47f800 JavaThread "Cancel handler" [_thread_blocked, id=42499, stack(0x000070000a42b000,0x000070000a52b000)]
  0x00007fa6ba47c800 JavaThread "Handler for socket connection from /127.0.0.1:49500 to /127.0.0.1:49501" [_thread_in_native, id=22787, stack(0x000070000a328000,0x000070000a428000)]
  0x00007fa6ba44d000 JavaThread "Daemon" [_thread_blocked, id=22531, stack(0x000070000a225000,0x000070000a325000)]
  0x00007fa6ba44c000 JavaThread "Daemon periodic checks" [_thread_blocked, id=22019, stack(0x000070000a122000,0x000070000a222000)]
  0x00007fa6ba440800 JavaThread "Incoming local TCP Connector on port 49500" [_thread_in_native, id=43267, stack(0x000070000a01f000,0x000070000a11f000)]
  0x00007fa6ba803800 JavaThread "Service Thread" daemon [_thread_blocked, id=14851, stack(0x0000700009e19000,0x0000700009f19000)]
  0x00007fa6ba00c000 JavaThread "C1 CompilerThread3" daemon [_thread_in_vm, id=14595, stack(0x0000700009d16000,0x0000700009e16000)]
=>0x00007fa6bd000000 JavaThread "C2 CompilerThread2" daemon [_thread_in_native, id=16131, stack(0x0000700009c13000,0x0000700009d13000)]
  0x00007fa6bb801800 JavaThread "C2 CompilerThread1" daemon [_thread_in_native, id=16643, stack(0x0000700009b10000,0x0000700009c10000)]
  0x00007fa6bc800000 JavaThread "C2 CompilerThread0" daemon [_thread_in_native, id=17155, stack(0x0000700009a0d000,0x0000700009b0d000)]
  0x00007fa6ba007000 JavaThread "Signal Dispatcher" daemon [_thread_blocked, id=14347, stack(0x000070000990a000,0x0000700009a0a000)]
  0x00007fa6ba005000 JavaThread "Finalizer" daemon [_thread_blocked, id=12803, stack(0x0000700009784000,0x0000700009884000)]
  0x00007fa6b984c000 JavaThread "Reference Handler" daemon [_thread_blocked, id=12291, stack(0x0000700009681000,0x0000700009781000)]
  0x00007fa6ba805800 JavaThread "main" [_thread_blocked, id=9731, stack(0x0000700008c63000,0x0000700008d63000)]

Other Threads:
  0x00007fa6ba004800 VMThread [stack: 0x000070000957e000,0x000070000967e000] [id=12035]
  0x00007fa6ba83d000 WatcherThread [stack: 0x0000700009f1c000,0x000070000a01c000] [id=15107]

VM state:not at safepoint (normal execution)

VM Mutex/Monitor currently owned by a thread: None

Heap:
 PSYoungGen      total 196096K, used 157400K [0x00000007a0000000, 0x00000007b0c80000, 0x00000007c0000000)
  eden space 174592K, 90% used [0x00000007a0000000,0x00000007a99b6180,0x00000007aaa80000)
  from space 21504K, 0% used [0x00000007aaa80000,0x00000007aaa80000,0x00000007abf80000)
  to   space 22528K, 0% used [0x00000007af680000,0x00000007af680000,0x00000007b0c80000)
 ParOldGen       total 246272K, used 30346K [0x0000000760000000, 0x000000076f080000, 0x00000007a0000000)
  object space 246272K, 12% used [0x0000000760000000,0x0000000761da2b40,0x000000076f080000)
 Metaspace       used 69960K, capacity 73032K, committed 73236K, reserved 1112064K
  class space    used 9377K, capacity 10017K, committed 10044K, reserved 1048576K

Card table byte_map: [0x000000010e828000,0x000000010eb29000] byte_map_base: 0x000000010ad28000

Marking Bits: (ParMarkBitMap*) 0x000000010e1f81c8
 Begin Bits: [0x00000001204ea000, 0x0000000121cea000)
 End Bits:   [0x0000000121cea000, 0x00000001234ea000)

Polling page: 0x000000010c8c0000

CodeCache: size=245760Kb used=26900Kb max_used=26900Kb free=218859Kb
 bounds [0x00000001114ea000, 0x0000000112f5a000, 0x00000001204ea000]
 total_blobs=9499 nmethods=8575 adapters=836
 compilation: enabled

Compilation events (10 events):
Event: 11.735 Thread 0x00007fa6ba00c000 nmethod 9784 0x0000000112f3c810 code [0x0000000112f3c980, 0x0000000112f3cba8]
Event: 11.735 Thread 0x00007fa6ba00c000 9781       3       com.android.tools.r8.dex.VirtualFile$IndexedItemTransaction::getRenamedName (9 bytes)
Event: 11.735 Thread 0x00007fa6ba00c000 nmethod 9781 0x0000000112f3c390 code [0x0000000112f3c500, 0x0000000112f3c728]
Event: 11.735 Thread 0x00007fa6ba00c000 9780       3       com.android.tools.r8.graph.DexValue$DexValueInt::collectIndexedItems (6 bytes)
Event: 11.735 Thread 0x00007fa6ba00c000 nmethod 9780 0x0000000112f3bfd0 code [0x0000000112f3c140, 0x0000000112f3c2f0]
Event: 11.735 Thread 0x00007fa6ba00c000 9572       3       com.android.tools.r8.ir.conversion.JarSourceCode::getPotentialTryHandlers (12 bytes)
Event: 11.736 Thread 0x00007fa6ba00c000 nmethod 9572 0x0000000112f3b910 code [0x0000000112f3baa0, 0x0000000112f3bdb8]
Event: 11.736 Thread 0x00007fa6ba00c000 9642       3       com.android.tools.r8.ir.code.Value::addUser (15 bytes)
Event: 11.736 Thread 0x00007fa6ba00c000 nmethod 9642 0x0000000112f3e290 code [0x0000000112f3e400, 0x0000000112f3e628]
Event: 11.736 Thread 0x00007fa6ba00c000 9643       3       com.android.tools.r8.ir.code.Instruction::addInValue (21 bytes)

GC Heap History (10 events):
Event: 4.740 GC heap before
{Heap before GC invocations=8 (full 2):
 PSYoungGen      total 137728K, used 126976K [0x00000007a0000000, 0x00000007a9c00000, 0x00000007c0000000)
  eden space 126976K, 100% used [0x00000007a0000000,0x00000007a7c00000,0x00000007a7c00000)
  from space 10752K, 0% used [0x00000007a7c00000,0x00000007a7c00000,0x00000007a8680000)
  to   space 13312K, 0% used [0x00000007a8f00000,0x00000007a8f00000,0x00000007a9c00000)
 ParOldGen       total 184320K, used 19333K [0x0000000760000000, 0x000000076b400000, 0x00000007a0000000)
  object space 184320K, 10% used [0x0000000760000000,0x00000007612e1520,0x000000076b400000)
 Metaspace       used 42286K, capacity 43002K, committed 43224K, reserved 1087488K
  class space    used 5840K, capacity 6084K, committed 6144K, reserved 1048576K
Event: 4.750 GC heap after
Heap after GC invocations=8 (full 2):
 PSYoungGen      total 144384K, used 13300K [0x00000007a0000000, 0x00000007ac880000, 0x00000007c0000000)
  eden space 131072K, 0% used [0x00000007a0000000,0x00000007a0000000,0x00000007a8000000)
  from space 13312K, 99% used [0x00000007a8f00000,0x00000007a9bfd2c8,0x00000007a9c00000)
  to   space 15360K, 0% used [0x00000007a8000000,0x00000007a8000000,0x00000007a8f00000)
 ParOldGen       total 184320K, used 19341K [0x0000000760000000, 0x000000076b400000, 0x00000007a0000000)
  object space 184320K, 10% used [0x0000000760000000,0x00000007612e3520,0x000000076b400000)
 Metaspace       used 42286K, capacity 43002K, committed 43224K, reserved 1087488K
  class space    used 5840K, capacity 6084K, committed 6144K, reserved 1048576K
}
Event: 6.536 GC heap before
{Heap before GC invocations=9 (full 2):
 PSYoungGen      total 144384K, used 144372K [0x00000007a0000000, 0x00000007ac880000, 0x00000007c0000000)
  eden space 131072K, 100% used [0x00000007a0000000,0x00000007a8000000,0x00000007a8000000)
  from space 13312K, 99% used [0x00000007a8f00000,0x00000007a9bfd2c8,0x00000007a9c00000)
  to   space 15360K, 0% used [0x00000007a8000000,0x00000007a8000000,0x00000007a8f00000)
 ParOldGen       total 184320K, used 19341K [0x0000000760000000, 0x000000076b400000, 0x00000007a0000000)
  object space 184320K, 10% used [0x0000000760000000,0x00000007612e3520,0x000000076b400000)
 Metaspace       used 53391K, capacity 54860K, committed 55000K, reserved 1097728K
  class space    used 7309K, capacity 7679K, committed 7680K, reserved 1048576K
Event: 6.551 GC heap after
Heap after GC invocations=9 (full 2):
 PSYoungGen      total 146432K, used 15333K [0x00000007a0000000, 0x00000007ad580000, 0x00000007c0000000)
  eden space 131072K, 0% used [0x00000007a0000000,0x00000007a0000000,0x00000007a8000000)
  from space 15360K, 99% used [0x00000007a8000000,0x00000007a8ef9510,0x00000007a8f00000)
  to   space 20480K, 0% used [0x00000007ac180000,0x00000007ac180000,0x00000007ad580000)
 ParOldGen       total 184320K, used 25464K [0x0000000760000000, 0x000000076b400000, 0x00000007a0000000)
  object space 184320K, 13% used [0x0000000760000000,0x00000007618de178,0x000000076b400000)
 Metaspace       used 53391K, capacity 54860K, committed 55000K, reserved 1097728K
  class space    used 7309K, capacity 7679K, committed 7680K, reserved 1048576K
}
Event: 8.416 GC heap before
{Heap before GC invocations=10 (full 2):
 PSYoungGen      total 146432K, used 146405K [0x00000007a0000000, 0x00000007ad580000, 0x00000007c0000000)
  eden space 131072K, 100% used [0x00000007a0000000,0x00000007a8000000,0x00000007a8000000)
  from space 15360K, 99% used [0x00000007a8000000,0x00000007a8ef9510,0x00000007a8f00000)
  to   space 20480K, 0% used [0x00000007ac180000,0x00000007ac180000,0x00000007ad580000)
 ParOldGen       total 184320K, used 25464K [0x0000000760000000, 0x000000076b400000, 0x00000007a0000000)
  object space 184320K, 13% used [0x0000000760000000,0x00000007618de178,0x000000076b400000)
 Metaspace       used 56678K, capacity 58210K, committed 58456K, reserved 1099776K
  class space    used 7621K, capacity 7974K, committed 8064K, reserved 1048576K
Event: 8.429 GC heap after
Heap after GC invocations=10 (full 2):
 PSYoungGen      total 194048K, used 17201K [0x00000007a0000000, 0x00000007ad480000, 0x00000007c0000000)
  eden space 174592K, 0% used [0x00000007a0000000,0x00000007a0000000,0x00000007aaa80000)
  from space 19456K, 88% used [0x00000007ac180000,0x00000007ad24c4b8,0x00000007ad480000)
  to   space 21504K, 0% used [0x00000007aaa80000,0x00000007aaa80000,0x00000007abf80000)
 ParOldGen       total 184320K, used 25472K [0x0000000760000000, 0x000000076b400000, 0x00000007a0000000)
  object space 184320K, 13% used [0x0000000760000000,0x00000007618e0178,0x000000076b400000)
 Metaspace       used 56678K, capacity 58210K, committed 58456K, reserved 1099776K
  class space    used 7621K, capacity 7974K, committed 8064K, reserved 1048576K
}
Event: 8.655 GC heap before
{Heap before GC invocations=11 (full 2):
 PSYoungGen      total 194048K, used 41602K [0x00000007a0000000, 0x00000007ad480000, 0x00000007c0000000)
  eden space 174592K, 13% used [0x00000007a0000000,0x00000007a17d46f8,0x00000007aaa80000)
  from space 19456K, 88% used [0x00000007ac180000,0x00000007ad24c4b8,0x00000007ad480000)
  to   space 21504K, 0% used [0x00000007aaa80000,0x00000007aaa80000,0x00000007abf80000)
 ParOldGen       total 184320K, used 25472K [0x0000000760000000, 0x000000076b400000, 0x00000007a0000000)
  object space 184320K, 13% used [0x0000000760000000,0x00000007618e0178,0x000000076b400000)
 Metaspace       used 57433K, capacity 58970K, committed 59028K, reserved 1099776K
  class space    used 7711K, capacity 8078K, committed 8124K, reserved 1048576K
Event: 8.671 GC heap after
Heap after GC invocations=11 (full 2):
 PSYoungGen      total 196096K, used 17367K [0x00000007a0000000, 0x00000007b0c80000, 0x00000007c0000000)
  eden space 174592K, 0% used [0x00000007a0000000,0x00000007a0000000,0x00000007aaa80000)
  from space 21504K, 80% used [0x00000007aaa80000,0x00000007abb75da8,0x00000007abf80000)
  to   space 22528K, 0% used [0x00000007af680000,0x00000007af680000,0x00000007b0c80000)
 ParOldGen       total 184320K, used 25480K [0x0000000760000000, 0x000000076b400000, 0x00000007a0000000)
  object space 184320K, 13% used [0x0000000760000000,0x00000007618e2178,0x000000076b400000)
 Metaspace       used 57433K, capacity 58970K, committed 59028K, reserved 1099776K
  class space    used 7711K, capacity 8078K, committed 8124K, reserved 1048576K
}
Event: 8.671 GC heap before
{Heap before GC invocations=12 (full 3):
 PSYoungGen      total 196096K, used 17367K [0x00000007a0000000, 0x00000007b0c80000, 0x00000007c0000000)
  eden space 174592K, 0% used [0x00000007a0000000,0x00000007a0000000,0x00000007aaa80000)
  from space 21504K, 80% used [0x00000007aaa80000,0x00000007abb75da8,0x00000007abf80000)
  to   space 22528K, 0% used [0x00000007af680000,0x00000007af680000,0x00000007b0c80000)
 ParOldGen       total 184320K, used 25480K [0x0000000760000000, 0x000000076b400000, 0x00000007a0000000)
  object space 184320K, 13% used [0x0000000760000000,0x00000007618e2178,0x000000076b400000)
 Metaspace       used 57433K, capacity 58970K, committed 59028K, reserved 1099776K
  class space    used 7711K, capacity 8078K, committed 8124K, reserved 1048576K
Event: 8.805 GC heap after
Heap after GC invocations=12 (full 3):
 PSYoungGen      total 196096K, used 0K [0x00000007a0000000, 0x00000007b0c80000, 0x00000007c0000000)
  eden space 174592K, 0% used [0x00000007a0000000,0x00000007a0000000,0x00000007aaa80000)
  from space 21504K, 0% used [0x00000007aaa80000,0x00000007aaa80000,0x00000007abf80000)
  to   space 22528K, 0% used [0x00000007af680000,0x00000007af680000,0x00000007b0c80000)
 ParOldGen       total 246272K, used 30346K [0x0000000760000000, 0x000000076f080000, 0x00000007a0000000)
  object space 246272K, 12% used [0x0000000760000000,0x0000000761da2b40,0x000000076f080000)
 Metaspace       used 57429K, capacity 58958K, committed 59028K, reserved 1099776K
  class space    used 7710K, capacity 8076K, committed 8124K, reserved 1048576K
}

Deoptimization events (10 events):
Event: 11.389 Thread 0x00007fa6ba3b6000 Uncommon trap: reason=unstable_if action=reinterpret pc=0x00000001118fb26c method=java.util.concurrent.ConcurrentHashMap.transfer([Ljava/util/concurrent/ConcurrentHashMap$Node;[Ljava/util/concurrent/ConcurrentHashMap$Node;)V @ 34
Event: 11.390 Thread 0x00007fa6bd109800 Uncommon trap: reason=unstable_if action=reinterpret pc=0x00000001118fb190 method=java.util.concurrent.ConcurrentHashMap.transfer([Ljava/util/concurrent/ConcurrentHashMap$Node;[Ljava/util/concurrent/ConcurrentHashMap$Node;)V @ 351
Event: 11.391 Thread 0x00007fa6ba3b6000 Uncommon trap: reason=unstable_if action=reinterpret pc=0x00000001118e33e4 method=java.util.concurrent.ConcurrentHashMap.transfer([Ljava/util/concurrent/ConcurrentHashMap$Node;[Ljava/util/concurrent/ConcurrentHashMap$Node;)V @ 277
Event: 11.393 Thread 0x00007fa6bcaa7000 Uncommon trap: reason=unstable_if action=reinterpret pc=0x00000001118d0488 method=java.util.concurrent.ConcurrentHashMap.transfer([Ljava/util/concurrent/ConcurrentHashMap$Node;[Ljava/util/concurrent/ConcurrentHashMap$Node;)V @ 277
Event: 11.523 Thread 0x00007fa6bcaa7800 Uncommon trap: reason=unstable_if action=reinterpret pc=0x00000001127a4304 method=java.util.concurrent.ConcurrentHashMap.computeIfAbsent(Ljava/lang/Object;Ljava/util/function/Function;)Ljava/lang/Object; @ 104
Event: 11.662 Thread 0x00007fa6bfc8a000 Uncommon trap: reason=unstable_if action=reinterpret pc=0x0000000111987380 method=java.util.WeakHashMap.remove(Ljava/lang/Object;)Ljava/lang/Object; @ 94
Event: 11.682 Thread 0x00007fa6bca9f000 Uncommon trap: reason=unstable_if action=reinterpret pc=0x0000000111b72bec method=java.lang.StringBuffer.toString()Ljava/lang/String; @ 4
Event: 11.682 Thread 0x00007fa6bd383000 Uncommon trap: reason=unstable_if action=reinterpret pc=0x0000000111b72bec method=java.lang.StringBuffer.toString()Ljava/lang/String; @ 4
Event: 11.682 Thread 0x00007fa6bfc57800 Uncommon trap: reason=unstable_if action=reinterpret pc=0x0000000111b72bec method=java.lang.StringBuffer.toString()Ljava/lang/String; @ 4
Event: 11.682 Thread 0x00007fa6bfc83000 Uncommon trap: reason=unstable_if action=reinterpret pc=0x0000000111b72bec method=java.lang.StringBuffer.toString()Ljava/lang/String; @ 4

Classes redefined (0 events):
No events

Internal exceptions (10 events):
Event: 11.166 Thread 0x00007fa6c0e98800 Exception <a 'sun/nio/fs/UnixException'> (0x00000007a69da700) thrown at [/Volumes/android/AOSP-openjdk-git/jdk8u/hotspot/src/share/vm/prims/jni.cpp, line 709]
Event: 11.173 Thread 0x00007fa6c0e98800 Exception <a 'sun/nio/fs/UnixException'> (0x00000007a6a10a20) thrown at [/Volumes/android/AOSP-openjdk-git/jdk8u/hotspot/src/share/vm/prims/jni.cpp, line 709]
Event: 11.178 Thread 0x00007fa6c0e98800 Exception <a 'sun/nio/fs/UnixException'> (0x00000007a6a42880) thrown at [/Volumes/android/AOSP-openjdk-git/jdk8u/hotspot/src/share/vm/prims/jni.cpp, line 709]
Event: 11.182 Thread 0x00007fa6c0e98800 Exception <a 'sun/nio/fs/UnixException'> (0x00000007a6a76228) thrown at [/Volumes/android/AOSP-openjdk-git/jdk8u/hotspot/src/share/vm/prims/jni.cpp, line 709]
Event: 11.196 Thread 0x00007fa6c0249800 Exception <a 'java/lang/NoSuchMethodError': java.lang.Object.lambda$and$0(Ljava/util/function/Predicate;Ljava/lang/Object;)Z> (0x00000007a6b1f858) thrown at [/Volumes/android/AOSP-openjdk-git/jdk8u/hotspot/src/share/vm/interpreter/linkResolver.cpp, line 5
Event: 11.196 Thread 0x00007fa6bca9f000 Exception <a 'java/lang/NoSuchMethodError': java.lang.Object.lambda$and$0(Ljava/util/function/Predicate;Ljava/lang/Object;)Z> (0x00000007a6bef1a8) thrown at [/Volumes/android/AOSP-openjdk-git/jdk8u/hotspot/src/share/vm/interpreter/linkResolver.cpp, line 5
Event: 11.196 Thread 0x00007fa6bfc57800 Exception <a 'java/lang/NoSuchMethodError': java.lang.Object.lambda$and$0(Ljava/util/function/Predicate;Ljava/lang/Object;)Z> (0x00000007a6ae9648) thrown at [/Volumes/android/AOSP-openjdk-git/jdk8u/hotspot/src/share/vm/interpreter/linkResolver.cpp, line 5
Event: 11.196 Thread 0x00007fa6bd383000 Exception <a 'java/lang/NoSuchMethodError': java.lang.Object.lambda$and$0(Ljava/util/function/Predicate;Ljava/lang/Object;)Z> (0x00000007a6b57f30) thrown at [/Volumes/android/AOSP-openjdk-git/jdk8u/hotspot/src/share/vm/interpreter/linkResolver.cpp, line 5
Event: 11.196 Thread 0x00007fa6bfc83000 Exception <a 'java/lang/NoSuchMethodError': java.lang.Object.lambda$and$0(Ljava/util/function/Predicate;Ljava/lang/Object;)Z> (0x00000007a6c19780) thrown at [/Volumes/android/AOSP-openjdk-git/jdk8u/hotspot/src/share/vm/interpreter/linkResolver.cpp, line 5
Event: 11.199 Thread 0x00007fa6bca9f000 Exception <a 'java/lang/NoSuchMethodError': java.lang.Object.lambda$static$0(Ljava/lang/String;)Z> (0x00000007a6c02a90) thrown at [/Volumes/android/AOSP-openjdk-git/jdk8u/hotspot/src/share/vm/interpreter/linkResolver.cpp, line 584]

Events (10 events):
Event: 11.736 loading class com/android/tools/r8/graph/ObjectToOffsetMapping
Event: 11.736 loading class com/android/tools/r8/graph/ObjectToOffsetMapping done
Event: 11.736 loading class com/android/tools/r8/graph/ObjectToOffsetMapping
Event: 11.736 loading class com/android/tools/r8/graph/ObjectToOffsetMapping done
Event: 11.736 loading class com/android/tools/r8/graph/ObjectToOffsetMapping
Event: 11.736 loading class com/android/tools/r8/graph/ObjectToOffsetMapping done
Event: 11.736 loading class com/android/tools/r8/graph/ObjectToOffsetMapping
Event: 11.736 loading class com/android/tools/r8/graph/ObjectToOffsetMapping done
Event: 11.736 loading class com/android/tools/r8/graph/DexField
Event: 11.736 loading class com/android/tools/r8/graph/DexField done


Dynamic libraries:
0x000000001c2fe000 	/System/Library/Frameworks/Cocoa.framework/Versions/A/Cocoa
0x000000001c2fe000 	/System/Library/Frameworks/Security.framework/Versions/A/Security
0x000000001c2fe000 	/System/Library/Frameworks/ApplicationServices.framework/Versions/A/ApplicationServices
0x000000001c2fe000 	/usr/lib/libz.1.dylib
0x000000001c2fe000 	/usr/lib/libSystem.B.dylib
0x000000001c2fe000 	/System/Library/Frameworks/CoreFoundation.framework/Versions/A/CoreFoundation
0x000000001c2fe000 	/System/Library/Frameworks/Foundation.framework/Versions/C/Foundation
0x000000001c2fe000 	/usr/lib/libobjc.A.dylib
0x000000001c2fe000 	/System/Library/Frameworks/AppKit.framework/Versions/C/AppKit
0x000000001c2fe000 	/System/Library/Frameworks/CoreData.framework/Versions/A/CoreData
0x000000001c2fe000 	/System/Library/PrivateFrameworks/RemoteViewServices.framework/Versions/A/RemoteViewServices
0x000000001c2fe000 	/System/Library/PrivateFrameworks/UIFoundation.framework/Versions/A/UIFoundation
0x000000001c2fe000 	/System/Library/PrivateFrameworks/DFRFoundation.framework/Versions/A/DFRFoundation
0x000000001c2fe000 	/System/Library/Frameworks/Metal.framework/Versions/A/Metal
0x000000001c2fe000 	/System/Library/PrivateFrameworks/DesktopServicesPriv.framework/Versions/A/DesktopServicesPriv
0x000000001c2fe000 	/usr/lib/libenergytrace.dylib
0x000000001c2fe000 	/System/Library/PrivateFrameworks/SkyLight.framework/Versions/A/SkyLight
0x000000001c2fe000 	/System/Library/Frameworks/CoreGraphics.framework/Versions/A/CoreGraphics
0x000000001c2fe000 	/usr/lib/libScreenReader.dylib
0x000000001c2fe000 	/System/Library/Frameworks/Accelerate.framework/Versions/A/Accelerate
0x000000001c2fe000 	/System/Library/Frameworks/IOSurface.framework/Versions/A/IOSurface
0x000000001c2fe000 	/System/Library/Frameworks/AudioToolbox.framework/Versions/A/AudioToolbox
0x000000001c2fe000 	/System/Library/Frameworks/AudioUnit.framework/Versions/A/AudioUnit
0x000000001c2fe000 	/System/Library/PrivateFrameworks/DataDetectorsCore.framework/Versions/A/DataDetectorsCore
0x000000001c2fe000 	/System/Library/Frameworks/Carbon.framework/Versions/A/Frameworks/HIToolbox.framework/Versions/A/HIToolbox
0x000000001c2fe000 	/usr/lib/libicucore.A.dylib
0x000000001c2fe000 	/System/Library/Frameworks/QuartzCore.framework/Versions/A/QuartzCore
0x000000001c2fe000 	/System/Library/Frameworks/Carbon.framework/Versions/A/Frameworks/SpeechRecognition.framework/Versions/A/SpeechRecognition
0x000000001c2fe000 	/usr/lib/libauto.dylib
0x000000001c2fe000 	/usr/lib/libxml2.2.dylib
0x000000001c2fe000 	/System/Library/PrivateFrameworks/CoreUI.framework/Versions/A/CoreUI
0x000000001c2fe000 	/System/Library/Frameworks/CoreAudio.framework/Versions/A/CoreAudio
0x000000001c2fe000 	/System/Library/Frameworks/DiskArbitration.framework/Versions/A/DiskArbitration
0x000000001c2fe000 	/usr/lib/liblangid.dylib
0x000000001c2fe000 	/System/Library/PrivateFrameworks/MultitouchSupport.framework/Versions/A/MultitouchSupport
0x000000001c2fe000 	/System/Library/Frameworks/IOKit.framework/Versions/A/IOKit
0x000000001c2fe000 	/usr/lib/libDiagnosticMessagesClient.dylib
0x000000001c2fe000 	/System/Library/Frameworks/CoreServices.framework/Versions/A/CoreServices
0x000000001c2fe000 	/System/Library/PrivateFrameworks/PerformanceAnalysis.framework/Versions/A/PerformanceAnalysis
0x000000001c2fe000 	/System/Library/Frameworks/OpenGL.framework/Versions/A/OpenGL
0x000000001c2fe000 	/System/Library/Frameworks/ColorSync.framework/Versions/A/ColorSync
0x000000001c2fe000 	/System/Library/Frameworks/CoreImage.framework/Versions/A/CoreImage
0x000000001c2fe000 	/System/Library/Frameworks/CoreText.framework/Versions/A/CoreText
0x000000001c2fe000 	/System/Library/Frameworks/ImageIO.framework/Versions/A/ImageIO
0x000000001c2fe000 	/System/Library/PrivateFrameworks/Backup.framework/Versions/A/Backup
0x000000001c2fe000 	/usr/lib/libarchive.2.dylib
0x000000001c2fe000 	/System/Library/Frameworks/CFNetwork.framework/Versions/A/CFNetwork
0x000000001c2fe000 	/System/Library/Frameworks/SystemConfiguration.framework/Versions/A/SystemConfiguration
0x000000001c2fe000 	/usr/lib/libCRFSuite.dylib
0x000000001c2fe000 	/usr/lib/libc++.1.dylib
0x000000001c2fe000 	/usr/lib/libc++abi.dylib
0x000000001c2fe000 	/usr/lib/system/libcache.dylib
0x000000001c2fe000 	/usr/lib/system/libcommonCrypto.dylib
0x000000001c2fe000 	/usr/lib/system/libcompiler_rt.dylib
0x000000001c2fe000 	/usr/lib/system/libcopyfile.dylib
0x000000001c2fe000 	/usr/lib/system/libcorecrypto.dylib
0x000000001c2fe000 	/usr/lib/system/libdispatch.dylib
0x000000001c2fe000 	/usr/lib/system/libdyld.dylib
0x000000001c2fe000 	/usr/lib/system/libkeymgr.dylib
0x000000001c2fe000 	/usr/lib/system/liblaunch.dylib
0x000000001c2fe000 	/usr/lib/system/libmacho.dylib
0x000000001c2fe000 	/usr/lib/system/libquarantine.dylib
0x000000001c2fe000 	/usr/lib/system/libremovefile.dylib
0x000000001c2fe000 	/usr/lib/system/libsystem_asl.dylib
0x000000001c2fe000 	/usr/lib/system/libsystem_blocks.dylib
0x000000001c2fe000 	/usr/lib/system/libsystem_c.dylib
0x000000001c2fe000 	/usr/lib/system/libsystem_configuration.dylib
0x000000001c2fe000 	/usr/lib/system/libsystem_coreservices.dylib
0x000000001c2fe000 	/usr/lib/system/libsystem_darwin.dylib
0x000000001c2fe000 	/usr/lib/system/libsystem_dnssd.dylib
0x000000001c2fe000 	/usr/lib/system/libsystem_info.dylib
0x000000001c2fe000 	/usr/lib/system/libsystem_m.dylib
0x000000001c2fe000 	/usr/lib/system/libsystem_malloc.dylib
0x000000001c2fe000 	/usr/lib/system/libsystem_network.dylib
0x000000001c2fe000 	/usr/lib/system/libsystem_networkextension.dylib
0x000000001c2fe000 	/usr/lib/system/libsystem_notify.dylib
0x000000001c2fe000 	/usr/lib/system/libsystem_sandbox.dylib
0x000000001c2fe000 	/usr/lib/system/libsystem_secinit.dylib
0x000000001c2fe000 	/usr/lib/system/libsystem_kernel.dylib
0x000000001c2fe000 	/usr/lib/system/libsystem_platform.dylib
0x000000001c2fe000 	/usr/lib/system/libsystem_pthread.dylib
0x000000001c2fe000 	/usr/lib/system/libsystem_symptoms.dylib
0x000000001c2fe000 	/usr/lib/system/libsystem_trace.dylib
0x000000001c2fe000 	/usr/lib/system/libunwind.dylib
0x000000001c2fe000 	/usr/lib/system/libxpc.dylib
0x000000001c2fe000 	/usr/lib/closure/libclosured.dylib
0x000000001c2fe000 	/usr/lib/libbsm.0.dylib
0x000000001c2fe000 	/usr/lib/system/libkxld.dylib
0x000000001c2fe000 	/usr/lib/libOpenScriptingUtil.dylib
0x000000001c2fe000 	/usr/lib/libcoretls.dylib
0x000000001c2fe000 	/usr/lib/libcoretls_cfhelpers.dylib
0x000000001c2fe000 	/usr/lib/libpam.2.dylib
0x000000001c2fe000 	/usr/lib/libsqlite3.dylib
0x000000001c2fe000 	/usr/lib/libxar.1.dylib
0x000000001c2fe000 	/usr/lib/libbz2.1.0.dylib
0x000000001c2fe000 	/usr/lib/liblzma.5.dylib
0x000000001c2fe000 	/usr/lib/libnetwork.dylib
0x000000001c2fe000 	/usr/lib/libapple_nghttp2.dylib
0x000000001c2fe000 	/usr/lib/libpcap.A.dylib
0x000000001c2fe000 	/usr/lib/libboringssl.dylib
0x000000001c2fe000 	/usr/lib/libusrtcp.dylib
0x000000001c2fe000 	/usr/lib/libapple_crypto.dylib
0x000000001c2fe000 	/System/Library/Frameworks/CoreServices.framework/Versions/A/Frameworks/FSEvents.framework/Versions/A/FSEvents
0x000000001c2fe000 	/System/Library/Frameworks/CoreServices.framework/Versions/A/Frameworks/CarbonCore.framework/Versions/A/CarbonCore
0x000000001c2fe000 	/System/Library/Frameworks/CoreServices.framework/Versions/A/Frameworks/Metadata.framework/Versions/A/Metadata
0x000000001c2fe000 	/System/Library/Frameworks/CoreServices.framework/Versions/A/Frameworks/OSServices.framework/Versions/A/OSServices
0x000000001c2fe000 	/System/Library/Frameworks/CoreServices.framework/Versions/A/Frameworks/SearchKit.framework/Versions/A/SearchKit
0x000000001c2fe000 	/System/Library/Frameworks/CoreServices.framework/Versions/A/Frameworks/AE.framework/Versions/A/AE
0x000000001c2fe000 	/System/Library/Frameworks/CoreServices.framework/Versions/A/Frameworks/LaunchServices.framework/Versions/A/LaunchServices
0x000000001c2fe000 	/System/Library/Frameworks/CoreServices.framework/Versions/A/Frameworks/DictionaryServices.framework/Versions/A/DictionaryServices
0x000000001c2fe000 	/System/Library/Frameworks/CoreServices.framework/Versions/A/Frameworks/SharedFileList.framework/Versions/A/SharedFileList
0x000000001c2fe000 	/System/Library/Frameworks/NetFS.framework/Versions/A/NetFS
0x000000001c2fe000 	/System/Library/PrivateFrameworks/NetAuth.framework/Versions/A/NetAuth
0x000000001c2fe000 	/System/Library/PrivateFrameworks/login.framework/Versions/A/Frameworks/loginsupport.framework/Versions/A/loginsupport
0x000000001c2fe000 	/System/Library/PrivateFrameworks/TCC.framework/Versions/A/TCC
0x000000001c2fe000 	/usr/lib/libmecabra.dylib
0x000000001c2fe000 	/System/Library/Frameworks/ApplicationServices.framework/Versions/A/Frameworks/ATS.framework/Versions/A/ATS
0x000000001c2fe000 	/System/Library/Frameworks/ApplicationServices.framework/Versions/A/Frameworks/ColorSyncLegacy.framework/Versions/A/ColorSyncLegacy
0x000000001c2fe000 	/System/Library/Frameworks/ApplicationServices.framework/Versions/A/Frameworks/HIServices.framework/Versions/A/HIServices
0x000000001c2fe000 	/System/Library/Frameworks/ApplicationServices.framework/Versions/A/Frameworks/LangAnalysis.framework/Versions/A/LangAnalysis
0x000000001c2fe000 	/System/Library/Frameworks/ApplicationServices.framework/Versions/A/Frameworks/PrintCore.framework/Versions/A/PrintCore
0x000000001c2fe000 	/System/Library/Frameworks/ApplicationServices.framework/Versions/A/Frameworks/QD.framework/Versions/A/QD
0x000000001c2fe000 	/System/Library/Frameworks/ApplicationServices.framework/Versions/A/Frameworks/SpeechSynthesis.framework/Versions/A/SpeechSynthesis
0x000000001c2fe000 	/System/Library/Frameworks/CoreDisplay.framework/Versions/A/CoreDisplay
0x000000001c2fe000 	/System/Library/Frameworks/Accelerate.framework/Versions/A/Frameworks/vImage.framework/Versions/A/vImage
0x000000001c2fe000 	/System/Library/Frameworks/Accelerate.framework/Versions/A/Frameworks/vecLib.framework/Versions/A/vecLib
0x000000001c2fe000 	/System/Library/Frameworks/Accelerate.framework/Versions/A/Frameworks/vecLib.framework/Versions/A/libvDSP.dylib
0x000000001c2fe000 	/System/Library/Frameworks/Accelerate.framework/Versions/A/Frameworks/vecLib.framework/Versions/A/libBNNS.dylib
0x000000001c2fe000 	/System/Library/Frameworks/Accelerate.framework/Versions/A/Frameworks/vecLib.framework/Versions/A/libQuadrature.dylib
0x000000001c2fe000 	/System/Library/Frameworks/Accelerate.framework/Versions/A/Frameworks/vecLib.framework/Versions/A/libvMisc.dylib
0x000000001c2fe000 	/System/Library/Frameworks/Accelerate.framework/Versions/A/Frameworks/vecLib.framework/Versions/A/libLAPACK.dylib
0x000000001c2fe000 	/System/Library/Frameworks/Accelerate.framework/Versions/A/Frameworks/vecLib.framework/Versions/A/libBLAS.dylib
0x000000001c2fe000 	/System/Library/Frameworks/Accelerate.framework/Versions/A/Frameworks/vecLib.framework/Versions/A/libLinearAlgebra.dylib
0x000000001c2fe000 	/System/Library/Frameworks/Accelerate.framework/Versions/A/Frameworks/vecLib.framework/Versions/A/libSparse.dylib
0x000000001c2fe000 	/System/Library/Frameworks/Accelerate.framework/Versions/A/Frameworks/vecLib.framework/Versions/A/libSparseBLAS.dylib
0x000000001c2fe000 	/System/Library/PrivateFrameworks/IOAccelerator.framework/Versions/A/IOAccelerator
0x000000001c2fe000 	/System/Library/PrivateFrameworks/IOPresentment.framework/Versions/A/IOPresentment
0x000000001c2fe000 	/System/Library/PrivateFrameworks/DSExternalDisplay.framework/Versions/A/DSExternalDisplay
0x000000001c2fe000 	/System/Library/Frameworks/OpenGL.framework/Versions/A/Libraries/libCoreFSCache.dylib
0x000000001c2fe000 	/System/Library/Frameworks/CoreVideo.framework/Versions/A/CoreVideo
0x000000001c2fe000 	/System/Library/PrivateFrameworks/GraphVisualizer.framework/Versions/A/GraphVisualizer
0x000000001c2fe000 	/System/Library/Frameworks/MetalPerformanceShaders.framework/Versions/A/MetalPerformanceShaders
0x000000001c2fe000 	/usr/lib/libFosl_dynamic.dylib
0x000000001c2fe000 	/System/Library/PrivateFrameworks/FaceCore.framework/Versions/A/FaceCore
0x000000001c2fe000 	/System/Library/Frameworks/OpenCL.framework/Versions/A/OpenCL
0x000000001c2fe000 	/usr/lib/libcompression.dylib
0x000000001c2fe000 	/System/Library/Frameworks/ApplicationServices.framework/Versions/A/Frameworks/ATS.framework/Versions/A/Resources/libFontParser.dylib
0x000000001c2fe000 	/System/Library/Frameworks/ApplicationServices.framework/Versions/A/Frameworks/ATS.framework/Versions/A/Resources/libFontRegistry.dylib
0x000000001c2fe000 	/System/Library/Frameworks/ImageIO.framework/Versions/A/Resources/libJPEG.dylib
0x000000001c2fe000 	/System/Library/Frameworks/ImageIO.framework/Versions/A/Resources/libTIFF.dylib
0x000000001c2fe000 	/System/Library/Frameworks/ImageIO.framework/Versions/A/Resources/libPng.dylib
0x000000001c2fe000 	/System/Library/Frameworks/ImageIO.framework/Versions/A/Resources/libGIF.dylib
0x000000001c2fe000 	/System/Library/Frameworks/ImageIO.framework/Versions/A/Resources/libJP2.dylib
0x000000001c2fe000 	/System/Library/Frameworks/ImageIO.framework/Versions/A/Resources/libRadiance.dylib
0x000000001c2fe000 	/System/Library/PrivateFrameworks/AppleJPEG.framework/Versions/A/AppleJPEG
0x000000001c2fe000 	/System/Library/PrivateFrameworks/MetalTools.framework/Versions/A/MetalTools
0x000000001c2fe000 	/System/Library/Frameworks/MetalPerformanceShaders.framework/Frameworks/MPSCore.framework/Versions/A/MPSCore
0x000000001c2fe000 	/System/Library/Frameworks/MetalPerformanceShaders.framework/Frameworks/MPSImage.framework/Versions/A/MPSImage
0x000000001c2fe000 	/System/Library/Frameworks/MetalPerformanceShaders.framework/Frameworks/MPSMatrix.framework/Versions/A/MPSMatrix
0x000000001c2fe000 	/System/Library/Frameworks/MetalPerformanceShaders.framework/Frameworks/MPSNeuralNetwork.framework/Versions/A/MPSNeuralNetwork
0x000000001c2fe000 	/System/Library/Frameworks/OpenGL.framework/Versions/A/Libraries/libGLU.dylib
0x000000001c2fe000 	/System/Library/Frameworks/OpenGL.framework/Versions/A/Libraries/libGFXShared.dylib
0x000000001c2fe000 	/System/Library/Frameworks/OpenGL.framework/Versions/A/Libraries/libGL.dylib
0x000000001c2fe000 	/System/Library/Frameworks/OpenGL.framework/Versions/A/Libraries/libGLImage.dylib
0x000000001c2fe000 	/System/Library/Frameworks/OpenGL.framework/Versions/A/Libraries/libCVMSPluginSupport.dylib
0x000000001c2fe000 	/System/Library/Frameworks/OpenGL.framework/Versions/A/Libraries/libCoreVMClient.dylib
0x000000001c2fe000 	/usr/lib/libcups.2.dylib
0x000000001c2fe000 	/System/Library/Frameworks/Kerberos.framework/Versions/A/Kerberos
0x000000001c2fe000 	/System/Library/Frameworks/GSS.framework/Versions/A/GSS
0x000000001c2fe000 	/usr/lib/libresolv.9.dylib
0x000000001c2fe000 	/usr/lib/libiconv.2.dylib
0x000000001c2fe000 	/System/Library/PrivateFrameworks/Heimdal.framework/Versions/A/Heimdal
0x000000001c2fe000 	/usr/lib/libheimdal-asn1.dylib
0x000000001c2fe000 	/System/Library/Frameworks/OpenDirectory.framework/Versions/A/OpenDirectory
0x000000001c2fe000 	/System/Library/PrivateFrameworks/CommonAuth.framework/Versions/A/CommonAuth
0x000000001c2fe000 	/System/Library/Frameworks/OpenDirectory.framework/Versions/A/Frameworks/CFOpenDirectory.framework/Versions/A/CFOpenDirectory
0x000000001c2fe000 	/System/Library/Frameworks/SecurityFoundation.framework/Versions/A/SecurityFoundation
0x000000001c2fe000 	/System/Library/PrivateFrameworks/APFS.framework/Versions/A/APFS
0x000000001c2fe000 	/usr/lib/libutil.dylib
0x000000001c2fe000 	/System/Library/PrivateFrameworks/AppleSauce.framework/Versions/A/AppleSauce
0x000000001c2fe000 	/System/Library/PrivateFrameworks/LinguisticData.framework/Versions/A/LinguisticData
0x000000001c2fe000 	/usr/lib/libmarisa.dylib
0x000000001c2fe000 	/System/Library/PrivateFrameworks/Lexicon.framework/Versions/A/Lexicon
0x000000001c2fe000 	/usr/lib/libChineseTokenizer.dylib
0x000000001c2fe000 	/usr/lib/libcmph.dylib
0x000000001c2fe000 	/System/Library/PrivateFrameworks/LanguageModeling.framework/Versions/A/LanguageModeling
0x000000001c2fe000 	/System/Library/PrivateFrameworks/CoreEmoji.framework/Versions/A/CoreEmoji
0x000000001c2fe000 	/System/Library/Frameworks/ServiceManagement.framework/Versions/A/ServiceManagement
0x000000001c2fe000 	/System/Library/PrivateFrameworks/BackgroundTaskManagement.framework/Versions/A/BackgroundTaskManagement
0x000000001c2fe000 	/usr/lib/libxslt.1.dylib
0x000000001c2fe000 	/System/Library/Frameworks/Carbon.framework/Versions/A/Frameworks/Ink.framework/Versions/A/Ink
0x000000001c2fe000 	/System/Library/PrivateFrameworks/TextureIO.framework/Versions/A/TextureIO
0x000000001c2fe000 	/usr/lib/libate.dylib
0x000000001c2fe000 	/System/Library/PrivateFrameworks/CrashReporterSupport.framework/Versions/A/CrashReporterSupport
0x000000001c2fe000 	/System/Library/PrivateFrameworks/Sharing.framework/Versions/A/Sharing
0x000000001c2fe000 	/System/Library/PrivateFrameworks/IconServices.framework/Versions/A/IconServices
0x000000001c2fe000 	/System/Library/PrivateFrameworks/ProtocolBuffer.framework/Versions/A/ProtocolBuffer
0x000000001c2fe000 	/System/Library/PrivateFrameworks/Apple80211.framework/Versions/A/Apple80211
0x000000001c2fe000 	/System/Library/Frameworks/CoreWLAN.framework/Versions/A/CoreWLAN
0x000000001c2fe000 	/System/Library/PrivateFrameworks/CoreUtils.framework/Versions/A/CoreUtils
0x000000001c2fe000 	/System/Library/Frameworks/IOBluetooth.framework/Versions/A/IOBluetooth
0x000000001c2fe000 	/System/Library/PrivateFrameworks/CoreWiFi.framework/Versions/A/CoreWiFi
0x000000001c2fe000 	/System/Library/Frameworks/CoreBluetooth.framework/Versions/A/CoreBluetooth
0x000000001c2fe000 	/System/Library/PrivateFrameworks/SignpostNotification.framework/Versions/A/SignpostNotification
0x000000001c2fe000 	/System/Library/PrivateFrameworks/DebugSymbols.framework/Versions/A/DebugSymbols
0x000000001c2fe000 	/System/Library/PrivateFrameworks/CoreSymbolication.framework/Versions/A/CoreSymbolication
0x000000001c2fe000 	/System/Library/PrivateFrameworks/Symbolication.framework/Versions/A/Symbolication
0x000000001c2fe000 	/System/Library/PrivateFrameworks/AppleFSCompression.framework/Versions/A/AppleFSCompression
0x000000001c2fe000 	/System/Library/PrivateFrameworks/SpeechRecognitionCore.framework/Versions/A/SpeechRecognitionCore
0x000000010da00000 	/Applications/Android Studio.app/Contents/jre/jdk/Contents/Home/jre/lib/server/libjvm.dylib
0x000000001c2fe000 	/usr/lib/libstdc++.6.0.9.dylib
0x000000010c880000 	/Applications/Android Studio.app/Contents/jre/jdk/Contents/Home/jre/lib/libverify.dylib
0x000000010c88c000 	/Applications/Android Studio.app/Contents/jre/jdk/Contents/Home/jre/lib/libjava.dylib
0x000000010c90a000 	/Applications/Android Studio.app/Contents/jre/jdk/Contents/Home/jre/lib/libzip.dylib
0x0000000123c99000 	/Applications/Android Studio.app/Contents/jre/jdk/Contents/Home/jre/lib/libnet.dylib
0x0000000123d35000 	/Applications/Android Studio.app/Contents/jre/jdk/Contents/Home/jre/lib/libnio.dylib
0x0000000123f1d000 	/Users/annascott/.gradle/native/25/osx-amd64/libnative-platform.dylib
0x00000001242e3000 	/Applications/Android Studio.app/Contents/jre/jdk/Contents/Home/jre/lib/libmanagement.dylib
0x0000000124dd2000 	/Applications/Android Studio.app/Contents/jre/jdk/Contents/Home/jre/lib/libawt.dylib
0x0000000125337000 	/Applications/Android Studio.app/Contents/jre/jdk/Contents/Home/jre/lib/./libmlib_image.dylib
0x000000001c2fe000 	/System/Library/Frameworks/JavaVM.framework/Versions/A/Frameworks/JavaNativeFoundation.framework/Versions/A/JavaNativeFoundation
0x000000001c2fe000 	/System/Library/Frameworks/JavaVM.framework/Versions/A/Frameworks/JavaRuntimeSupport.framework/Versions/A/JavaRuntimeSupport
0x000000001c2fe000 	/System/Library/Frameworks/JavaVM.framework/Versions/A/JavaVM
0x000000001c2fe000 	/System/Library/PrivateFrameworks/JavaLaunching.framework/Versions/A/JavaLaunching
0x000000001c2fe000 	/System/Library/Frameworks/Carbon.framework/Versions/A/Carbon
0x000000001c2fe000 	/System/Library/Frameworks/Carbon.framework/Versions/A/Frameworks/CommonPanels.framework/Versions/A/CommonPanels
0x000000001c2fe000 	/System/Library/Frameworks/Carbon.framework/Versions/A/Frameworks/Help.framework/Versions/A/Help
0x000000001c2fe000 	/System/Library/Frameworks/Carbon.framework/Versions/A/Frameworks/ImageCapture.framework/Versions/A/ImageCapture
0x000000001c2fe000 	/System/Library/Frameworks/Carbon.framework/Versions/A/Frameworks/OpenScripting.framework/Versions/A/OpenScripting
0x000000001c2fe000 	/System/Library/Frameworks/Carbon.framework/Versions/A/Frameworks/Print.framework/Versions/A/Print
0x000000001c2fe000 	/System/Library/Frameworks/Carbon.framework/Versions/A/Frameworks/SecurityHI.framework/Versions/A/SecurityHI
0x00000001254c8000 	/Applications/Android Studio.app/Contents/jre/jdk/Contents/Home/jre/lib/libawt_lwawt.dylib
0x0000000123e45000 	/Applications/Android Studio.app/Contents/jre/jdk/Contents/Home/jre/lib/./libosxapp.dylib
0x000000001c2fe000 	/System/Library/Frameworks/ExceptionHandling.framework/Versions/A/ExceptionHandling

VM Arguments:
jvm_args: -Xmx1536m -Dfile.encoding=UTF-8 -Duser.country=US -Duser.language=en -Duser.variant 
java_command: org.gradle.launcher.daemon.bootstrap.GradleDaemon 4.4
java_class_path (initial): /Users/annascott/.gradle/wrapper/dists/gradle-4.4-all/9br9xq1tocpiv8o6njlyu5op1/gradle-4.4/lib/gradle-launcher-4.4.jar
Launcher Type: SUN_STANDARD

Environment Variables:
PATH=/usr/local/bin:/usr/bin:/bin:/usr/sbin:/sbin
SHELL=/bin/bash

Signal Handlers:
SIGSEGV: [libjvm.dylib+0x53f567], sa_mask[0]=11111111011111110111111111111111, sa_flags=SA_ONSTACK|SA_RESTART|SA_SIGINFO
SIGBUS: [libjvm.dylib+0x53f567], sa_mask[0]=11111111011111110111111111111111, sa_flags=SA_RESTART|SA_SIGINFO
SIGFPE: [libjvm.dylib+0x437adf], sa_mask[0]=11111111011111110111111111111111, sa_flags=SA_RESTART|SA_SIGINFO
SIGPIPE: [libjvm.dylib+0x437adf], sa_mask[0]=11111111011111110111111111111111, sa_flags=SA_RESTART|SA_SIGINFO
SIGXFSZ: [libjvm.dylib+0x437adf], sa_mask[0]=11111111011111110111111111111111, sa_flags=SA_RESTART|SA_SIGINFO
SIGILL: [libjvm.dylib+0x437adf], sa_mask[0]=11111111011111110111111111111111, sa_flags=SA_RESTART|SA_SIGINFO
SIGUSR1: SIG_DFL, sa_mask[0]=00000000000000000000000000000000, sa_flags=none
SIGUSR2: [libjvm.dylib+0x438404], sa_mask[0]=00100000000000000000000000000000, sa_flags=SA_RESTART|SA_SIGINFO
SIGHUP: [libjvm.dylib+0x4365f9], sa_mask[0]=11111111011111110111111111111111, sa_flags=SA_RESTART|SA_SIGINFO
SIGINT: [libjvm.dylib+0x4365f9], sa_mask[0]=11111111011111110111111111111111, sa_flags=SA_RESTART|SA_SIGINFO
SIGTERM: [libjvm.dylib+0x4365f9], sa_mask[0]=11111111011111110111111111111111, sa_flags=SA_RESTART|SA_SIGINFO
SIGQUIT: [libjvm.dylib+0x4365f9], sa_mask[0]=11111111011111110111111111111111, sa_flags=SA_RESTART|SA_SIGINFO


---------------  S Y S T E M  ---------------

OS:Bsduname:Darwin 17.3.0 Darwin Kernel Version 17.3.0: Thu Nov  9 18:09:22 PST 2017; root:xnu-4570.31.3~1/RELEASE_X86_64 x86_64
rlimit: STACK 8192k, CORE 0k, NPROC 1418, NOFILE 10240, AS infinity
load average:3.31 2.48 1.53

CPU:total 8 (initial active 8) (4 cores per cpu, 2 threads per core) family 6 model 94 stepping 3, cmov, cx8, fxsr, mmx, sse, sse2, sse3, ssse3, sse4.1, sse4.2, popcnt, avx, avx2, aes, clmul, erms, rtm, 3dnowpref, lzcnt, ht, tsc, tscinvbit, bmi1, bmi2, adx

Memory: 4k page, physical 16777216k(1796416k free)

/proc/meminfo:


vm_info: OpenJDK 64-Bit Server VM (25.152-b01) for bsd-amd64 JRE (1.8.0_152-release-1024-b01), built by "builder" with gcc 4.2.1 Compatible Apple LLVM 8.1.0 (clang-802.0.42)

time: Fri Apr 27 14:31:04 2018
elapsed time: 11 seconds (0d 0h 0m 11s)

