#
# A fatal error has been detected by the Java Runtime Environment:
#
#  SIGSEGV (0xb) at pc=0x00000001019935d2, pid=559, tid=0x0000000000003a03
#
# JRE version: OpenJDK Runtime Environment (8.0_152-b01) (build 1.8.0_152-release-1024-b01)
# Java VM: OpenJDK 64-Bit Server VM (25.152-b01 mixed mode bsd-amd64 compressed oops)
# Problematic frame:
# V  [libjvm.dylib+0x3935d2]  PhaseIdealLoop::idom_no_update(Node*) const+0x12
#
# Failed to write core dump. Core dumps have been disabled. To enable core dumping, try "ulimit -c unlimited" before starting Java again
#
# If you would like to submit a bug report, please visit:
#   http://bugreport.java.com/bugreport/crash.jsp
#

---------------  T H R E A D  ---------------

Current thread (0x00007f8fdf007000):  JavaThread "C2 CompilerThread2" daemon [_thread_in_native, id=14851, stack(0x0000700008f80000,0x0000700009080000)]

siginfo: si_signo: 11 (SIGSEGV), si_code: 0 (unknown), si_addr: 0x0000000000000000

Registers:
RAX=0x80007f8fe0419098, RBX=0x00007f8fe04191a0, RCX=0x0000000118d4a010, RDX=0x00007f8fe04191a0
RSP=0x000070000907c0a0, RBP=0x000070000907c0a0, RSI=0x00007f8fe04191a0, RDI=0x000070000907cf50
R8 =0x0000000101de1a28, R9 =0xffffffff00000000, R10=0x0000000101de1a20, R11=0xfffffffffc2d5c80
R12=0x000070000907cf50, R13=0x000000000000001e, R14=0x000000000000059f, R15=0x00007f8fe087ccb0
RIP=0x00000001019935d2, EFLAGS=0x0000000000010287, ERR=0x0000000000000000
  TRAPNO=0x000000000000000d

Top of Stack: (sp=0x000070000907c0a0)
0x000070000907c0a0:   000070000907c0e0 00000001019994ee
0x000070000907c0b0:   00007f8fe0419298 00007f8fe0419080
0x000070000907c0c0:   00007f8fe087ccb0 000070000907cf50
0x000070000907c0d0:   00007f8fe04191a0 000070000907c100
0x000070000907c0e0:   000070000907c150 000000010199b6ca
0x000070000907c0f0:   000070000907c130 00007f8fe087f008
0x000070000907c100:   00007f8fdd307880 0000000000000400
0x000070000907c110:   00007f8fddaae610 00000000000000d0
0x000070000907c120:   00007f8fe087e090 000070000907cf50
0x000070000907c130:   000070000907cf50 0000000000000003
0x000070000907c140:   00007f8fe087f008 00007f8fe087ccb0
0x000070000907c150:   000070000907c190 000000010199baea
0x000070000907c160:   0000000000000001 000070000907cf50
0x000070000907c170:   0000000000000003 0000000000000003
0x000070000907c180:   00007f8fe087f008 000070000907c440
0x000070000907c190:   000070000907c1f0 000000010199a5f7
0x000070000907c1a0:   000070000907c1d0 000070000907d908
0x000070000907c1b0:   000070000907c460 000070000907c440
0x000070000907c1c0:   000070000907c490 000070000907c460
0x000070000907c1d0:   00007f8fdb4106e0 0000000000000008
0x000070000907c1e0:   000070000907cf50 000070000907c490
0x000070000907c1f0:   000070000907c4f0 0000000101999abc
0x000070000907c200:   00007f8fdd307880 0000000000000004
0x000070000907c210:   00007f8fdc48ec10 0000000100000000
0x000070000907c220:   0000000000000000 0000000100499000
0x000070000907c230:   0000000000020010 0000000000020010
0x000070000907c240:   000070000907c310 00007fff6b7213e1
0x000070000907c250:   000070000907c270 0000000101b145f6
0x000070000907c260:   00007f8fdc17cdc0 00007f8fe089f788
0x000070000907c270:   000070000907c2a0 0000000101b158aa
0x000070000907c280:   0000000101dbd778 00007f8fdd45dbe0
0x000070000907c290:   0000000000000000 0000000000000000 

Instructions: (pc=0x00000001019935d2)
0x00000001019935b2:   3c d8 5b 41 5c 41 5e 41 5f 5d c3 90 90 90 55 48
0x00000001019935c2:   89 e5 8b 46 28 48 8b 8f f8 09 00 00 48 8b 04 c1
0x00000001019935d2:   48 8b 48 08 48 83 39 00 75 24 8b 4f 28 8b 40 28
0x00000001019935e2:   39 c1 76 0a 48 8b 57 30 48 8b 04 c2 eb 02 31 c0 

Register to memory mapping:

RAX=0x80007f8fe0419098 is an unknown value
RBX=0x00007f8fe04191a0 is an unknown value
RCX=0x0000000118d4a010 is an unknown value
RDX=0x00007f8fe04191a0 is an unknown value
RSP=0x000070000907c0a0 is pointing into the stack for thread: 0x00007f8fdf007000
RBP=0x000070000907c0a0 is pointing into the stack for thread: 0x00007f8fdf007000
RSI=0x00007f8fe04191a0 is an unknown value
RDI=0x000070000907cf50 is pointing into the stack for thread: 0x00007f8fdf007000
R8 =0x0000000101de1a28: _ZL8tc_mutex+0x20 in /Applications/Android Studio.app/Contents/jre/jdk/Contents/Home/jre/lib/server/libjvm.dylib at 0x0000000101600000
R9 =0xffffffff00000000 is an unknown value
R10=0x0000000101de1a20: _ZL8tc_mutex+0x18 in /Applications/Android Studio.app/Contents/jre/jdk/Contents/Home/jre/lib/server/libjvm.dylib at 0x0000000101600000
R11=0xfffffffffc2d5c80 is an unknown value
R12=0x000070000907cf50 is pointing into the stack for thread: 0x00007f8fdf007000
R13=0x000000000000001e is an unknown value
R14=0x000000000000059f is an unknown value
R15=0x00007f8fe087ccb0 is an unknown value


Stack: [0x0000700008f80000,0x0000700009080000],  sp=0x000070000907c0a0,  free space=1008k
Native frames: (J=compiled Java code, j=interpreted, Vv=VM code, C=native code)
V  [libjvm.dylib+0x3935d2]  PhaseIdealLoop::idom_no_update(Node*) const+0x12
V  [libjvm.dylib+0x3994ee]  PhaseIdealLoop::is_dominator(Node*, Node*)+0x42
V  [libjvm.dylib+0x39b6ca]  PhaseIdealLoop::get_late_ctrl(Node*, Node*)+0x170
V  [libjvm.dylib+0x39baea]  PhaseIdealLoop::build_loop_late_post(Node*)+0x114
V  [libjvm.dylib+0x39a5f7]  PhaseIdealLoop::build_loop_late(VectorSet&, Node_List&, Node_Stack&)+0x16d
V  [libjvm.dylib+0x399abc]  PhaseIdealLoop::build_and_optimize(bool, bool)+0x59a
V  [libjvm.dylib+0x196556]  Compile::Optimize()+0x78e
V  [libjvm.dylib+0x1952ec]  Compile::Compile(ciEnv*, C2Compiler*, ciMethod*, int, bool, bool, bool)+0x95e
V  [libjvm.dylib+0x13b9da]  C2Compiler::compile_method(ciEnv*, ciMethod*, int)+0xa4
V  [libjvm.dylib+0x1a067a]  CompileBroker::invoke_compiler_on_method(CompileTask*)+0x564
V  [libjvm.dylib+0x19fc78]  CompileBroker::compiler_thread_loop()+0x270
V  [libjvm.dylib+0x505e88]  JavaThread::thread_main_inner()+0x82
V  [libjvm.dylib+0x505d4d]  JavaThread::run()+0x199
V  [libjvm.dylib+0x435709]  java_start(Thread*)+0xfa
C  [libsystem_pthread.dylib+0x36c1]  _pthread_body+0x154
C  [libsystem_pthread.dylib+0x356d]  _pthread_body+0x0
C  [libsystem_pthread.dylib+0x2c5d]  thread_start+0xd
C  0x0000000000000000


Current CompileTask:
C2:   3403 2623       4       groovy.lang.MetaClassImpl$1MOPIter::methodNameAction (479 bytes)


---------------  P R O C E S S  ---------------

Java Threads: ( => current thread )
  0x00007f8fdf686000 JavaThread "build operations Thread 8" [_thread_blocked, id=36099, stack(0x000070000a6c5000,0x000070000a7c5000)]
  0x00007f8fdc538000 JavaThread "build operations Thread 7" [_thread_blocked, id=24323, stack(0x000070000a5c2000,0x000070000a6c2000)]
  0x00007f8fe0f71800 JavaThread "build operations Thread 6" [_thread_blocked, id=36867, stack(0x000070000a4bf000,0x000070000a5bf000)]
  0x00007f8fe0f4e000 JavaThread "build operations Thread 5" [_thread_blocked, id=37379, stack(0x000070000a3bc000,0x000070000a4bc000)]
  0x00007f8fdc537000 JavaThread "build operations Thread 4" [_thread_blocked, id=37635, stack(0x000070000a2b9000,0x000070000a3b9000)]
  0x00007f8fe1a8c800 JavaThread "build operations Thread 3" [_thread_blocked, id=23811, stack(0x000070000a1b6000,0x000070000a2b6000)]
  0x00007f8fe1a8b800 JavaThread "build operations Thread 2" [_thread_blocked, id=38147, stack(0x000070000a0b3000,0x000070000a1b3000)]
  0x00007f8fdf771000 JavaThread "build operations" [_thread_blocked, id=38659, stack(0x0000700009fb0000,0x000070000a0b0000)]
  0x00007f8fdde3c800 JavaThread "Cache worker for Artifact transforms cache (/Users/annascott/.gradle/caches/transforms-1)" [_thread_blocked, id=39171, stack(0x0000700009ead000,0x0000700009fad000)]
  0x00007f8fdddbf000 JavaThread "Cache worker for file hash cache (/Users/annascott/AndroidStudioProjects/SmallBusiness/.gradle/4.4/fileHashes)" [_thread_blocked, id=23299, stack(0x0000700009daa000,0x0000700009eaa000)]
  0x00007f8fdf35d800 JavaThread "File lock request listener" [_thread_in_native, id=39939, stack(0x0000700009ca7000,0x0000700009da7000)]
  0x00007f8fdf34a800 JavaThread "Cache worker for file hash cache (/Users/annascott/.gradle/caches/4.4/fileHashes)" [_thread_blocked, id=23043, stack(0x0000700009ba4000,0x0000700009ca4000)]
  0x00007f8fdddb2000 JavaThread "Stdin handler" [_thread_blocked, id=40707, stack(0x0000700009aa1000,0x0000700009ba1000)]
  0x00007f8fdec92800 JavaThread "Asynchronous log dispatcher for DefaultDaemonConnection: socket connection from /127.0.0.1:49470 to /127.0.0.1:49471" [_thread_blocked, id=22787, stack(0x000070000999e000,0x0000700009a9e000)]
  0x00007f8fdf2ee800 JavaThread "Daemon worker" [_thread_in_Java, id=41219, stack(0x000070000989b000,0x000070000999b000)]
  0x00007f8fdddaf000 JavaThread "Cancel handler" [_thread_blocked, id=22275, stack(0x0000700009798000,0x0000700009898000)]
  0x00007f8fdf2eb000 JavaThread "Handler for socket connection from /127.0.0.1:49470 to /127.0.0.1:49471" [_thread_in_native, id=41987, stack(0x0000700009695000,0x0000700009795000)]
  0x00007f8fddd93800 JavaThread "Daemon" [_thread_blocked, id=42499, stack(0x0000700009592000,0x0000700009692000)]
  0x00007f8fddd8d000 JavaThread "Daemon periodic checks" [_thread_blocked, id=42755, stack(0x000070000948f000,0x000070000958f000)]
  0x00007f8fdc2b3000 JavaThread "Incoming local TCP Connector on port 49470" [_thread_in_native, id=43267, stack(0x000070000938c000,0x000070000948c000)]
  0x00007f8fdd827000 JavaThread "Service Thread" daemon [_thread_blocked, id=15875, stack(0x0000700009186000,0x0000700009286000)]
  0x00007f8fdf008000 JavaThread "C1 CompilerThread3" daemon [_thread_blocked, id=15363, stack(0x0000700009083000,0x0000700009183000)]
=>0x00007f8fdf007000 JavaThread "C2 CompilerThread2" daemon [_thread_in_native, id=14851, stack(0x0000700008f80000,0x0000700009080000)]
  0x00007f8fdf006000 JavaThread "C2 CompilerThread1" daemon [_thread_in_native, id=14339, stack(0x0000700008e7d000,0x0000700008f7d000)]
  0x00007f8fdf003800 JavaThread "C2 CompilerThread0" daemon [_thread_in_native, id=14083, stack(0x0000700008d7a000,0x0000700008e7a000)]
  0x00007f8fde830800 JavaThread "Signal Dispatcher" daemon [_thread_blocked, id=17163, stack(0x0000700008c77000,0x0000700008d77000)]
  0x00007f8fdc002000 JavaThread "Finalizer" daemon [_thread_blocked, id=18947, stack(0x0000700008b74000,0x0000700008c74000)]
  0x00007f8fdd826800 JavaThread "Reference Handler" daemon [_thread_blocked, id=19459, stack(0x0000700008a71000,0x0000700008b71000)]
  0x00007f8fdd806000 JavaThread "main" [_thread_blocked, id=9731, stack(0x0000700008053000,0x0000700008153000)]

Other Threads:
  0x00007f8fde830000 VMThread [stack: 0x000070000896e000,0x0000700008a6e000] [id=19971]
  0x00007f8fdd828000 WatcherThread [stack: 0x0000700009289000,0x0000700009389000] [id=16131]

VM state:not at safepoint (normal execution)

VM Mutex/Monitor currently owned by a thread: None

Heap:
 PSYoungGen      total 104960K, used 76027K [0x00000007a0000000, 0x00000007a9180000, 0x00000007c0000000)
  eden space 97792K, 70% used [0x00000007a0000000,0x00000007a439efa8,0x00000007a5f80000)
  from space 7168K, 94% used [0x00000007a8a80000,0x00000007a911ff28,0x00000007a9180000)
  to   space 10752K, 0% used [0x00000007a7c80000,0x00000007a7c80000,0x00000007a8700000)
 ParOldGen       total 109056K, used 8723K [0x0000000760000000, 0x0000000766a80000, 0x00000007a0000000)
  object space 109056K, 7% used [0x0000000760000000,0x0000000760884cd0,0x0000000766a80000)
 Metaspace       used 29730K, capacity 30324K, committed 30592K, reserved 1075200K
  class space    used 4173K, capacity 4365K, committed 4480K, reserved 1048576K

Card table byte_map: [0x0000000102428000,0x0000000102729000] byte_map_base: 0x00000000fe928000

Marking Bits: (ParMarkBitMap*) 0x0000000101df81c8
 Begin Bits: [0x0000000102929000, 0x0000000104129000)
 End Bits:   [0x0000000104129000, 0x0000000105929000)

Polling page: 0x00000001004fe000

CodeCache: size=245760Kb used=9695Kb max_used=9707Kb free=236064Kb
 bounds [0x0000000107b6b000, 0x00000001084fb000, 0x0000000116b6b000]
 total_blobs=3407 nmethods=2761 adapters=560
 compilation: enabled

Compilation events (10 events):
Event: 3.374 Thread 0x00007f8fdf008000 2758   !   3       sun.reflect.GeneratedMethodAccessor3::invoke (76 bytes)
Event: 3.374 Thread 0x00007f8fdf008000 nmethod 2758 0x00000001084d8b50 code [0x00000001084d8d60, 0x00000001084d9658]
Event: 3.374 Thread 0x00007f8fdf008000 2759   !   3       java.io.ObjectOutputStream::writeOrdinaryObject (175 bytes)
Event: 3.376 Thread 0x00007f8fdf008000 nmethod 2759 0x00000001084d6f50 code [0x00000001084d7200, 0x00000001084d7ee8]
Event: 3.376 Thread 0x00007f8fdf008000 2760   !   3       org.gradle.internal.logging.sink.OutputEventRenderer::onOutput (109 bytes)
Event: 3.377 Thread 0x00007f8fdf008000 nmethod 2760 0x00000001084dd1d0 code [0x00000001084dd420, 0x00000001084de828]
Event: 3.383 Thread 0x00007f8fdf008000 2762       3       com.google.common.collect.MapMakerInternalMap::putIfAbsent (29 bytes)
Event: 3.384 Thread 0x00007f8fdf008000 nmethod 2762 0x00000001084d6190 code [0x00000001084d6380, 0x00000001084d6b98]
Event: 3.384 Thread 0x00007f8fdf008000 2763   !   3       com.google.common.collect.MapMakerInternalMap$Segment::put (386 bytes)
Event: 3.390 Thread 0x00007f8fdf008000 nmethod 2763 0x00000001084dee50 code [0x00000001084df3e0, 0x00000001084e3348]

GC Heap History (10 events):
Event: 0.887 GC heap before
{Heap before GC invocations=1 (full 0):
 PSYoungGen      total 76288K, used 65536K [0x00000007a0000000, 0x00000007a5500000, 0x00000007c0000000)
  eden space 65536K, 100% used [0x00000007a0000000,0x00000007a4000000,0x00000007a4000000)
  from space 10752K, 0% used [0x00000007a4a80000,0x00000007a4a80000,0x00000007a5500000)
  to   space 10752K, 0% used [0x00000007a4000000,0x00000007a4000000,0x00000007a4a80000)
 ParOldGen       total 175104K, used 0K [0x0000000760000000, 0x000000076ab00000, 0x00000007a0000000)
  object space 175104K, 0% used [0x0000000760000000,0x0000000760000000,0x000000076ab00000)
 Metaspace       used 10646K, capacity 10984K, committed 11136K, reserved 1058816K
  class space    used 1429K, capacity 1550K, committed 1664K, reserved 1048576K
Event: 0.894 GC heap after
Heap after GC invocations=1 (full 0):
 PSYoungGen      total 76288K, used 7788K [0x00000007a0000000, 0x00000007a5500000, 0x00000007c0000000)
  eden space 65536K, 0% used [0x00000007a0000000,0x00000007a0000000,0x00000007a4000000)
  from space 10752K, 72% used [0x00000007a4000000,0x00000007a479b2d0,0x00000007a4a80000)
  to   space 10752K, 0% used [0x00000007a4a80000,0x00000007a4a80000,0x00000007a5500000)
 ParOldGen       total 175104K, used 16K [0x0000000760000000, 0x000000076ab00000, 0x00000007a0000000)
  object space 175104K, 0% used [0x0000000760000000,0x0000000760004000,0x000000076ab00000)
 Metaspace       used 10646K, capacity 10984K, committed 11136K, reserved 1058816K
  class space    used 1429K, capacity 1550K, committed 1664K, reserved 1048576K
}
Event: 1.444 GC heap before
{Heap before GC invocations=2 (full 0):
 PSYoungGen      total 76288K, used 73324K [0x00000007a0000000, 0x00000007a5500000, 0x00000007c0000000)
  eden space 65536K, 100% used [0x00000007a0000000,0x00000007a4000000,0x00000007a4000000)
  from space 10752K, 72% used [0x00000007a4000000,0x00000007a479b2d0,0x00000007a4a80000)
  to   space 10752K, 0% used [0x00000007a4a80000,0x00000007a4a80000,0x00000007a5500000)
 ParOldGen       total 175104K, used 16K [0x0000000760000000, 0x000000076ab00000, 0x00000007a0000000)
  object space 175104K, 0% used [0x0000000760000000,0x0000000760004000,0x000000076ab00000)
 Metaspace       used 16661K, capacity 17004K, committed 17152K, reserved 1064960K
  class space    used 2414K, capacity 2542K, committed 2560K, reserved 1048576K
Event: 1.454 GC heap after
Heap after GC invocations=2 (full 0):
 PSYoungGen      total 76288K, used 10420K [0x00000007a0000000, 0x00000007a9500000, 0x00000007c0000000)
  eden space 65536K, 0% used [0x00000007a0000000,0x00000007a0000000,0x00000007a4000000)
  from space 10752K, 96% used [0x00000007a4a80000,0x00000007a54ad280,0x00000007a5500000)
  to   space 10752K, 0% used [0x00000007a4000000,0x00000007a4000000,0x00000007a4a80000)
 ParOldGen       total 175104K, used 24K [0x0000000760000000, 0x000000076ab00000, 0x00000007a0000000)
  object space 175104K, 0% used [0x0000000760000000,0x0000000760006000,0x000000076ab00000)
 Metaspace       used 16661K, capacity 17004K, committed 17152K, reserved 1064960K
  class space    used 2414K, capacity 2542K, committed 2560K, reserved 1048576K
}
Event: 1.773 GC heap before
{Heap before GC invocations=3 (full 0):
 PSYoungGen      total 76288K, used 32843K [0x00000007a0000000, 0x00000007a9500000, 0x00000007c0000000)
  eden space 65536K, 34% used [0x00000007a0000000,0x00000007a15e5b18,0x00000007a4000000)
  from space 10752K, 96% used [0x00000007a4a80000,0x00000007a54ad280,0x00000007a5500000)
  to   space 10752K, 0% used [0x00000007a4000000,0x00000007a4000000,0x00000007a4a80000)
 ParOldGen       total 175104K, used 24K [0x0000000760000000, 0x000000076ab00000, 0x00000007a0000000)
  object space 175104K, 0% used [0x0000000760000000,0x0000000760006000,0x000000076ab00000)
 Metaspace       used 20736K, capacity 21102K, committed 21248K, reserved 1067008K
  class space    used 2914K, capacity 3069K, committed 3072K, reserved 1048576K
Event: 1.781 GC heap after
Heap after GC invocations=3 (full 0):
 PSYoungGen      total 76288K, used 9021K [0x00000007a0000000, 0x00000007a9500000, 0x00000007c0000000)
  eden space 65536K, 0% used [0x00000007a0000000,0x00000007a0000000,0x00000007a4000000)
  from space 10752K, 83% used [0x00000007a4000000,0x00000007a48cf5c0,0x00000007a4a80000)
  to   space 10752K, 0% used [0x00000007a8a80000,0x00000007a8a80000,0x00000007a9500000)
 ParOldGen       total 175104K, used 32K [0x0000000760000000, 0x000000076ab00000, 0x00000007a0000000)
  object space 175104K, 0% used [0x0000000760000000,0x0000000760008000,0x000000076ab00000)
 Metaspace       used 20736K, capacity 21102K, committed 21248K, reserved 1067008K
  class space    used 2914K, capacity 3069K, committed 3072K, reserved 1048576K
}
Event: 1.781 GC heap before
{Heap before GC invocations=4 (full 1):
 PSYoungGen      total 76288K, used 9021K [0x00000007a0000000, 0x00000007a9500000, 0x00000007c0000000)
  eden space 65536K, 0% used [0x00000007a0000000,0x00000007a0000000,0x00000007a4000000)
  from space 10752K, 83% used [0x00000007a4000000,0x00000007a48cf5c0,0x00000007a4a80000)
  to   space 10752K, 0% used [0x00000007a8a80000,0x00000007a8a80000,0x00000007a9500000)
 ParOldGen       total 175104K, used 32K [0x0000000760000000, 0x000000076ab00000, 0x00000007a0000000)
  object space 175104K, 0% used [0x0000000760000000,0x0000000760008000,0x000000076ab00000)
 Metaspace       used 20736K, capacity 21102K, committed 21248K, reserved 1067008K
  class space    used 2914K, capacity 3069K, committed 3072K, reserved 1048576K
Event: 1.813 GC heap after
Heap after GC invocations=4 (full 1):
 PSYoungGen      total 76288K, used 0K [0x00000007a0000000, 0x00000007a9500000, 0x00000007c0000000)
  eden space 65536K, 0% used [0x00000007a0000000,0x00000007a0000000,0x00000007a4000000)
  from space 10752K, 0% used [0x00000007a4000000,0x00000007a4000000,0x00000007a4a80000)
  to   space 10752K, 0% used [0x00000007a8a80000,0x00000007a8a80000,0x00000007a9500000)
 ParOldGen       total 109056K, used 8715K [0x0000000760000000, 0x0000000766a80000, 0x00000007a0000000)
  object space 109056K, 7% used [0x0000000760000000,0x0000000760882cd0,0x0000000766a80000)
 Metaspace       used 20736K, capacity 21102K, committed 21248K, reserved 1067008K
  class space    used 2914K, capacity 3069K, committed 3072K, reserved 1048576K
}
Event: 2.629 GC heap before
{Heap before GC invocations=5 (full 1):
 PSYoungGen      total 76288K, used 65536K [0x00000007a0000000, 0x00000007a9500000, 0x00000007c0000000)
  eden space 65536K, 100% used [0x00000007a0000000,0x00000007a4000000,0x00000007a4000000)
  from space 10752K, 0% used [0x00000007a4000000,0x00000007a4000000,0x00000007a4a80000)
  to   space 10752K, 0% used [0x00000007a8a80000,0x00000007a8a80000,0x00000007a9500000)
 ParOldGen       total 109056K, used 8715K [0x0000000760000000, 0x0000000766a80000, 0x00000007a0000000)
  object space 109056K, 7% used [0x0000000760000000,0x0000000760882cd0,0x0000000766a80000)
 Metaspace       used 26233K, capacity 26766K, committed 27136K, reserved 1073152K
  class space    used 3632K, capacity 3796K, committed 3840K, reserved 1048576K
Event: 2.645 GC heap after
Heap after GC invocations=5 (full 1):
 PSYoungGen      total 104960K, used 6783K [0x00000007a0000000, 0x00000007a9180000, 0x00000007c0000000)
  eden space 97792K, 0% used [0x00000007a0000000,0x00000007a0000000,0x00000007a5f80000)
  from space 7168K, 94% used [0x00000007a8a80000,0x00000007a911ff28,0x00000007a9180000)
  to   space 10752K, 0% used [0x00000007a7c80000,0x00000007a7c80000,0x00000007a8700000)
 ParOldGen       total 109056K, used 8723K [0x0000000760000000, 0x0000000766a80000, 0x00000007a0000000)
  object space 109056K, 7% used [0x0000000760000000,0x0000000760884cd0,0x0000000766a80000)
 Metaspace       used 26233K, capacity 26766K, committed 27136K, reserved 1073152K
  class space    used 3632K, capacity 3796K, committed 3840K, reserved 1048576K
}

Deoptimization events (10 events):
Event: 2.428 Thread 0x00007f8fdf2ee800 Uncommon trap: reason=class_check action=maybe_recompile pc=0x0000000108040de4 method=sun.misc.URLClassPath.getLoader(I)Lsun/misc/URLClassPath$Loader; @ 94
Event: 2.432 Thread 0x00007f8fdf2ee800 Uncommon trap: reason=class_check action=maybe_recompile pc=0x000000010805178c method=sun.misc.URLClassPath.getLoader(I)Lsun/misc/URLClassPath$Loader; @ 239
Event: 2.518 Thread 0x00007f8fdf2ee800 Uncommon trap: reason=unstable_if action=reinterpret pc=0x0000000107de7998 method=java.io.UnixFileSystem.resolve(Ljava/lang/String;Ljava/lang/String;)Ljava/lang/String; @ 18
Event: 2.831 Thread 0x00007f8fdf2ee800 Uncommon trap: reason=unstable_if action=reinterpret pc=0x000000010825e4cc method=java.net.URI.match(CJJ)Z @ 45
Event: 3.066 Thread 0x00007f8fe1a8c800 Uncommon trap: reason=unstable_if action=reinterpret pc=0x0000000107fba690 method=java.util.concurrent.ConcurrentHashMap.putVal(Ljava/lang/Object;Ljava/lang/Object;Z)Ljava/lang/Object; @ 98
Event: 3.069 Thread 0x00007f8fdc537000 Uncommon trap: reason=unstable_if action=reinterpret pc=0x00000001083f2808 method=com.esotericsoftware.kryo.io.Output.writeString(Ljava/lang/CharSequence;)V @ 1
Event: 3.191 Thread 0x00007f8fdf2ee800 Uncommon trap: reason=unstable_if action=reinterpret pc=0x0000000107e13890 method=java.util.jar.JarFile.match([C[B[I[I)Z @ 29
Event: 3.230 Thread 0x00007f8fdf2ee800 Uncommon trap: reason=unstable_if action=reinterpret pc=0x00000001083aed94 method=java.net.URLClassLoader.isSealed(Ljava/lang/String;Ljava/util/jar/Manifest;)Z @ 26
Event: 3.231 Thread 0x00007f8fdf2ee800 Uncommon trap: reason=unstable_if action=reinterpret pc=0x0000000108336960 method=java.net.URLClassLoader.isSealed(Ljava/lang/String;Ljava/util/jar/Manifest;)Z @ 26
Event: 3.268 Thread 0x00007f8fdf2ee800 Uncommon trap: reason=range_check action=make_not_entrant pc=0x000000010835b028 method=java.lang.String.charAt(I)C @ 27

Classes redefined (0 events):
No events

Internal exceptions (10 events):
Event: 3.313 Thread 0x00007f8fdf2ee800 Exception <a 'java/lang/ClassNotFoundException': org/gradle/api/internal/AbstractTaskBeanInfo> (0x00000007a3d3bd38) thrown at [/Volumes/android/AOSP-openjdk-git/jdk8u/hotspot/src/share/vm/classfile/systemDictionary.cpp, line 210]
Event: 3.315 Thread 0x00007f8fdf2ee800 Exception <a 'java/lang/ClassNotFoundException': org/gradle/api/internal/AbstractTaskCustomizer> (0x00000007a3d662c8) thrown at [/Volumes/android/AOSP-openjdk-git/jdk8u/hotspot/src/share/vm/classfile/systemDictionary.cpp, line 210]
Event: 3.320 Thread 0x00007f8fdf2ee800 Exception <a 'java/lang/ClassNotFoundException': org/gradle/api/DefaultTaskCustomizer> (0x00000007a3deeaf0) thrown at [/Volumes/android/AOSP-openjdk-git/jdk8u/hotspot/src/share/vm/classfile/systemDictionary.cpp, line 210]
Event: 3.322 Thread 0x00007f8fdf2ee800 Exception <a 'java/lang/ClassNotFoundException': org/gradle/api/internal/ConventionTaskCustomizer> (0x00000007a3e28970) thrown at [/Volumes/android/AOSP-openjdk-git/jdk8u/hotspot/src/share/vm/classfile/systemDictionary.cpp, line 210]
Event: 3.324 Thread 0x00007f8fdf2ee800 Exception <a 'java/lang/ClassNotFoundException': org/gradle/api/tasks/DeleteCustomizer> (0x00000007a3e60620) thrown at [/Volumes/android/AOSP-openjdk-git/jdk8u/hotspot/src/share/vm/classfile/systemDictionary.cpp, line 210]
Event: 3.326 Thread 0x00007f8fdf2ee800 Exception <a 'java/lang/ClassNotFoundException': org/gradle/api/tasks/Delete_DecoratedCustomizer> (0x00000007a3ea5d30) thrown at [/Volumes/android/AOSP-openjdk-git/jdk8u/hotspot/src/share/vm/classfile/systemDictionary.cpp, line 210]
Event: 3.354 Thread 0x00007f8fdf2ee800 Exception <a 'java/lang/ClassNotFoundException': build_33be0vw84iyso7a259cgwru82BeanInfo> (0x00000007a3fd6998) thrown at [/Volumes/android/AOSP-openjdk-git/jdk8u/hotspot/src/share/vm/classfile/systemDictionary.cpp, line 210]
Event: 3.354 Thread 0x00007f8fdf2ee800 Exception <a 'java/lang/ClassNotFoundException': build_33be0vw84iyso7a259cgwru82Customizer> (0x00000007a3fe1650) thrown at [/Volumes/android/AOSP-openjdk-git/jdk8u/hotspot/src/share/vm/classfile/systemDictionary.cpp, line 210]
Event: 3.358 Thread 0x00007f8fdf2ee800 Exception <a 'java/lang/ClassNotFoundException': org/gradle/api/internal/plugins/DefaultObjectConfigurationActionBeanInfo> (0x00000007a4047300) thrown at [/Volumes/android/AOSP-openjdk-git/jdk8u/hotspot/src/share/vm/classfile/systemDictionary.cpp, line 21
Event: 3.359 Thread 0x00007f8fdf2ee800 Exception <a 'java/lang/ClassNotFoundException': org/gradle/api/internal/plugins/DefaultObjectConfigurationActionCustomizer> (0x00000007a40b2ec8) thrown at [/Volumes/android/AOSP-openjdk-git/jdk8u/hotspot/src/share/vm/classfile/systemDictionary.cpp, line 

Events (10 events):
Event: 3.385 loading class com/android/builder/model/DataBindingOptions
Event: 3.385 loading class com/android/builder/model/DataBindingOptions done
Event: 3.385 loading class com/android/build/gradle/internal/dsl/CoreBuildType
Event: 3.385 loading class com/android/build/gradle/internal/dsl/CoreBuildType done
Event: 3.386 loading class com/android/builder/model/BuildType
Event: 3.386 loading class com/android/builder/model/BuildType done
Event: 3.387 loading class com/android/builder/model/BaseConfig
Event: 3.387 loading class com/android/builder/model/BaseConfig done
Event: 3.389 loading class com/android/utils/ILogger
Event: 3.389 loading class com/android/utils/ILogger done


Dynamic libraries:
0x000000001c2fe000 	/System/Library/Frameworks/Cocoa.framework/Versions/A/Cocoa
0x000000001c2fe000 	/System/Library/Frameworks/Security.framework/Versions/A/Security
0x000000001c2fe000 	/System/Library/Frameworks/ApplicationServices.framework/Versions/A/ApplicationServices
0x000000001c2fe000 	/usr/lib/libz.1.dylib
0x000000001c2fe000 	/usr/lib/libSystem.B.dylib
0x000000001c2fe000 	/System/Library/Frameworks/CoreFoundation.framework/Versions/A/CoreFoundation
0x000000001c2fe000 	/System/Library/Frameworks/Foundation.framework/Versions/C/Foundation
0x000000001c2fe000 	/usr/lib/libobjc.A.dylib
0x000000001c2fe000 	/System/Library/Frameworks/AppKit.framework/Versions/C/AppKit
0x000000001c2fe000 	/System/Library/Frameworks/CoreData.framework/Versions/A/CoreData
0x000000001c2fe000 	/System/Library/PrivateFrameworks/RemoteViewServices.framework/Versions/A/RemoteViewServices
0x000000001c2fe000 	/System/Library/PrivateFrameworks/UIFoundation.framework/Versions/A/UIFoundation
0x000000001c2fe000 	/System/Library/PrivateFrameworks/DFRFoundation.framework/Versions/A/DFRFoundation
0x000000001c2fe000 	/System/Library/Frameworks/Metal.framework/Versions/A/Metal
0x000000001c2fe000 	/System/Library/PrivateFrameworks/DesktopServicesPriv.framework/Versions/A/DesktopServicesPriv
0x000000001c2fe000 	/usr/lib/libenergytrace.dylib
0x000000001c2fe000 	/System/Library/PrivateFrameworks/SkyLight.framework/Versions/A/SkyLight
0x000000001c2fe000 	/System/Library/Frameworks/CoreGraphics.framework/Versions/A/CoreGraphics
0x000000001c2fe000 	/usr/lib/libScreenReader.dylib
0x000000001c2fe000 	/System/Library/Frameworks/Accelerate.framework/Versions/A/Accelerate
0x000000001c2fe000 	/System/Library/Frameworks/IOSurface.framework/Versions/A/IOSurface
0x000000001c2fe000 	/System/Library/Frameworks/AudioToolbox.framework/Versions/A/AudioToolbox
0x000000001c2fe000 	/System/Library/Frameworks/AudioUnit.framework/Versions/A/AudioUnit
0x000000001c2fe000 	/System/Library/PrivateFrameworks/DataDetectorsCore.framework/Versions/A/DataDetectorsCore
0x000000001c2fe000 	/System/Library/Frameworks/Carbon.framework/Versions/A/Frameworks/HIToolbox.framework/Versions/A/HIToolbox
0x000000001c2fe000 	/usr/lib/libicucore.A.dylib
0x000000001c2fe000 	/System/Library/Frameworks/QuartzCore.framework/Versions/A/QuartzCore
0x000000001c2fe000 	/System/Library/Frameworks/Carbon.framework/Versions/A/Frameworks/SpeechRecognition.framework/Versions/A/SpeechRecognition
0x000000001c2fe000 	/usr/lib/libauto.dylib
0x000000001c2fe000 	/usr/lib/libxml2.2.dylib
0x000000001c2fe000 	/System/Library/PrivateFrameworks/CoreUI.framework/Versions/A/CoreUI
0x000000001c2fe000 	/System/Library/Frameworks/CoreAudio.framework/Versions/A/CoreAudio
0x000000001c2fe000 	/System/Library/Frameworks/DiskArbitration.framework/Versions/A/DiskArbitration
0x000000001c2fe000 	/usr/lib/liblangid.dylib
0x000000001c2fe000 	/System/Library/PrivateFrameworks/MultitouchSupport.framework/Versions/A/MultitouchSupport
0x000000001c2fe000 	/System/Library/Frameworks/IOKit.framework/Versions/A/IOKit
0x000000001c2fe000 	/usr/lib/libDiagnosticMessagesClient.dylib
0x000000001c2fe000 	/System/Library/Frameworks/CoreServices.framework/Versions/A/CoreServices
0x000000001c2fe000 	/System/Library/PrivateFrameworks/PerformanceAnalysis.framework/Versions/A/PerformanceAnalysis
0x000000001c2fe000 	/System/Library/Frameworks/OpenGL.framework/Versions/A/OpenGL
0x000000001c2fe000 	/System/Library/Frameworks/ColorSync.framework/Versions/A/ColorSync
0x000000001c2fe000 	/System/Library/Frameworks/CoreImage.framework/Versions/A/CoreImage
0x000000001c2fe000 	/System/Library/Frameworks/CoreText.framework/Versions/A/CoreText
0x000000001c2fe000 	/System/Library/Frameworks/ImageIO.framework/Versions/A/ImageIO
0x000000001c2fe000 	/System/Library/PrivateFrameworks/Backup.framework/Versions/A/Backup
0x000000001c2fe000 	/usr/lib/libarchive.2.dylib
0x000000001c2fe000 	/System/Library/Frameworks/CFNetwork.framework/Versions/A/CFNetwork
0x000000001c2fe000 	/System/Library/Frameworks/SystemConfiguration.framework/Versions/A/SystemConfiguration
0x000000001c2fe000 	/usr/lib/libCRFSuite.dylib
0x000000001c2fe000 	/usr/lib/libc++.1.dylib
0x000000001c2fe000 	/usr/lib/libc++abi.dylib
0x000000001c2fe000 	/usr/lib/system/libcache.dylib
0x000000001c2fe000 	/usr/lib/system/libcommonCrypto.dylib
0x000000001c2fe000 	/usr/lib/system/libcompiler_rt.dylib
0x000000001c2fe000 	/usr/lib/system/libcopyfile.dylib
0x000000001c2fe000 	/usr/lib/system/libcorecrypto.dylib
0x000000001c2fe000 	/usr/lib/system/libdispatch.dylib
0x000000001c2fe000 	/usr/lib/system/libdyld.dylib
0x000000001c2fe000 	/usr/lib/system/libkeymgr.dylib
0x000000001c2fe000 	/usr/lib/system/liblaunch.dylib
0x000000001c2fe000 	/usr/lib/system/libmacho.dylib
0x000000001c2fe000 	/usr/lib/system/libquarantine.dylib
0x000000001c2fe000 	/usr/lib/system/libremovefile.dylib
0x000000001c2fe000 	/usr/lib/system/libsystem_asl.dylib
0x000000001c2fe000 	/usr/lib/system/libsystem_blocks.dylib
0x000000001c2fe000 	/usr/lib/system/libsystem_c.dylib
0x000000001c2fe000 	/usr/lib/system/libsystem_configuration.dylib
0x000000001c2fe000 	/usr/lib/system/libsystem_coreservices.dylib
0x000000001c2fe000 	/usr/lib/system/libsystem_darwin.dylib
0x000000001c2fe000 	/usr/lib/system/libsystem_dnssd.dylib
0x000000001c2fe000 	/usr/lib/system/libsystem_info.dylib
0x000000001c2fe000 	/usr/lib/system/libsystem_m.dylib
0x000000001c2fe000 	/usr/lib/system/libsystem_malloc.dylib
0x000000001c2fe000 	/usr/lib/system/libsystem_network.dylib
0x000000001c2fe000 	/usr/lib/system/libsystem_networkextension.dylib
0x000000001c2fe000 	/usr/lib/system/libsystem_notify.dylib
0x000000001c2fe000 	/usr/lib/system/libsystem_sandbox.dylib
0x000000001c2fe000 	/usr/lib/system/libsystem_secinit.dylib
0x000000001c2fe000 	/usr/lib/system/libsystem_kernel.dylib
0x000000001c2fe000 	/usr/lib/system/libsystem_platform.dylib
0x000000001c2fe000 	/usr/lib/system/libsystem_pthread.dylib
0x000000001c2fe000 	/usr/lib/system/libsystem_symptoms.dylib
0x000000001c2fe000 	/usr/lib/system/libsystem_trace.dylib
0x000000001c2fe000 	/usr/lib/system/libunwind.dylib
0x000000001c2fe000 	/usr/lib/system/libxpc.dylib
0x000000001c2fe000 	/usr/lib/closure/libclosured.dylib
0x000000001c2fe000 	/usr/lib/libbsm.0.dylib
0x000000001c2fe000 	/usr/lib/system/libkxld.dylib
0x000000001c2fe000 	/usr/lib/libOpenScriptingUtil.dylib
0x000000001c2fe000 	/usr/lib/libcoretls.dylib
0x000000001c2fe000 	/usr/lib/libcoretls_cfhelpers.dylib
0x000000001c2fe000 	/usr/lib/libpam.2.dylib
0x000000001c2fe000 	/usr/lib/libsqlite3.dylib
0x000000001c2fe000 	/usr/lib/libxar.1.dylib
0x000000001c2fe000 	/usr/lib/libbz2.1.0.dylib
0x000000001c2fe000 	/usr/lib/liblzma.5.dylib
0x000000001c2fe000 	/usr/lib/libnetwork.dylib
0x000000001c2fe000 	/usr/lib/libapple_nghttp2.dylib
0x000000001c2fe000 	/usr/lib/libpcap.A.dylib
0x000000001c2fe000 	/usr/lib/libboringssl.dylib
0x000000001c2fe000 	/usr/lib/libusrtcp.dylib
0x000000001c2fe000 	/usr/lib/libapple_crypto.dylib
0x000000001c2fe000 	/System/Library/Frameworks/CoreServices.framework/Versions/A/Frameworks/FSEvents.framework/Versions/A/FSEvents
0x000000001c2fe000 	/System/Library/Frameworks/CoreServices.framework/Versions/A/Frameworks/CarbonCore.framework/Versions/A/CarbonCore
0x000000001c2fe000 	/System/Library/Frameworks/CoreServices.framework/Versions/A/Frameworks/Metadata.framework/Versions/A/Metadata
0x000000001c2fe000 	/System/Library/Frameworks/CoreServices.framework/Versions/A/Frameworks/OSServices.framework/Versions/A/OSServices
0x000000001c2fe000 	/System/Library/Frameworks/CoreServices.framework/Versions/A/Frameworks/SearchKit.framework/Versions/A/SearchKit
0x000000001c2fe000 	/System/Library/Frameworks/CoreServices.framework/Versions/A/Frameworks/AE.framework/Versions/A/AE
0x000000001c2fe000 	/System/Library/Frameworks/CoreServices.framework/Versions/A/Frameworks/LaunchServices.framework/Versions/A/LaunchServices
0x000000001c2fe000 	/System/Library/Frameworks/CoreServices.framework/Versions/A/Frameworks/DictionaryServices.framework/Versions/A/DictionaryServices
0x000000001c2fe000 	/System/Library/Frameworks/CoreServices.framework/Versions/A/Frameworks/SharedFileList.framework/Versions/A/SharedFileList
0x000000001c2fe000 	/System/Library/Frameworks/NetFS.framework/Versions/A/NetFS
0x000000001c2fe000 	/System/Library/PrivateFrameworks/NetAuth.framework/Versions/A/NetAuth
0x000000001c2fe000 	/System/Library/PrivateFrameworks/login.framework/Versions/A/Frameworks/loginsupport.framework/Versions/A/loginsupport
0x000000001c2fe000 	/System/Library/PrivateFrameworks/TCC.framework/Versions/A/TCC
0x000000001c2fe000 	/usr/lib/libmecabra.dylib
0x000000001c2fe000 	/System/Library/Frameworks/ApplicationServices.framework/Versions/A/Frameworks/ATS.framework/Versions/A/ATS
0x000000001c2fe000 	/System/Library/Frameworks/ApplicationServices.framework/Versions/A/Frameworks/ColorSyncLegacy.framework/Versions/A/ColorSyncLegacy
0x000000001c2fe000 	/System/Library/Frameworks/ApplicationServices.framework/Versions/A/Frameworks/HIServices.framework/Versions/A/HIServices
0x000000001c2fe000 	/System/Library/Frameworks/ApplicationServices.framework/Versions/A/Frameworks/LangAnalysis.framework/Versions/A/LangAnalysis
0x000000001c2fe000 	/System/Library/Frameworks/ApplicationServices.framework/Versions/A/Frameworks/PrintCore.framework/Versions/A/PrintCore
0x000000001c2fe000 	/System/Library/Frameworks/ApplicationServices.framework/Versions/A/Frameworks/QD.framework/Versions/A/QD
0x000000001c2fe000 	/System/Library/Frameworks/ApplicationServices.framework/Versions/A/Frameworks/SpeechSynthesis.framework/Versions/A/SpeechSynthesis
0x000000001c2fe000 	/System/Library/Frameworks/CoreDisplay.framework/Versions/A/CoreDisplay
0x000000001c2fe000 	/System/Library/Frameworks/Accelerate.framework/Versions/A/Frameworks/vImage.framework/Versions/A/vImage
0x000000001c2fe000 	/System/Library/Frameworks/Accelerate.framework/Versions/A/Frameworks/vecLib.framework/Versions/A/vecLib
0x000000001c2fe000 	/System/Library/Frameworks/Accelerate.framework/Versions/A/Frameworks/vecLib.framework/Versions/A/libvDSP.dylib
0x000000001c2fe000 	/System/Library/Frameworks/Accelerate.framework/Versions/A/Frameworks/vecLib.framework/Versions/A/libBNNS.dylib
0x000000001c2fe000 	/System/Library/Frameworks/Accelerate.framework/Versions/A/Frameworks/vecLib.framework/Versions/A/libQuadrature.dylib
0x000000001c2fe000 	/System/Library/Frameworks/Accelerate.framework/Versions/A/Frameworks/vecLib.framework/Versions/A/libvMisc.dylib
0x000000001c2fe000 	/System/Library/Frameworks/Accelerate.framework/Versions/A/Frameworks/vecLib.framework/Versions/A/libLAPACK.dylib
0x000000001c2fe000 	/System/Library/Frameworks/Accelerate.framework/Versions/A/Frameworks/vecLib.framework/Versions/A/libBLAS.dylib
0x000000001c2fe000 	/System/Library/Frameworks/Accelerate.framework/Versions/A/Frameworks/vecLib.framework/Versions/A/libLinearAlgebra.dylib
0x000000001c2fe000 	/System/Library/Frameworks/Accelerate.framework/Versions/A/Frameworks/vecLib.framework/Versions/A/libSparse.dylib
0x000000001c2fe000 	/System/Library/Frameworks/Accelerate.framework/Versions/A/Frameworks/vecLib.framework/Versions/A/libSparseBLAS.dylib
0x000000001c2fe000 	/System/Library/PrivateFrameworks/IOAccelerator.framework/Versions/A/IOAccelerator
0x000000001c2fe000 	/System/Library/PrivateFrameworks/IOPresentment.framework/Versions/A/IOPresentment
0x000000001c2fe000 	/System/Library/PrivateFrameworks/DSExternalDisplay.framework/Versions/A/DSExternalDisplay
0x000000001c2fe000 	/System/Library/Frameworks/OpenGL.framework/Versions/A/Libraries/libCoreFSCache.dylib
0x000000001c2fe000 	/System/Library/Frameworks/CoreVideo.framework/Versions/A/CoreVideo
0x000000001c2fe000 	/System/Library/PrivateFrameworks/GraphVisualizer.framework/Versions/A/GraphVisualizer
0x000000001c2fe000 	/System/Library/Frameworks/MetalPerformanceShaders.framework/Versions/A/MetalPerformanceShaders
0x000000001c2fe000 	/usr/lib/libFosl_dynamic.dylib
0x000000001c2fe000 	/System/Library/PrivateFrameworks/FaceCore.framework/Versions/A/FaceCore
0x000000001c2fe000 	/System/Library/Frameworks/OpenCL.framework/Versions/A/OpenCL
0x000000001c2fe000 	/usr/lib/libcompression.dylib
0x000000001c2fe000 	/System/Library/Frameworks/ApplicationServices.framework/Versions/A/Frameworks/ATS.framework/Versions/A/Resources/libFontParser.dylib
0x000000001c2fe000 	/System/Library/Frameworks/ApplicationServices.framework/Versions/A/Frameworks/ATS.framework/Versions/A/Resources/libFontRegistry.dylib
0x000000001c2fe000 	/System/Library/Frameworks/ImageIO.framework/Versions/A/Resources/libJPEG.dylib
0x000000001c2fe000 	/System/Library/Frameworks/ImageIO.framework/Versions/A/Resources/libTIFF.dylib
0x000000001c2fe000 	/System/Library/Frameworks/ImageIO.framework/Versions/A/Resources/libPng.dylib
0x000000001c2fe000 	/System/Library/Frameworks/ImageIO.framework/Versions/A/Resources/libGIF.dylib
0x000000001c2fe000 	/System/Library/Frameworks/ImageIO.framework/Versions/A/Resources/libJP2.dylib
0x000000001c2fe000 	/System/Library/Frameworks/ImageIO.framework/Versions/A/Resources/libRadiance.dylib
0x000000001c2fe000 	/System/Library/PrivateFrameworks/AppleJPEG.framework/Versions/A/AppleJPEG
0x000000001c2fe000 	/System/Library/PrivateFrameworks/MetalTools.framework/Versions/A/MetalTools
0x000000001c2fe000 	/System/Library/Frameworks/MetalPerformanceShaders.framework/Frameworks/MPSCore.framework/Versions/A/MPSCore
0x000000001c2fe000 	/System/Library/Frameworks/MetalPerformanceShaders.framework/Frameworks/MPSImage.framework/Versions/A/MPSImage
0x000000001c2fe000 	/System/Library/Frameworks/MetalPerformanceShaders.framework/Frameworks/MPSMatrix.framework/Versions/A/MPSMatrix
0x000000001c2fe000 	/System/Library/Frameworks/MetalPerformanceShaders.framework/Frameworks/MPSNeuralNetwork.framework/Versions/A/MPSNeuralNetwork
0x000000001c2fe000 	/System/Library/Frameworks/OpenGL.framework/Versions/A/Libraries/libGLU.dylib
0x000000001c2fe000 	/System/Library/Frameworks/OpenGL.framework/Versions/A/Libraries/libGFXShared.dylib
0x000000001c2fe000 	/System/Library/Frameworks/OpenGL.framework/Versions/A/Libraries/libGL.dylib
0x000000001c2fe000 	/System/Library/Frameworks/OpenGL.framework/Versions/A/Libraries/libGLImage.dylib
0x000000001c2fe000 	/System/Library/Frameworks/OpenGL.framework/Versions/A/Libraries/libCVMSPluginSupport.dylib
0x000000001c2fe000 	/System/Library/Frameworks/OpenGL.framework/Versions/A/Libraries/libCoreVMClient.dylib
0x000000001c2fe000 	/usr/lib/libcups.2.dylib
0x000000001c2fe000 	/System/Library/Frameworks/Kerberos.framework/Versions/A/Kerberos
0x000000001c2fe000 	/System/Library/Frameworks/GSS.framework/Versions/A/GSS
0x000000001c2fe000 	/usr/lib/libresolv.9.dylib
0x000000001c2fe000 	/usr/lib/libiconv.2.dylib
0x000000001c2fe000 	/System/Library/PrivateFrameworks/Heimdal.framework/Versions/A/Heimdal
0x000000001c2fe000 	/usr/lib/libheimdal-asn1.dylib
0x000000001c2fe000 	/System/Library/Frameworks/OpenDirectory.framework/Versions/A/OpenDirectory
0x000000001c2fe000 	/System/Library/PrivateFrameworks/CommonAuth.framework/Versions/A/CommonAuth
0x000000001c2fe000 	/System/Library/Frameworks/OpenDirectory.framework/Versions/A/Frameworks/CFOpenDirectory.framework/Versions/A/CFOpenDirectory
0x000000001c2fe000 	/System/Library/Frameworks/SecurityFoundation.framework/Versions/A/SecurityFoundation
0x000000001c2fe000 	/System/Library/PrivateFrameworks/APFS.framework/Versions/A/APFS
0x000000001c2fe000 	/usr/lib/libutil.dylib
0x000000001c2fe000 	/System/Library/PrivateFrameworks/AppleSauce.framework/Versions/A/AppleSauce
0x000000001c2fe000 	/System/Library/PrivateFrameworks/LinguisticData.framework/Versions/A/LinguisticData
0x000000001c2fe000 	/usr/lib/libmarisa.dylib
0x000000001c2fe000 	/System/Library/PrivateFrameworks/Lexicon.framework/Versions/A/Lexicon
0x000000001c2fe000 	/usr/lib/libChineseTokenizer.dylib
0x000000001c2fe000 	/usr/lib/libcmph.dylib
0x000000001c2fe000 	/System/Library/PrivateFrameworks/LanguageModeling.framework/Versions/A/LanguageModeling
0x000000001c2fe000 	/System/Library/PrivateFrameworks/CoreEmoji.framework/Versions/A/CoreEmoji
0x000000001c2fe000 	/System/Library/Frameworks/ServiceManagement.framework/Versions/A/ServiceManagement
0x000000001c2fe000 	/System/Library/PrivateFrameworks/BackgroundTaskManagement.framework/Versions/A/BackgroundTaskManagement
0x000000001c2fe000 	/usr/lib/libxslt.1.dylib
0x000000001c2fe000 	/System/Library/Frameworks/Carbon.framework/Versions/A/Frameworks/Ink.framework/Versions/A/Ink
0x000000001c2fe000 	/System/Library/PrivateFrameworks/TextureIO.framework/Versions/A/TextureIO
0x000000001c2fe000 	/usr/lib/libate.dylib
0x000000001c2fe000 	/System/Library/PrivateFrameworks/CrashReporterSupport.framework/Versions/A/CrashReporterSupport
0x000000001c2fe000 	/System/Library/PrivateFrameworks/Sharing.framework/Versions/A/Sharing
0x000000001c2fe000 	/System/Library/PrivateFrameworks/IconServices.framework/Versions/A/IconServices
0x000000001c2fe000 	/System/Library/PrivateFrameworks/ProtocolBuffer.framework/Versions/A/ProtocolBuffer
0x000000001c2fe000 	/System/Library/PrivateFrameworks/Apple80211.framework/Versions/A/Apple80211
0x000000001c2fe000 	/System/Library/Frameworks/CoreWLAN.framework/Versions/A/CoreWLAN
0x000000001c2fe000 	/System/Library/PrivateFrameworks/CoreUtils.framework/Versions/A/CoreUtils
0x000000001c2fe000 	/System/Library/Frameworks/IOBluetooth.framework/Versions/A/IOBluetooth
0x000000001c2fe000 	/System/Library/PrivateFrameworks/CoreWiFi.framework/Versions/A/CoreWiFi
0x000000001c2fe000 	/System/Library/Frameworks/CoreBluetooth.framework/Versions/A/CoreBluetooth
0x000000001c2fe000 	/System/Library/PrivateFrameworks/SignpostNotification.framework/Versions/A/SignpostNotification
0x000000001c2fe000 	/System/Library/PrivateFrameworks/DebugSymbols.framework/Versions/A/DebugSymbols
0x000000001c2fe000 	/System/Library/PrivateFrameworks/CoreSymbolication.framework/Versions/A/CoreSymbolication
0x000000001c2fe000 	/System/Library/PrivateFrameworks/Symbolication.framework/Versions/A/Symbolication
0x000000001c2fe000 	/System/Library/PrivateFrameworks/AppleFSCompression.framework/Versions/A/AppleFSCompression
0x000000001c2fe000 	/System/Library/PrivateFrameworks/SpeechRecognitionCore.framework/Versions/A/SpeechRecognitionCore
0x0000000101600000 	/Applications/Android Studio.app/Contents/jre/jdk/Contents/Home/jre/lib/server/libjvm.dylib
0x000000001c2fe000 	/usr/lib/libstdc++.6.0.9.dylib
0x00000001004be000 	/Applications/Android Studio.app/Contents/jre/jdk/Contents/Home/jre/lib/libverify.dylib
0x00000001004ca000 	/Applications/Android Studio.app/Contents/jre/jdk/Contents/Home/jre/lib/libjava.dylib
0x0000000100548000 	/Applications/Android Studio.app/Contents/jre/jdk/Contents/Home/jre/lib/libzip.dylib
0x000000011789d000 	/Applications/Android Studio.app/Contents/jre/jdk/Contents/Home/jre/lib/libnet.dylib
0x00000001178fc000 	/Applications/Android Studio.app/Contents/jre/jdk/Contents/Home/jre/lib/libnio.dylib
0x0000000117b21000 	/Users/annascott/.gradle/native/25/osx-amd64/libnative-platform.dylib
0x0000000117f28000 	/Applications/Android Studio.app/Contents/jre/jdk/Contents/Home/jre/lib/libmanagement.dylib

VM Arguments:
jvm_args: -Xmx1536m -Dfile.encoding=UTF-8 -Duser.country=US -Duser.language=en -Duser.variant 
java_command: org.gradle.launcher.daemon.bootstrap.GradleDaemon 4.4
java_class_path (initial): /Users/annascott/.gradle/wrapper/dists/gradle-4.4-all/9br9xq1tocpiv8o6njlyu5op1/gradle-4.4/lib/gradle-launcher-4.4.jar
Launcher Type: SUN_STANDARD

Environment Variables:
PATH=/usr/local/bin:/usr/bin:/bin:/usr/sbin:/sbin
SHELL=/bin/bash

Signal Handlers:
SIGSEGV: [libjvm.dylib+0x53f567], sa_mask[0]=11111111011111110111111111111111, sa_flags=SA_ONSTACK|SA_RESTART|SA_SIGINFO
SIGBUS: [libjvm.dylib+0x53f567], sa_mask[0]=11111111011111110111111111111111, sa_flags=SA_RESTART|SA_SIGINFO
SIGFPE: [libjvm.dylib+0x437adf], sa_mask[0]=11111111011111110111111111111111, sa_flags=SA_RESTART|SA_SIGINFO
SIGPIPE: [libjvm.dylib+0x437adf], sa_mask[0]=11111111011111110111111111111111, sa_flags=SA_RESTART|SA_SIGINFO
SIGXFSZ: [libjvm.dylib+0x437adf], sa_mask[0]=11111111011111110111111111111111, sa_flags=SA_RESTART|SA_SIGINFO
SIGILL: [libjvm.dylib+0x437adf], sa_mask[0]=11111111011111110111111111111111, sa_flags=SA_RESTART|SA_SIGINFO
SIGUSR1: SIG_DFL, sa_mask[0]=00000000000000000000000000000000, sa_flags=none
SIGUSR2: [libjvm.dylib+0x438404], sa_mask[0]=00100000000000000000000000000000, sa_flags=SA_RESTART|SA_SIGINFO
SIGHUP: [libjvm.dylib+0x4365f9], sa_mask[0]=11111111011111110111111111111111, sa_flags=SA_RESTART|SA_SIGINFO
SIGINT: [libjvm.dylib+0x4365f9], sa_mask[0]=11111111011111110111111111111111, sa_flags=SA_RESTART|SA_SIGINFO
SIGTERM: [libjvm.dylib+0x4365f9], sa_mask[0]=11111111011111110111111111111111, sa_flags=SA_RESTART|SA_SIGINFO
SIGQUIT: [libjvm.dylib+0x4365f9], sa_mask[0]=11111111011111110111111111111111, sa_flags=SA_RESTART|SA_SIGINFO


---------------  S Y S T E M  ---------------

OS:Bsduname:Darwin 17.3.0 Darwin Kernel Version 17.3.0: Thu Nov  9 18:09:22 PST 2017; root:xnu-4570.31.3~1/RELEASE_X86_64 x86_64
rlimit: STACK 8192k, CORE 0k, NPROC 1418, NOFILE 10240, AS infinity
load average:2.76 2.33 1.43

CPU:total 8 (initial active 8) (4 cores per cpu, 2 threads per core) family 6 model 94 stepping 3, cmov, cx8, fxsr, mmx, sse, sse2, sse3, ssse3, sse4.1, sse4.2, popcnt, avx, avx2, aes, clmul, erms, rtm, 3dnowpref, lzcnt, ht, tsc, tscinvbit, bmi1, bmi2, adx

Memory: 4k page, physical 16777216k(2537796k free)

/proc/meminfo:


vm_info: OpenJDK 64-Bit Server VM (25.152-b01) for bsd-amd64 JRE (1.8.0_152-release-1024-b01), built by "builder" with gcc 4.2.1 Compatible Apple LLVM 8.1.0 (clang-802.0.42)

time: Fri Apr 27 14:30:14 2018
elapsed time: 3 seconds (0d 0h 0m 3s)

