#
# A fatal error has been detected by the Java Runtime Environment:
#
#  SIGSEGV (0xb) at pc=0x000000010e34ba56, pid=563, tid=0x0000000000004203
#
# JRE version: OpenJDK Runtime Environment (8.0_152-b01) (build 1.8.0_152-release-1024-b01)
# Java VM: OpenJDK 64-Bit Server VM (25.152-b01 mixed mode bsd-amd64 compressed oops)
# Problematic frame:
# V  [libjvm.dylib+0x14ba56]  PhaseChaitin::bias_color(LRG&, int)+0xa4
#
# Failed to write core dump. Core dumps have been disabled. To enable core dumping, try "ulimit -c unlimited" before starting Java again
#
# If you would like to submit a bug report, please visit:
#   http://bugreport.java.com/bugreport/crash.jsp
#

---------------  T H R E A D  ---------------

Current thread (0x00007fb344027800):  JavaThread "C2 CompilerThread0" daemon [_thread_in_native, id=16899, stack(0x000070000265a000,0x000070000275a000)]

siginfo: si_signo: 11 (SIGSEGV), si_code: 1 (SEGV_MAPERR), si_addr: 0x00007fb143dbc810

Registers:
RAX=0x00007fb343dbc810, RBX=0x00007000027583a0, RCX=0x00007fb343dbc810, RDX=0x0000000000000000
RSP=0x0000700002756940, RBP=0x00007000027569b0, RSI=0x0000000118f6fae8, RDI=0x00007000027582b8
R8 =0x0000000055555555, R9 =0x0000000000000001, R10=0x000000000000000a, R11=0x00000000056cd0e0
R12=0xffffffff80000000, R13=0x00007000027582b8, R14=0x0000000000000000, R15=0x0000000118f6fae8
RIP=0x000000010e34ba56, EFLAGS=0x0000000000010246, ERR=0x0000000000000004
  TRAPNO=0x000000000000000e

Top of Stack: (sp=0x0000700002756940)
0x0000700002756940:   0000000000002f07 0000700002756960
0x0000700002756950:   00007000027569b0 000000010e488450
0x0000700002756960:   00002f1000000000 00007fb300000008
0x0000700002756970:   00007fb34ab0dee0 000000010000003a
0x0000700002756980:   00007fb34af6dd20 0000000000002f07
0x0000700002756990:   0000000118f6fb20 00007000027582b8
0x00007000027569a0:   0000000000000000 0000000000000140
0x00007000027569b0:   0000700002756a50 000000010e34b347
0x00007000027569c0:   000036d900000000 00002f1000000000
0x00007000027569d0:   00007fb300000008 00007fb34ab0dee0
0x00007000027569e0:   00007fb30000003a 00007fb34af6dd20
0x00007000027569f0:   000000010000003a 0000000118dd5470
0x0000700002756a00:   0000000118f6fae8 0000000118e3e010
0x0000700002756a10:   0000000000131ad8 ffffffff2794e000
0x0000700002756a20:   00007539ffffffff 0000700002756a68
0x0000700002756a30:   00007000027583a0 00007000027582b8
0x0000700002756a40:   0000700002756bf0 0000700002756b28
0x0000700002756a50:   0000700002756c80 000000010e349e07
0x0000700002756a60:   00007fff97c9e000 000000010e9afba0
0x0000700002756a70:   000070000000000d 0000700002759078
0x0000700002756a80:   00007000027582b8 0000000100000000
0x0000700002756a90:   00007fb34acf9310 000000000000000c
0x0000700002756aa0:   0000700002756ac0 00007fff5ed3b50b
0x0000700002756ab0:   0000000000000000 000000010e9deffc
0x0000700002756ac0:   0000700002756b00 000000010e632926
0x0000700002756ad0:   0000000000000000 000000000000ea60
0x0000700002756ae0:   00007fb3448e9e00 00007000027582b8
0x0000700002756af0:   00007fb344976600 000000000000ea60
0x0000700002756b00:   0000700002756b50 000000010e298931
0x0000700002756b10:   0000000000000000 000000000000003a
0x0000700002756b20:   0000000000000000 000000000000000a
0x0000700002756b30:   0000700002759078 0000000117beb010 

Instructions: (pc=0x000000010e34ba56)
0x000000010e34ba36:   44 89 f2 e8 8d 01 00 00 84 c0 74 d1 e9 00 01 00
0x000000010e34ba46:   00 48 8b 5d d0 4d 63 67 24 49 8b 85 08 01 00 00
0x000000010e34ba56:   46 39 24 a0 74 0e 48 89 df 44 89 e6 e8 8b d9 ff
0x000000010e34ba66:   ff 41 89 c4 45 85 e4 0f 84 ac 00 00 00 49 8b 45 

Register to memory mapping:

RAX=0x00007fb343dbc810 is an unknown value
RBX=0x00007000027583a0 is pointing into the stack for thread: 0x00007fb344027800
RCX=0x00007fb343dbc810 is an unknown value
RDX=0x0000000000000000 is an unknown value
RSP=0x0000700002756940 is pointing into the stack for thread: 0x00007fb344027800
RBP=0x00007000027569b0 is pointing into the stack for thread: 0x00007fb344027800
RSI=0x0000000118f6fae8 is an unknown value
RDI=0x00007000027582b8 is pointing into the stack for thread: 0x00007fb344027800
R8 =0x0000000055555555 is an unknown value
R9 =0x0000000000000001 is an unknown value
R10=0x000000000000000a is an unknown value
R11=0x00000000056cd0e0 is an unknown value
R12=0xffffffff80000000 is an unknown value
R13=0x00007000027582b8 is pointing into the stack for thread: 0x00007fb344027800
R14=0x0000000000000000 is an unknown value
R15=0x0000000118f6fae8 is an unknown value


Stack: [0x000070000265a000,0x000070000275a000],  sp=0x0000700002756940,  free space=1010k
Native frames: (J=compiled Java code, j=interpreted, Vv=VM code, C=native code)
V  [libjvm.dylib+0x14ba56]  PhaseChaitin::bias_color(LRG&, int)+0xa4
V  [libjvm.dylib+0x14b347]  PhaseChaitin::Select()+0x14f
V  [libjvm.dylib+0x149e07]  PhaseChaitin::Register_Allocate()+0x43b
V  [libjvm.dylib+0x1969a0]  Compile::Code_Gen()+0x14e
V  [libjvm.dylib+0x195388]  Compile::Compile(ciEnv*, C2Compiler*, ciMethod*, int, bool, bool, bool)+0x9fa
V  [libjvm.dylib+0x13b9da]  C2Compiler::compile_method(ciEnv*, ciMethod*, int)+0xa4
V  [libjvm.dylib+0x1a067a]  CompileBroker::invoke_compiler_on_method(CompileTask*)+0x564
V  [libjvm.dylib+0x19fc78]  CompileBroker::compiler_thread_loop()+0x270
V  [libjvm.dylib+0x505e88]  JavaThread::thread_main_inner()+0x82
V  [libjvm.dylib+0x505d4d]  JavaThread::run()+0x199
V  [libjvm.dylib+0x435709]  java_start(Thread*)+0xfa
C  [libsystem_pthread.dylib+0x36c1]  _pthread_body+0x154
C  [libsystem_pthread.dylib+0x356d]  _pthread_body+0x0
C  [libsystem_pthread.dylib+0x2c5d]  thread_start+0xd
C  0x0000000000000000


Current CompileTask:
C2:   6172 3373       4       org.gradle.model.internal.type.ModelType::wrap (219 bytes)


---------------  P R O C E S S  ---------------

Java Threads: ( => current thread )
  0x00007fb34798b000 JavaThread "Memory manager" [_thread_blocked, id=39427, stack(0x00007000040a8000,0x00007000041a8000)]
  0x00007fb348488800 JavaThread "build operations Thread 8" [_thread_blocked, id=39683, stack(0x0000700003fa5000,0x00007000040a5000)]
  0x00007fb344c53800 JavaThread "build operations Thread 7" [_thread_blocked, id=27907, stack(0x0000700003ea2000,0x0000700003fa2000)]
  0x00007fb3495d9000 JavaThread "build operations Thread 6" [_thread_blocked, id=40195, stack(0x0000700003d9f000,0x0000700003e9f000)]
  0x00007fb3495d8000 JavaThread "build operations Thread 5" [_thread_blocked, id=27139, stack(0x0000700003c9c000,0x0000700003d9c000)]
  0x00007fb3442a0000 JavaThread "build operations Thread 4" [_thread_blocked, id=40451, stack(0x0000700003b99000,0x0000700003c99000)]
  0x00007fb34429f800 JavaThread "build operations Thread 3" [_thread_blocked, id=40963, stack(0x0000700003a96000,0x0000700003b96000)]
  0x00007fb349ae5000 JavaThread "build operations Thread 2" [_thread_blocked, id=26371, stack(0x0000700003993000,0x0000700003a93000)]
  0x00007fb345b45000 JavaThread "build operations" [_thread_blocked, id=25859, stack(0x0000700003890000,0x0000700003990000)]
  0x00007fb343cd4000 JavaThread "Cache worker for Artifact transforms cache (/Users/annascott/.gradle/caches/transforms-1)" [_thread_blocked, id=41219, stack(0x000070000378d000,0x000070000388d000)]
  0x00007fb347156000 JavaThread "Cache worker for file hash cache (/Users/annascott/AndroidStudioProjects/SmallBusiness/.gradle/4.4/fileHashes)" [_thread_blocked, id=41475, stack(0x000070000368a000,0x000070000378a000)]
  0x00007fb346532800 JavaThread "File lock request listener" [_thread_in_native, id=25091, stack(0x0000700003587000,0x0000700003687000)]
  0x00007fb346b78800 JavaThread "Cache worker for file hash cache (/Users/annascott/.gradle/caches/4.4/fileHashes)" [_thread_blocked, id=41987, stack(0x0000700003484000,0x0000700003584000)]
  0x00007fb34652d000 JavaThread "Stdin handler" [_thread_blocked, id=24323, stack(0x0000700003381000,0x0000700003481000)]
  0x00007fb346524000 JavaThread "Asynchronous log dispatcher for DefaultDaemonConnection: socket connection from /127.0.0.1:49423 to /127.0.0.1:49424" [_thread_blocked, id=24067, stack(0x000070000327e000,0x000070000337e000)]
  0x00007fb346b76000 JavaThread "Daemon worker" [_thread_in_Java, id=23555, stack(0x000070000317b000,0x000070000327b000)]
  0x00007fb347839800 JavaThread "Cancel handler" [_thread_blocked, id=23299, stack(0x0000700003078000,0x0000700003178000)]
  0x00007fb3470fc000 JavaThread "Handler for socket connection from /127.0.0.1:49423 to /127.0.0.1:49424" [_thread_in_native, id=23043, stack(0x0000700002f75000,0x0000700003075000)]
  0x00007fb34709a000 JavaThread "Daemon" [_thread_blocked, id=43011, stack(0x0000700002e72000,0x0000700002f72000)]
  0x00007fb346a49000 JavaThread "Daemon periodic checks" [_thread_blocked, id=22275, stack(0x0000700002d6f000,0x0000700002e6f000)]
  0x00007fb346b4f800 JavaThread "Incoming local TCP Connector on port 49423" [_thread_in_native, id=43267, stack(0x0000700002c6c000,0x0000700002d6c000)]
  0x00007fb34403b000 JavaThread "Service Thread" daemon [_thread_blocked, id=15107, stack(0x0000700002a66000,0x0000700002b66000)]
  0x00007fb344814000 JavaThread "C1 CompilerThread3" daemon [_thread_blocked, id=14851, stack(0x0000700002963000,0x0000700002a63000)]
  0x00007fb344813800 JavaThread "C2 CompilerThread2" daemon [_thread_blocked, id=16131, stack(0x0000700002860000,0x0000700002960000)]
  0x00007fb344028000 JavaThread "C2 CompilerThread1" daemon [_thread_blocked, id=14339, stack(0x000070000275d000,0x000070000285d000)]
=>0x00007fb344027800 JavaThread "C2 CompilerThread0" daemon [_thread_in_native, id=16899, stack(0x000070000265a000,0x000070000275a000)]
  0x00007fb34600c000 JavaThread "Signal Dispatcher" daemon [_thread_blocked, id=17159, stack(0x0000700002557000,0x0000700002657000)]
  0x00007fb343803000 JavaThread "Finalizer" daemon [_thread_blocked, id=12547, stack(0x0000700002454000,0x0000700002554000)]
  0x00007fb34682b800 JavaThread "Reference Handler" daemon [_thread_blocked, id=19203, stack(0x0000700002351000,0x0000700002451000)]
  0x00007fb346801800 JavaThread "main" [_thread_blocked, id=6403, stack(0x0000700001933000,0x0000700001a33000)]

Other Threads:
  0x00007fb345803000 VMThread [stack: 0x000070000224e000,0x000070000234e000] [id=19715]
  0x00007fb34403b800 WatcherThread [stack: 0x0000700002b69000,0x0000700002c69000] [id=15363]

VM state:not at safepoint (normal execution)

VM Mutex/Monitor currently owned by a thread: None

Heap:
 PSYoungGen      total 138240K, used 81149K [0x00000007a0000000, 0x00000007aa380000, 0x00000007c0000000)
  eden space 127488K, 63% used [0x00000007a0000000,0x00000007a4f3f5f0,0x00000007a7c80000)
  from space 10752K, 0% used [0x00000007a7c80000,0x00000007a7c80000,0x00000007a8700000)
  to   space 13312K, 0% used [0x00000007a9680000,0x00000007a9680000,0x00000007aa380000)
 ParOldGen       total 174592K, used 19155K [0x0000000760000000, 0x000000076aa80000, 0x00000007a0000000)
  object space 174592K, 10% used [0x0000000760000000,0x00000007612b4ca0,0x000000076aa80000)
 Metaspace       used 39381K, capacity 40164K, committed 40408K, reserved 1083392K
  class space    used 5366K, capacity 5612K, committed 5632K, reserved 1048576K

Card table byte_map: [0x000000010f028000,0x000000010f329000] byte_map_base: 0x000000010b528000

Marking Bits: (ParMarkBitMap*) 0x000000010e9f81c8
 Begin Bits: [0x000000010f529000, 0x0000000110d29000)
 End Bits:   [0x0000000110d29000, 0x0000000112529000)

Polling page: 0x000000010d187000

CodeCache: size=245760Kb used=13065Kb max_used=13077Kb free=232695Kb
 bounds [0x000000011bf89000, 0x000000011cc59000, 0x000000012af89000]
 total_blobs=4388 nmethods=3683 adapters=618
 compilation: enabled

Compilation events (10 events):
Event: 6.137 Thread 0x00007fb344028000 nmethod 3356 0x000000011cc32290 code [0x000000011cc32400, 0x000000011cc32688]
Event: 6.137 Thread 0x00007fb344028000 3630       4       org.objectweb.asm.ByteVector::put12 (64 bytes)
Event: 6.139 Thread 0x00007fb344028000 nmethod 3630 0x000000011cc31e50 code [0x000000011cc31fa0, 0x000000011cc32148]
Event: 6.139 Thread 0x00007fb344028000 3687       4       java.lang.Throwable::<init> (39 bytes)
Event: 6.141 Thread 0x00007fb344028000 nmethod 3687 0x000000011cc33b90 code [0x000000011cc33d00, 0x000000011cc340a8]
Event: 6.141 Thread 0x00007fb344028000 3651       4       java.util.HashMap::tableSizeFor (59 bytes)
Event: 6.142 Thread 0x00007fb344028000 nmethod 3651 0x000000011cc31bd0 code [0x000000011cc31d20, 0x000000011cc31db8]
Event: 6.142 Thread 0x00007fb344028000 3619 %     4       sun.security.provider.SHA2::implCompress @ 12 (331 bytes)
Event: 6.145 Thread 0x00007fb344813800 nmethod 3658 0x000000011cc51dd0 code [0x000000011cc52060, 0x000000011cc53138]
Event: 6.160 Thread 0x00007fb344028000 nmethod 3619% 0x000000011cc32e10 code [0x000000011cc32f80, 0x000000011cc338b8]

GC Heap History (10 events):
Event: 2.371 GC heap before
{Heap before GC invocations=3 (full 0):
 PSYoungGen      total 76288K, used 32265K [0x00000007a0000000, 0x00000007a5500000, 0x00000007c0000000)
  eden space 65536K, 33% used [0x00000007a0000000,0x00000007a1545768,0x00000007a4000000)
  from space 10752K, 97% used [0x00000007a4a80000,0x00000007a54bd000,0x00000007a5500000)
  to   space 10752K, 0% used [0x00000007a4000000,0x00000007a4000000,0x00000007a4a80000)
 ParOldGen       total 175104K, used 24K [0x0000000760000000, 0x000000076ab00000, 0x00000007a0000000)
  object space 175104K, 0% used [0x0000000760000000,0x0000000760006000,0x000000076ab00000)
 Metaspace       used 20745K, capacity 21102K, committed 21248K, reserved 1067008K
  class space    used 2910K, capacity 3069K, committed 3072K, reserved 1048576K
Event: 2.381 GC heap after
Heap after GC invocations=3 (full 0):
 PSYoungGen      total 76288K, used 8983K [0x00000007a0000000, 0x00000007a9500000, 0x00000007c0000000)
  eden space 65536K, 0% used [0x00000007a0000000,0x00000007a0000000,0x00000007a4000000)
  from space 10752K, 83% used [0x00000007a4000000,0x00000007a48c5f68,0x00000007a4a80000)
  to   space 10752K, 0% used [0x00000007a8a80000,0x00000007a8a80000,0x00000007a9500000)
 ParOldGen       total 175104K, used 32K [0x0000000760000000, 0x000000076ab00000, 0x00000007a0000000)
  object space 175104K, 0% used [0x0000000760000000,0x0000000760008000,0x000000076ab00000)
 Metaspace       used 20745K, capacity 21102K, committed 21248K, reserved 1067008K
  class space    used 2910K, capacity 3069K, committed 3072K, reserved 1048576K
}
Event: 2.381 GC heap before
{Heap before GC invocations=4 (full 1):
 PSYoungGen      total 76288K, used 8983K [0x00000007a0000000, 0x00000007a9500000, 0x00000007c0000000)
  eden space 65536K, 0% used [0x00000007a0000000,0x00000007a0000000,0x00000007a4000000)
  from space 10752K, 83% used [0x00000007a4000000,0x00000007a48c5f68,0x00000007a4a80000)
  to   space 10752K, 0% used [0x00000007a8a80000,0x00000007a8a80000,0x00000007a9500000)
 ParOldGen       total 175104K, used 32K [0x0000000760000000, 0x000000076ab00000, 0x00000007a0000000)
  object space 175104K, 0% used [0x0000000760000000,0x0000000760008000,0x000000076ab00000)
 Metaspace       used 20745K, capacity 21102K, committed 21248K, reserved 1067008K
  class space    used 2910K, capacity 3069K, committed 3072K, reserved 1048576K
Event: 2.414 GC heap after
Heap after GC invocations=4 (full 1):
 PSYoungGen      total 76288K, used 0K [0x00000007a0000000, 0x00000007a9500000, 0x00000007c0000000)
  eden space 65536K, 0% used [0x00000007a0000000,0x00000007a0000000,0x00000007a4000000)
  from space 10752K, 0% used [0x00000007a4000000,0x00000007a4000000,0x00000007a4a80000)
  to   space 10752K, 0% used [0x00000007a8a80000,0x00000007a8a80000,0x00000007a9500000)
 ParOldGen       total 107520K, used 8678K [0x0000000760000000, 0x0000000766900000, 0x00000007a0000000)
  object space 107520K, 8% used [0x0000000760000000,0x0000000760879b88,0x0000000766900000)
 Metaspace       used 20745K, capacity 21102K, committed 21248K, reserved 1067008K
  class space    used 2910K, capacity 3069K, committed 3072K, reserved 1048576K
}
Event: 3.439 GC heap before
{Heap before GC invocations=5 (full 1):
 PSYoungGen      total 76288K, used 65536K [0x00000007a0000000, 0x00000007a9500000, 0x00000007c0000000)
  eden space 65536K, 100% used [0x00000007a0000000,0x00000007a4000000,0x00000007a4000000)
  from space 10752K, 0% used [0x00000007a4000000,0x00000007a4000000,0x00000007a4a80000)
  to   space 10752K, 0% used [0x00000007a8a80000,0x00000007a8a80000,0x00000007a9500000)
 ParOldGen       total 107520K, used 8678K [0x0000000760000000, 0x0000000766900000, 0x00000007a0000000)
  object space 107520K, 8% used [0x0000000760000000,0x0000000760879b88,0x0000000766900000)
 Metaspace       used 26278K, capacity 26798K, committed 27136K, reserved 1073152K
  class space    used 3638K, capacity 3828K, committed 3840K, reserved 1048576K
Event: 3.449 GC heap after
Heap after GC invocations=5 (full 1):
 PSYoungGen      total 103936K, used 6949K [0x00000007a0000000, 0x00000007a9180000, 0x00000007c0000000)
  eden space 96768K, 0% used [0x00000007a0000000,0x00000007a0000000,0x00000007a5e80000)
  from space 7168K, 96% used [0x00000007a8a80000,0x00000007a91495a0,0x00000007a9180000)
  to   space 10752K, 0% used [0x00000007a7c80000,0x00000007a7c80000,0x00000007a8700000)
 ParOldGen       total 107520K, used 8678K [0x0000000760000000, 0x0000000766900000, 0x00000007a0000000)
  object space 107520K, 8% used [0x0000000760000000,0x0000000760879b88,0x0000000766900000)
 Metaspace       used 26278K, capacity 26798K, committed 27136K, reserved 1073152K
  class space    used 3638K, capacity 3828K, committed 3840K, reserved 1048576K
}
Event: 5.067 GC heap before
{Heap before GC invocations=6 (full 1):
 PSYoungGen      total 103936K, used 96344K [0x00000007a0000000, 0x00000007a9180000, 0x00000007c0000000)
  eden space 96768K, 92% used [0x00000007a0000000,0x00000007a574cb78,0x00000007a5e80000)
  from space 7168K, 96% used [0x00000007a8a80000,0x00000007a91495a0,0x00000007a9180000)
  to   space 10752K, 0% used [0x00000007a7c80000,0x00000007a7c80000,0x00000007a8700000)
 ParOldGen       total 107520K, used 8678K [0x0000000760000000, 0x0000000766900000, 0x00000007a0000000)
  object space 107520K, 8% used [0x0000000760000000,0x0000000760879b88,0x0000000766900000)
 Metaspace       used 34667K, capacity 35200K, committed 35416K, reserved 1079296K
  class space    used 4773K, capacity 4970K, committed 4992K, reserved 1048576K
Event: 5.081 GC heap after
Heap after GC invocations=6 (full 1):
 PSYoungGen      total 138240K, used 10729K [0x00000007a0000000, 0x00000007aa380000, 0x00000007c0000000)
  eden space 127488K, 0% used [0x00000007a0000000,0x00000007a0000000,0x00000007a7c80000)
  from space 10752K, 99% used [0x00000007a7c80000,0x00000007a86fa5a8,0x00000007a8700000)
  to   space 13312K, 0% used [0x00000007a9680000,0x00000007a9680000,0x00000007aa380000)
 ParOldGen       total 107520K, used 10554K [0x0000000760000000, 0x0000000766900000, 0x00000007a0000000)
  object space 107520K, 9% used [0x0000000760000000,0x0000000760a4ebe0,0x0000000766900000)
 Metaspace       used 34667K, capacity 35200K, committed 35416K, reserved 1079296K
  class space    used 4773K, capacity 4970K, committed 4992K, reserved 1048576K
}
Event: 5.081 GC heap before
{Heap before GC invocations=7 (full 2):
 PSYoungGen      total 138240K, used 10729K [0x00000007a0000000, 0x00000007aa380000, 0x00000007c0000000)
  eden space 127488K, 0% used [0x00000007a0000000,0x00000007a0000000,0x00000007a7c80000)
  from space 10752K, 99% used [0x00000007a7c80000,0x00000007a86fa5a8,0x00000007a8700000)
  to   space 13312K, 0% used [0x00000007a9680000,0x00000007a9680000,0x00000007aa380000)
 ParOldGen       total 107520K, used 10554K [0x0000000760000000, 0x0000000766900000, 0x00000007a0000000)
  object space 107520K, 9% used [0x0000000760000000,0x0000000760a4ebe0,0x0000000766900000)
 Metaspace       used 34667K, capacity 35200K, committed 35416K, reserved 1079296K
  class space    used 4773K, capacity 4970K, committed 4992K, reserved 1048576K
Event: 5.122 GC heap after
Heap after GC invocations=7 (full 2):
 PSYoungGen      total 138240K, used 0K [0x00000007a0000000, 0x00000007aa380000, 0x00000007c0000000)
  eden space 127488K, 0% used [0x00000007a0000000,0x00000007a0000000,0x00000007a7c80000)
  from space 10752K, 0% used [0x00000007a7c80000,0x00000007a7c80000,0x00000007a8700000)
  to   space 13312K, 0% used [0x00000007a9680000,0x00000007a9680000,0x00000007aa380000)
 ParOldGen       total 174592K, used 19155K [0x0000000760000000, 0x000000076aa80000, 0x00000007a0000000)
  object space 174592K, 10% used [0x0000000760000000,0x00000007612b4ca0,0x000000076aa80000)
 Metaspace       used 34667K, capacity 35200K, committed 35416K, reserved 1079296K
  class space    used 4773K, capacity 4970K, committed 4992K, reserved 1048576K
}

Deoptimization events (10 events):
Event: 5.491 Thread 0x00007fb346b76000 Uncommon trap: reason=unstable_if action=reinterpret pc=0x000000011cacf310 method=java.lang.reflect.Modifier.toString(I)Ljava/lang/String; @ 123
Event: 5.672 Thread 0x00007fb346b76000 Uncommon trap: reason=unstable_if action=reinterpret pc=0x000000011c716ac4 method=java.util.jar.Attributes$Name.isDigit(C)Z @ 3
Event: 5.687 Thread 0x00007fb346b76000 Uncommon trap: reason=unstable_if action=reinterpret pc=0x000000011c7c6f68 method=java.lang.ThreadLocal.get()Ljava/lang/Object; @ 11
Event: 5.726 Thread 0x00007fb346b76000 Uncommon trap: reason=unstable_if action=reinterpret pc=0x000000011c376260 method=java.lang.CharacterDataLatin1.isWhitespace(I)Z @ 14
Event: 5.777 Thread 0x00007fb346b76000 Uncommon trap: reason=unstable_if action=reinterpret pc=0x000000011c9e2064 method=java.util.jar.JarFile.getInputStream(Ljava/util/zip/ZipEntry;)Ljava/io/InputStream; @ 37
Event: 5.783 Thread 0x00007fb346b76000 Uncommon trap: reason=unstable_if action=reinterpret pc=0x000000011c9e759c method=java.security.CodeSource.<init>(Ljava/net/URL;[Ljava/security/CodeSigner;)V @ 25
Event: 5.783 Thread 0x00007fb346b76000 Uncommon trap: reason=unstable_if action=reinterpret pc=0x000000011c449a90 method=java.security.CodeSource.getCertificates()[Ljava/security/cert/Certificate; @ 22
Event: 5.784 Thread 0x00007fb346b76000 Uncommon trap: reason=unstable_if action=reinterpret pc=0x000000011c9eecd0 method=java.security.CodeSource.matchCerts(Ljava/security/CodeSource;Z)Z @ 11
Event: 5.814 Thread 0x00007fb346b76000 Uncommon trap: reason=unstable_if action=reinterpret pc=0x000000011c9b12fc method=java.util.LinkedHashMap.get(Ljava/lang/Object;)Ljava/lang/Object; @ 20
Event: 5.884 Thread 0x00007fb346b76000 Uncommon trap: reason=range_check action=make_not_entrant pc=0x000000011cae0104 method=java.lang.String.charAt(I)C @ 27

Classes redefined (0 events):
No events

Internal exceptions (10 events):
Event: 4.330 Thread 0x00007fb346b76000 Exception <a 'java/lang/ClassNotFoundException': org/gradle/api/tasks/Delete_DecoratedCustomizer> (0x00000007a3cb26b0) thrown at [/Volumes/android/AOSP-openjdk-git/jdk8u/hotspot/src/share/vm/classfile/systemDictionary.cpp, line 210]
Event: 4.357 Thread 0x00007fb346b76000 Exception <a 'java/lang/ClassNotFoundException': build_33be0vw84iyso7a259cgwru82BeanInfo> (0x00000007a3de32b8) thrown at [/Volumes/android/AOSP-openjdk-git/jdk8u/hotspot/src/share/vm/classfile/systemDictionary.cpp, line 210]
Event: 4.358 Thread 0x00007fb346b76000 Exception <a 'java/lang/ClassNotFoundException': build_33be0vw84iyso7a259cgwru82Customizer> (0x00000007a3dedf70) thrown at [/Volumes/android/AOSP-openjdk-git/jdk8u/hotspot/src/share/vm/classfile/systemDictionary.cpp, line 210]
Event: 4.364 Thread 0x00007fb346b76000 Exception <a 'java/lang/ClassNotFoundException': org/gradle/api/internal/plugins/DefaultObjectConfigurationActionBeanInfo> (0x00000007a3e883f0) thrown at [/Volumes/android/AOSP-openjdk-git/jdk8u/hotspot/src/share/vm/classfile/systemDictionary.cpp, line 21
Event: 4.364 Thread 0x00007fb346b76000 Exception <a 'java/lang/ClassNotFoundException': org/gradle/api/internal/plugins/DefaultObjectConfigurationActionCustomizer> (0x00000007a3ebef08) thrown at [/Volumes/android/AOSP-openjdk-git/jdk8u/hotspot/src/share/vm/classfile/systemDictionary.cpp, line 
Event: 5.687 Thread 0x00007fb346b76000 Implicit null exception at 0x000000011c7c6e8f to 0x000000011c7c6f55
Event: 6.002 Thread 0x00007fb346b76000 Exception <a 'java/lang/ClassNotFoundException': com/android/build/gradle/internal/api/DefaultAndroidSourceSet_DecoratedBeanInfo> (0x00000007a4806630) thrown at [/Volumes/android/AOSP-openjdk-git/jdk8u/hotspot/src/share/vm/classfile/systemDictionary.cpp, 
Event: 6.003 Thread 0x00007fb346b76000 Exception <a 'java/lang/ClassNotFoundException': com/android/build/gradle/internal/api/DefaultAndroidSourceSetBeanInfo> (0x00000007a481ef40) thrown at [/Volumes/android/AOSP-openjdk-git/jdk8u/hotspot/src/share/vm/classfile/systemDictionary.cpp, line 210]
Event: 6.003 Thread 0x00007fb346b76000 Exception <a 'java/lang/ClassNotFoundException': com/android/build/gradle/internal/api/DefaultAndroidSourceSetCustomizer> (0x00000007a4837c88) thrown at [/Volumes/android/AOSP-openjdk-git/jdk8u/hotspot/src/share/vm/classfile/systemDictionary.cpp, line 210
Event: 6.005 Thread 0x00007fb346b76000 Exception <a 'java/lang/ClassNotFoundException': com/android/build/gradle/internal/api/DefaultAndroidSourceSet_DecoratedCustomizer> (0x00000007a48936a0) thrown at [/Volumes/android/AOSP-openjdk-git/jdk8u/hotspot/src/share/vm/classfile/systemDictionary.cpp

Events (10 events):
Event: 6.147 loading class com/android/build/gradle/internal/transforms/InstantRunSplitApkBuilder
Event: 6.147 loading class com/android/build/gradle/internal/transforms/InstantRunSplitApkBuilder done
Event: 6.149 loading class com/android/build/gradle/internal/transforms/InstantRunSliceSplitApkBuilder
Event: 6.149 loading class com/android/build/gradle/internal/transforms/InstantRunSliceSplitApkBuilder done
Event: 6.153 loading class com/android/build/gradle/internal/TaskFactoryImpl
Event: 6.153 loading class com/android/build/gradle/internal/TaskFactoryImpl done
Event: 6.158 loading class com/android/build/gradle/internal/VariantManager
Event: 6.158 loading class com/android/build/gradle/internal/VariantManager done
Event: 6.160 loading class com/android/build/gradle/internal/VariantModel
Event: 6.160 loading class com/android/build/gradle/internal/VariantModel done


Dynamic libraries:
0x000000000f919000 	/System/Library/Frameworks/Cocoa.framework/Versions/A/Cocoa
0x000000000f919000 	/System/Library/Frameworks/Security.framework/Versions/A/Security
0x000000000f919000 	/System/Library/Frameworks/ApplicationServices.framework/Versions/A/ApplicationServices
0x000000000f919000 	/usr/lib/libz.1.dylib
0x000000000f919000 	/usr/lib/libSystem.B.dylib
0x000000000f919000 	/System/Library/Frameworks/CoreFoundation.framework/Versions/A/CoreFoundation
0x000000000f919000 	/System/Library/Frameworks/Foundation.framework/Versions/C/Foundation
0x000000000f919000 	/usr/lib/libobjc.A.dylib
0x000000000f919000 	/System/Library/Frameworks/AppKit.framework/Versions/C/AppKit
0x000000000f919000 	/System/Library/Frameworks/CoreData.framework/Versions/A/CoreData
0x000000000f919000 	/System/Library/PrivateFrameworks/RemoteViewServices.framework/Versions/A/RemoteViewServices
0x000000000f919000 	/System/Library/PrivateFrameworks/UIFoundation.framework/Versions/A/UIFoundation
0x000000000f919000 	/System/Library/PrivateFrameworks/DFRFoundation.framework/Versions/A/DFRFoundation
0x000000000f919000 	/System/Library/Frameworks/Metal.framework/Versions/A/Metal
0x000000000f919000 	/System/Library/PrivateFrameworks/DesktopServicesPriv.framework/Versions/A/DesktopServicesPriv
0x000000000f919000 	/usr/lib/libenergytrace.dylib
0x000000000f919000 	/System/Library/PrivateFrameworks/SkyLight.framework/Versions/A/SkyLight
0x000000000f919000 	/System/Library/Frameworks/CoreGraphics.framework/Versions/A/CoreGraphics
0x000000000f919000 	/usr/lib/libScreenReader.dylib
0x000000000f919000 	/System/Library/Frameworks/Accelerate.framework/Versions/A/Accelerate
0x000000000f919000 	/System/Library/Frameworks/IOSurface.framework/Versions/A/IOSurface
0x000000000f919000 	/System/Library/Frameworks/AudioToolbox.framework/Versions/A/AudioToolbox
0x000000000f919000 	/System/Library/Frameworks/AudioUnit.framework/Versions/A/AudioUnit
0x000000000f919000 	/System/Library/PrivateFrameworks/DataDetectorsCore.framework/Versions/A/DataDetectorsCore
0x000000000f919000 	/System/Library/Frameworks/Carbon.framework/Versions/A/Frameworks/HIToolbox.framework/Versions/A/HIToolbox
0x000000000f919000 	/usr/lib/libicucore.A.dylib
0x000000000f919000 	/System/Library/Frameworks/QuartzCore.framework/Versions/A/QuartzCore
0x000000000f919000 	/System/Library/Frameworks/Carbon.framework/Versions/A/Frameworks/SpeechRecognition.framework/Versions/A/SpeechRecognition
0x000000000f919000 	/usr/lib/libauto.dylib
0x000000000f919000 	/usr/lib/libxml2.2.dylib
0x000000000f919000 	/System/Library/PrivateFrameworks/CoreUI.framework/Versions/A/CoreUI
0x000000000f919000 	/System/Library/Frameworks/CoreAudio.framework/Versions/A/CoreAudio
0x000000000f919000 	/System/Library/Frameworks/DiskArbitration.framework/Versions/A/DiskArbitration
0x000000000f919000 	/usr/lib/liblangid.dylib
0x000000000f919000 	/System/Library/PrivateFrameworks/MultitouchSupport.framework/Versions/A/MultitouchSupport
0x000000000f919000 	/System/Library/Frameworks/IOKit.framework/Versions/A/IOKit
0x000000000f919000 	/usr/lib/libDiagnosticMessagesClient.dylib
0x000000000f919000 	/System/Library/Frameworks/CoreServices.framework/Versions/A/CoreServices
0x000000000f919000 	/System/Library/PrivateFrameworks/PerformanceAnalysis.framework/Versions/A/PerformanceAnalysis
0x000000000f919000 	/System/Library/Frameworks/OpenGL.framework/Versions/A/OpenGL
0x000000000f919000 	/System/Library/Frameworks/ColorSync.framework/Versions/A/ColorSync
0x000000000f919000 	/System/Library/Frameworks/CoreImage.framework/Versions/A/CoreImage
0x000000000f919000 	/System/Library/Frameworks/CoreText.framework/Versions/A/CoreText
0x000000000f919000 	/System/Library/Frameworks/ImageIO.framework/Versions/A/ImageIO
0x000000000f919000 	/System/Library/PrivateFrameworks/Backup.framework/Versions/A/Backup
0x000000000f919000 	/usr/lib/libarchive.2.dylib
0x000000000f919000 	/System/Library/Frameworks/CFNetwork.framework/Versions/A/CFNetwork
0x000000000f919000 	/System/Library/Frameworks/SystemConfiguration.framework/Versions/A/SystemConfiguration
0x000000000f919000 	/usr/lib/libCRFSuite.dylib
0x000000000f919000 	/usr/lib/libc++.1.dylib
0x000000000f919000 	/usr/lib/libc++abi.dylib
0x000000000f919000 	/usr/lib/system/libcache.dylib
0x000000000f919000 	/usr/lib/system/libcommonCrypto.dylib
0x000000000f919000 	/usr/lib/system/libcompiler_rt.dylib
0x000000000f919000 	/usr/lib/system/libcopyfile.dylib
0x000000000f919000 	/usr/lib/system/libcorecrypto.dylib
0x000000000f919000 	/usr/lib/system/libdispatch.dylib
0x000000000f919000 	/usr/lib/system/libdyld.dylib
0x000000000f919000 	/usr/lib/system/libkeymgr.dylib
0x000000000f919000 	/usr/lib/system/liblaunch.dylib
0x000000000f919000 	/usr/lib/system/libmacho.dylib
0x000000000f919000 	/usr/lib/system/libquarantine.dylib
0x000000000f919000 	/usr/lib/system/libremovefile.dylib
0x000000000f919000 	/usr/lib/system/libsystem_asl.dylib
0x000000000f919000 	/usr/lib/system/libsystem_blocks.dylib
0x000000000f919000 	/usr/lib/system/libsystem_c.dylib
0x000000000f919000 	/usr/lib/system/libsystem_configuration.dylib
0x000000000f919000 	/usr/lib/system/libsystem_coreservices.dylib
0x000000000f919000 	/usr/lib/system/libsystem_darwin.dylib
0x000000000f919000 	/usr/lib/system/libsystem_dnssd.dylib
0x000000000f919000 	/usr/lib/system/libsystem_info.dylib
0x000000000f919000 	/usr/lib/system/libsystem_m.dylib
0x000000000f919000 	/usr/lib/system/libsystem_malloc.dylib
0x000000000f919000 	/usr/lib/system/libsystem_network.dylib
0x000000000f919000 	/usr/lib/system/libsystem_networkextension.dylib
0x000000000f919000 	/usr/lib/system/libsystem_notify.dylib
0x000000000f919000 	/usr/lib/system/libsystem_sandbox.dylib
0x000000000f919000 	/usr/lib/system/libsystem_secinit.dylib
0x000000000f919000 	/usr/lib/system/libsystem_kernel.dylib
0x000000000f919000 	/usr/lib/system/libsystem_platform.dylib
0x000000000f919000 	/usr/lib/system/libsystem_pthread.dylib
0x000000000f919000 	/usr/lib/system/libsystem_symptoms.dylib
0x000000000f919000 	/usr/lib/system/libsystem_trace.dylib
0x000000000f919000 	/usr/lib/system/libunwind.dylib
0x000000000f919000 	/usr/lib/system/libxpc.dylib
0x000000000f919000 	/usr/lib/closure/libclosured.dylib
0x000000000f919000 	/usr/lib/libbsm.0.dylib
0x000000000f919000 	/usr/lib/system/libkxld.dylib
0x000000000f919000 	/usr/lib/libOpenScriptingUtil.dylib
0x000000000f919000 	/usr/lib/libcoretls.dylib
0x000000000f919000 	/usr/lib/libcoretls_cfhelpers.dylib
0x000000000f919000 	/usr/lib/libpam.2.dylib
0x000000000f919000 	/usr/lib/libsqlite3.dylib
0x000000000f919000 	/usr/lib/libxar.1.dylib
0x000000000f919000 	/usr/lib/libbz2.1.0.dylib
0x000000000f919000 	/usr/lib/liblzma.5.dylib
0x000000000f919000 	/usr/lib/libnetwork.dylib
0x000000000f919000 	/usr/lib/libapple_nghttp2.dylib
0x000000000f919000 	/usr/lib/libpcap.A.dylib
0x000000000f919000 	/usr/lib/libboringssl.dylib
0x000000000f919000 	/usr/lib/libusrtcp.dylib
0x000000000f919000 	/usr/lib/libapple_crypto.dylib
0x000000000f919000 	/System/Library/Frameworks/CoreServices.framework/Versions/A/Frameworks/FSEvents.framework/Versions/A/FSEvents
0x000000000f919000 	/System/Library/Frameworks/CoreServices.framework/Versions/A/Frameworks/CarbonCore.framework/Versions/A/CarbonCore
0x000000000f919000 	/System/Library/Frameworks/CoreServices.framework/Versions/A/Frameworks/Metadata.framework/Versions/A/Metadata
0x000000000f919000 	/System/Library/Frameworks/CoreServices.framework/Versions/A/Frameworks/OSServices.framework/Versions/A/OSServices
0x000000000f919000 	/System/Library/Frameworks/CoreServices.framework/Versions/A/Frameworks/SearchKit.framework/Versions/A/SearchKit
0x000000000f919000 	/System/Library/Frameworks/CoreServices.framework/Versions/A/Frameworks/AE.framework/Versions/A/AE
0x000000000f919000 	/System/Library/Frameworks/CoreServices.framework/Versions/A/Frameworks/LaunchServices.framework/Versions/A/LaunchServices
0x000000000f919000 	/System/Library/Frameworks/CoreServices.framework/Versions/A/Frameworks/DictionaryServices.framework/Versions/A/DictionaryServices
0x000000000f919000 	/System/Library/Frameworks/CoreServices.framework/Versions/A/Frameworks/SharedFileList.framework/Versions/A/SharedFileList
0x000000000f919000 	/System/Library/Frameworks/NetFS.framework/Versions/A/NetFS
0x000000000f919000 	/System/Library/PrivateFrameworks/NetAuth.framework/Versions/A/NetAuth
0x000000000f919000 	/System/Library/PrivateFrameworks/login.framework/Versions/A/Frameworks/loginsupport.framework/Versions/A/loginsupport
0x000000000f919000 	/System/Library/PrivateFrameworks/TCC.framework/Versions/A/TCC
0x000000000f919000 	/usr/lib/libmecabra.dylib
0x000000000f919000 	/System/Library/Frameworks/ApplicationServices.framework/Versions/A/Frameworks/ATS.framework/Versions/A/ATS
0x000000000f919000 	/System/Library/Frameworks/ApplicationServices.framework/Versions/A/Frameworks/ColorSyncLegacy.framework/Versions/A/ColorSyncLegacy
0x000000000f919000 	/System/Library/Frameworks/ApplicationServices.framework/Versions/A/Frameworks/HIServices.framework/Versions/A/HIServices
0x000000000f919000 	/System/Library/Frameworks/ApplicationServices.framework/Versions/A/Frameworks/LangAnalysis.framework/Versions/A/LangAnalysis
0x000000000f919000 	/System/Library/Frameworks/ApplicationServices.framework/Versions/A/Frameworks/PrintCore.framework/Versions/A/PrintCore
0x000000000f919000 	/System/Library/Frameworks/ApplicationServices.framework/Versions/A/Frameworks/QD.framework/Versions/A/QD
0x000000000f919000 	/System/Library/Frameworks/ApplicationServices.framework/Versions/A/Frameworks/SpeechSynthesis.framework/Versions/A/SpeechSynthesis
0x000000000f919000 	/System/Library/Frameworks/CoreDisplay.framework/Versions/A/CoreDisplay
0x000000000f919000 	/System/Library/Frameworks/Accelerate.framework/Versions/A/Frameworks/vImage.framework/Versions/A/vImage
0x000000000f919000 	/System/Library/Frameworks/Accelerate.framework/Versions/A/Frameworks/vecLib.framework/Versions/A/vecLib
0x000000000f919000 	/System/Library/Frameworks/Accelerate.framework/Versions/A/Frameworks/vecLib.framework/Versions/A/libvDSP.dylib
0x000000000f919000 	/System/Library/Frameworks/Accelerate.framework/Versions/A/Frameworks/vecLib.framework/Versions/A/libBNNS.dylib
0x000000000f919000 	/System/Library/Frameworks/Accelerate.framework/Versions/A/Frameworks/vecLib.framework/Versions/A/libQuadrature.dylib
0x000000000f919000 	/System/Library/Frameworks/Accelerate.framework/Versions/A/Frameworks/vecLib.framework/Versions/A/libvMisc.dylib
0x000000000f919000 	/System/Library/Frameworks/Accelerate.framework/Versions/A/Frameworks/vecLib.framework/Versions/A/libLAPACK.dylib
0x000000000f919000 	/System/Library/Frameworks/Accelerate.framework/Versions/A/Frameworks/vecLib.framework/Versions/A/libBLAS.dylib
0x000000000f919000 	/System/Library/Frameworks/Accelerate.framework/Versions/A/Frameworks/vecLib.framework/Versions/A/libLinearAlgebra.dylib
0x000000000f919000 	/System/Library/Frameworks/Accelerate.framework/Versions/A/Frameworks/vecLib.framework/Versions/A/libSparse.dylib
0x000000000f919000 	/System/Library/Frameworks/Accelerate.framework/Versions/A/Frameworks/vecLib.framework/Versions/A/libSparseBLAS.dylib
0x000000000f919000 	/System/Library/PrivateFrameworks/IOAccelerator.framework/Versions/A/IOAccelerator
0x000000000f919000 	/System/Library/PrivateFrameworks/IOPresentment.framework/Versions/A/IOPresentment
0x000000000f919000 	/System/Library/PrivateFrameworks/DSExternalDisplay.framework/Versions/A/DSExternalDisplay
0x000000000f919000 	/System/Library/Frameworks/OpenGL.framework/Versions/A/Libraries/libCoreFSCache.dylib
0x000000000f919000 	/System/Library/Frameworks/CoreVideo.framework/Versions/A/CoreVideo
0x000000000f919000 	/System/Library/PrivateFrameworks/GraphVisualizer.framework/Versions/A/GraphVisualizer
0x000000000f919000 	/System/Library/Frameworks/MetalPerformanceShaders.framework/Versions/A/MetalPerformanceShaders
0x000000000f919000 	/usr/lib/libFosl_dynamic.dylib
0x000000000f919000 	/System/Library/PrivateFrameworks/FaceCore.framework/Versions/A/FaceCore
0x000000000f919000 	/System/Library/Frameworks/OpenCL.framework/Versions/A/OpenCL
0x000000000f919000 	/usr/lib/libcompression.dylib
0x000000000f919000 	/System/Library/Frameworks/ApplicationServices.framework/Versions/A/Frameworks/ATS.framework/Versions/A/Resources/libFontParser.dylib
0x000000000f919000 	/System/Library/Frameworks/ApplicationServices.framework/Versions/A/Frameworks/ATS.framework/Versions/A/Resources/libFontRegistry.dylib
0x000000000f919000 	/System/Library/Frameworks/ImageIO.framework/Versions/A/Resources/libJPEG.dylib
0x000000000f919000 	/System/Library/Frameworks/ImageIO.framework/Versions/A/Resources/libTIFF.dylib
0x000000000f919000 	/System/Library/Frameworks/ImageIO.framework/Versions/A/Resources/libPng.dylib
0x000000000f919000 	/System/Library/Frameworks/ImageIO.framework/Versions/A/Resources/libGIF.dylib
0x000000000f919000 	/System/Library/Frameworks/ImageIO.framework/Versions/A/Resources/libJP2.dylib
0x000000000f919000 	/System/Library/Frameworks/ImageIO.framework/Versions/A/Resources/libRadiance.dylib
0x000000000f919000 	/System/Library/PrivateFrameworks/AppleJPEG.framework/Versions/A/AppleJPEG
0x000000000f919000 	/System/Library/PrivateFrameworks/MetalTools.framework/Versions/A/MetalTools
0x000000000f919000 	/System/Library/Frameworks/MetalPerformanceShaders.framework/Frameworks/MPSCore.framework/Versions/A/MPSCore
0x000000000f919000 	/System/Library/Frameworks/MetalPerformanceShaders.framework/Frameworks/MPSImage.framework/Versions/A/MPSImage
0x000000000f919000 	/System/Library/Frameworks/MetalPerformanceShaders.framework/Frameworks/MPSMatrix.framework/Versions/A/MPSMatrix
0x000000000f919000 	/System/Library/Frameworks/MetalPerformanceShaders.framework/Frameworks/MPSNeuralNetwork.framework/Versions/A/MPSNeuralNetwork
0x000000000f919000 	/System/Library/Frameworks/OpenGL.framework/Versions/A/Libraries/libGLU.dylib
0x000000000f919000 	/System/Library/Frameworks/OpenGL.framework/Versions/A/Libraries/libGFXShared.dylib
0x000000000f919000 	/System/Library/Frameworks/OpenGL.framework/Versions/A/Libraries/libGL.dylib
0x000000000f919000 	/System/Library/Frameworks/OpenGL.framework/Versions/A/Libraries/libGLImage.dylib
0x000000000f919000 	/System/Library/Frameworks/OpenGL.framework/Versions/A/Libraries/libCVMSPluginSupport.dylib
0x000000000f919000 	/System/Library/Frameworks/OpenGL.framework/Versions/A/Libraries/libCoreVMClient.dylib
0x000000000f919000 	/usr/lib/libcups.2.dylib
0x000000000f919000 	/System/Library/Frameworks/Kerberos.framework/Versions/A/Kerberos
0x000000000f919000 	/System/Library/Frameworks/GSS.framework/Versions/A/GSS
0x000000000f919000 	/usr/lib/libresolv.9.dylib
0x000000000f919000 	/usr/lib/libiconv.2.dylib
0x000000000f919000 	/System/Library/PrivateFrameworks/Heimdal.framework/Versions/A/Heimdal
0x000000000f919000 	/usr/lib/libheimdal-asn1.dylib
0x000000000f919000 	/System/Library/Frameworks/OpenDirectory.framework/Versions/A/OpenDirectory
0x000000000f919000 	/System/Library/PrivateFrameworks/CommonAuth.framework/Versions/A/CommonAuth
0x000000000f919000 	/System/Library/Frameworks/OpenDirectory.framework/Versions/A/Frameworks/CFOpenDirectory.framework/Versions/A/CFOpenDirectory
0x000000000f919000 	/System/Library/Frameworks/SecurityFoundation.framework/Versions/A/SecurityFoundation
0x000000000f919000 	/System/Library/PrivateFrameworks/APFS.framework/Versions/A/APFS
0x000000000f919000 	/usr/lib/libutil.dylib
0x000000000f919000 	/System/Library/PrivateFrameworks/AppleSauce.framework/Versions/A/AppleSauce
0x000000000f919000 	/System/Library/PrivateFrameworks/LinguisticData.framework/Versions/A/LinguisticData
0x000000000f919000 	/usr/lib/libmarisa.dylib
0x000000000f919000 	/System/Library/PrivateFrameworks/Lexicon.framework/Versions/A/Lexicon
0x000000000f919000 	/usr/lib/libChineseTokenizer.dylib
0x000000000f919000 	/usr/lib/libcmph.dylib
0x000000000f919000 	/System/Library/PrivateFrameworks/LanguageModeling.framework/Versions/A/LanguageModeling
0x000000000f919000 	/System/Library/PrivateFrameworks/CoreEmoji.framework/Versions/A/CoreEmoji
0x000000000f919000 	/System/Library/Frameworks/ServiceManagement.framework/Versions/A/ServiceManagement
0x000000000f919000 	/System/Library/PrivateFrameworks/BackgroundTaskManagement.framework/Versions/A/BackgroundTaskManagement
0x000000000f919000 	/usr/lib/libxslt.1.dylib
0x000000000f919000 	/System/Library/Frameworks/Carbon.framework/Versions/A/Frameworks/Ink.framework/Versions/A/Ink
0x000000000f919000 	/System/Library/PrivateFrameworks/TextureIO.framework/Versions/A/TextureIO
0x000000000f919000 	/usr/lib/libate.dylib
0x000000000f919000 	/System/Library/PrivateFrameworks/CrashReporterSupport.framework/Versions/A/CrashReporterSupport
0x000000000f919000 	/System/Library/PrivateFrameworks/Sharing.framework/Versions/A/Sharing
0x000000000f919000 	/System/Library/PrivateFrameworks/IconServices.framework/Versions/A/IconServices
0x000000000f919000 	/System/Library/PrivateFrameworks/ProtocolBuffer.framework/Versions/A/ProtocolBuffer
0x000000000f919000 	/System/Library/PrivateFrameworks/Apple80211.framework/Versions/A/Apple80211
0x000000000f919000 	/System/Library/Frameworks/CoreWLAN.framework/Versions/A/CoreWLAN
0x000000000f919000 	/System/Library/PrivateFrameworks/CoreUtils.framework/Versions/A/CoreUtils
0x000000000f919000 	/System/Library/Frameworks/IOBluetooth.framework/Versions/A/IOBluetooth
0x000000000f919000 	/System/Library/PrivateFrameworks/CoreWiFi.framework/Versions/A/CoreWiFi
0x000000000f919000 	/System/Library/Frameworks/CoreBluetooth.framework/Versions/A/CoreBluetooth
0x000000000f919000 	/System/Library/PrivateFrameworks/SignpostNotification.framework/Versions/A/SignpostNotification
0x000000000f919000 	/System/Library/PrivateFrameworks/DebugSymbols.framework/Versions/A/DebugSymbols
0x000000000f919000 	/System/Library/PrivateFrameworks/CoreSymbolication.framework/Versions/A/CoreSymbolication
0x000000000f919000 	/System/Library/PrivateFrameworks/Symbolication.framework/Versions/A/Symbolication
0x000000000f919000 	/System/Library/PrivateFrameworks/AppleFSCompression.framework/Versions/A/AppleFSCompression
0x000000000f919000 	/System/Library/PrivateFrameworks/SpeechRecognitionCore.framework/Versions/A/SpeechRecognitionCore
0x000000010e200000 	/Applications/Android Studio.app/Contents/jre/jdk/Contents/Home/jre/lib/server/libjvm.dylib
0x000000000f919000 	/usr/lib/libstdc++.6.0.9.dylib
0x000000010d147000 	/Applications/Android Studio.app/Contents/jre/jdk/Contents/Home/jre/lib/libverify.dylib
0x000000010d153000 	/Applications/Android Studio.app/Contents/jre/jdk/Contents/Home/jre/lib/libjava.dylib
0x000000010d1d1000 	/Applications/Android Studio.app/Contents/jre/jdk/Contents/Home/jre/lib/libzip.dylib
0x00000001154c2000 	/Applications/Android Studio.app/Contents/jre/jdk/Contents/Home/jre/lib/libnet.dylib
0x000000011559a000 	/Applications/Android Studio.app/Contents/jre/jdk/Contents/Home/jre/lib/libnio.dylib
0x0000000115782000 	/Users/annascott/.gradle/native/25/osx-amd64/libnative-platform.dylib
0x0000000115b06000 	/Applications/Android Studio.app/Contents/jre/jdk/Contents/Home/jre/lib/libmanagement.dylib

VM Arguments:
jvm_args: -Xmx1536m -Dfile.encoding=UTF-8 -Duser.country=US -Duser.language=en -Duser.variant 
java_command: org.gradle.launcher.daemon.bootstrap.GradleDaemon 4.4
java_class_path (initial): /Users/annascott/.gradle/wrapper/dists/gradle-4.4-all/9br9xq1tocpiv8o6njlyu5op1/gradle-4.4/lib/gradle-launcher-4.4.jar
Launcher Type: SUN_STANDARD

Environment Variables:
PATH=/usr/local/bin:/usr/bin:/bin:/usr/sbin:/sbin
SHELL=/bin/bash

Signal Handlers:
SIGSEGV: [libjvm.dylib+0x53f567], sa_mask[0]=11111111011111110111111111111111, sa_flags=SA_ONSTACK|SA_RESTART|SA_SIGINFO
SIGBUS: [libjvm.dylib+0x53f567], sa_mask[0]=11111111011111110111111111111111, sa_flags=SA_RESTART|SA_SIGINFO
SIGFPE: [libjvm.dylib+0x437adf], sa_mask[0]=11111111011111110111111111111111, sa_flags=SA_RESTART|SA_SIGINFO
SIGPIPE: [libjvm.dylib+0x437adf], sa_mask[0]=11111111011111110111111111111111, sa_flags=SA_RESTART|SA_SIGINFO
SIGXFSZ: [libjvm.dylib+0x437adf], sa_mask[0]=11111111011111110111111111111111, sa_flags=SA_RESTART|SA_SIGINFO
SIGILL: [libjvm.dylib+0x437adf], sa_mask[0]=11111111011111110111111111111111, sa_flags=SA_RESTART|SA_SIGINFO
SIGUSR1: SIG_DFL, sa_mask[0]=00000000000000000000000000000000, sa_flags=none
SIGUSR2: [libjvm.dylib+0x438404], sa_mask[0]=00100000000000000000000000000000, sa_flags=SA_RESTART|SA_SIGINFO
SIGHUP: [libjvm.dylib+0x4365f9], sa_mask[0]=11111111011111110111111111111111, sa_flags=SA_RESTART|SA_SIGINFO
SIGINT: [libjvm.dylib+0x4365f9], sa_mask[0]=11111111011111110111111111111111, sa_flags=SA_RESTART|SA_SIGINFO
SIGTERM: [libjvm.dylib+0x4365f9], sa_mask[0]=11111111011111110111111111111111, sa_flags=SA_RESTART|SA_SIGINFO
SIGQUIT: [libjvm.dylib+0x4365f9], sa_mask[0]=11111111011111110111111111111111, sa_flags=SA_RESTART|SA_SIGINFO


---------------  S Y S T E M  ---------------

OS:Bsduname:Darwin 17.3.0 Darwin Kernel Version 17.3.0: Thu Nov  9 18:09:22 PST 2017; root:xnu-4570.31.3~1/RELEASE_X86_64 x86_64
rlimit: STACK 8192k, CORE 0k, NPROC 1418, NOFILE 10240, AS infinity
load average:1.90 1.52 1.41

CPU:total 8 (initial active 8) (4 cores per cpu, 2 threads per core) family 6 model 94 stepping 3, cmov, cx8, fxsr, mmx, sse, sse2, sse3, ssse3, sse4.1, sse4.2, popcnt, avx, avx2, aes, clmul, erms, rtm, 3dnowpref, lzcnt, ht, tsc, tscinvbit, bmi1, bmi2, adx

Memory: 4k page, physical 16777216k(3333016k free)

/proc/meminfo:


vm_info: OpenJDK 64-Bit Server VM (25.152-b01) for bsd-amd64 JRE (1.8.0_152-release-1024-b01), built by "builder" with gcc 4.2.1 Compatible Apple LLVM 8.1.0 (clang-802.0.42)

time: Fri Apr 27 08:53:55 2018
elapsed time: 6 seconds (0d 0h 0m 6s)

