#
# A fatal error has been detected by the Java Runtime Environment:
#
#  SIGSEGV (0xb) at pc=0x0000000106c80bcd, pid=4413, tid=0x0000000000003f03
#
# JRE version: OpenJDK Runtime Environment (8.0_152-b01) (build 1.8.0_152-release-1024-b01)
# Java VM: OpenJDK 64-Bit Server VM (25.152-b01 mixed mode bsd-amd64 compressed oops)
# Problematic frame:
# V  [libjvm.dylib+0x480bcd]
#
# Failed to write core dump. Core dumps have been disabled. To enable core dumping, try "ulimit -c unlimited" before starting Java again
#
# If you would like to submit a bug report, please visit:
#   http://bugreport.java.com/bugreport/crash.jsp
#

---------------  T H R E A D  ---------------

Current thread (0x00007ff11e00d800):  JavaThread "C2 CompilerThread1" daemon [_thread_in_native, id=16131, stack(0x000070000d97c000,0x000070000da7c000)]

siginfo: si_signo: 11 (SIGSEGV), si_code: 0 (unknown), si_addr: 0x0000000000000000

Registers:
RAX=0x00007ff121bbf8d0, RBX=0x00007ff121bbf840, RCX=0x00007ff1234cce38, RDX=0x0000000000000000
RSP=0x000070000da78870, RBP=0x000070000da78a50, RSI=0x0000000000000050, RDI=0x000070000da7b210
R8 =0x0000000106fe1a01, R9 =0x00007ff1222e7888, R10=0x00007ff124908010, R11=0x0000000006fe1a01
R12=0x00007ff1222e7850, R13=0x0000000000000001, R14=0x8000000000000000, R15=0x00007ff1234ccde8
RIP=0x0000000106c80bcd, EFLAGS=0x0000000000010202, ERR=0x0000000000000000
  TRAPNO=0x000000000000000d

Top of Stack: (sp=0x000070000da78870)
0x000070000da78870:   0000700000000002 000070000da78880
0x000070000da78880:   00007ff122fcd560 0000000106ff33f0
0x000070000da78890:   000070000da78b80 00007ff11dfb0ef0
0x000070000da788a0:   00007ff11dfb0f00 00007ff11dfb12d8
0x000070000da788b0:   00000000000003d8 0000000100000000
0x000070000da788c0:   0000000106ff33f0 0000000000000000
0x000070000da788d0:   0000000000000000 000000011c94ca48
0x000070000da788e0:   000070000da7a3c8 0000081000000076
0x000070000da788f0:   000070000da78b80 000000010000000f
0x000070000da78900:   00007ff11ee0fc10 0000000106d0b847
0x000070000da78910:   0000000500000000 0000000000000008
0x000070000da78920:   00007ff122fcd560 00007ff1225332c0
0x000070000da78930:   000070000da78880 00007ff11faf7490
0x000070000da78940:   000070000da78870 00007ff122531410
0x000070000da78950:   ffffffffffffff01 00007ff11ee13c90
0x000070000da78960:   00007ff11faf7450 00007ff11ee15cd0
0x000070000da78970:   00007ff122532f10 0000000000000000
0x000070000da78980:   0000081000000000 000070000da78b80
0x000070000da78990:   0000035d0000000f 00007ff11ee11c50
0x000070000da789a0:   0000000000000007 0000000000000051
0x000070000da789b0:   00007ff122533e50 000000761faf7400
0x000070000da789c0:   0000000000000409 00007ff122533aa0
0x000070000da789d0:   0000000000000076 0000000006fbe498
0x000070000da789e0:   000000000001a3a8 0000000000000051
0x000070000da789f0:   0000000000000051 0000000000000000
0x000070000da78a00:   00007ff121bbf840 000000001e19df01
0x000070000da78a10:   0000000600000000 000070000da7a2b8
0x000070000da78a20:   00000810422d003a 0000000000000000
0x000070000da78a30:   000070000da7a3a0 000070000da7a2b8
0x000070000da78a40:   000070000da78bf0 000070000da78b28
0x000070000da78a50:   000070000da78c80 0000000106949cd6
0x000070000da78a60:   0000000000000029 0000000106fafbc0 

Instructions: (pc=0x0000000106c80bcd)
0x0000000106c80bad:   8b 85 78 ff ff ff 48 8b 4d 98 49 89 cc 4c 89 3c
0x0000000106c80bbd:   c8 49 89 dd 4c 8b 75 c8 e9 81 00 00 00 45 31 e4
0x0000000106c80bcd:   49 8b 06 4c 89 f7 ff 50 28 c7 44 24 08 00 6c ca
0x0000000106c80bdd:   88 c7 04 24 01 00 00 00 31 c9 41 b8 ff ff ff ff 

Register to memory mapping:

RAX=0x00007ff121bbf8d0 is an unknown value
RBX=0x00007ff121bbf840 is an unknown value
RCX=0x00007ff1234cce38 is an unknown value
RDX=0x0000000000000000 is an unknown value
RSP=0x000070000da78870 is pointing into the stack for thread: 0x00007ff11e00d800
RBP=0x000070000da78a50 is pointing into the stack for thread: 0x00007ff11e00d800
RSI=0x0000000000000050 is an unknown value
RDI=0x000070000da7b210 is pointing into the stack for thread: 0x00007ff11e00d800
R8 =0x0000000106fe1a01: _ZZN13TemplateTable6dconstEiE3one+0x1 in /Applications/Android Studio.app/Contents/jre/jdk/Contents/Home/jre/lib/server/libjvm.dylib at 0x0000000106800000
R9 =0x00007ff1222e7888 is an unknown value
R10=0x00007ff124908010 is an unknown value
R11=0x0000000006fe1a01 is an unknown value
R12=0x00007ff1222e7850 is an unknown value
R13=0x0000000000000001 is an unknown value
R14=0x8000000000000000 is an unknown value
R15=0x00007ff1234ccde8 is an unknown value


Stack: [0x000070000d97c000,0x000070000da7c000],  sp=0x000070000da78870,  free space=1010k
Native frames: (J=compiled Java code, j=interpreted, Vv=VM code, C=native code)
V  [libjvm.dylib+0x480bcd]
V  [libjvm.dylib+0x149cd6]
V  [libjvm.dylib+0x1969a0]
V  [libjvm.dylib+0x195388]
V  [libjvm.dylib+0x13b9da]
V  [libjvm.dylib+0x1a067a]
V  [libjvm.dylib+0x19fc78]
V  [libjvm.dylib+0x505e88]
V  [libjvm.dylib+0x505d4d]
V  [libjvm.dylib+0x435709]
C  [libsystem_pthread.dylib+0x36c1]  _pthread_body+0x154
C  [libsystem_pthread.dylib+0x356d]  _pthread_body+0x0
C  [libsystem_pthread.dylib+0x2c5d]  thread_start+0xd
C  0x0000000000000000


Current CompileTask:
C2: 100428 8845       4       java.beans.Introspector::addMethod (196 bytes)


---------------  P R O C E S S  ---------------

Java Threads: ( => current thread )
  0x00007ff121a88000 JavaThread "Memory manager" [_thread_blocked, id=41735, stack(0x000070000e5a0000,0x000070000e6a0000)]
  0x00007ff11eb6d000 JavaThread "build operations Thread 8" [_thread_blocked, id=38659, stack(0x000070000f1c4000,0x000070000f2c4000)]
  0x00007ff11ec57000 JavaThread "build operations Thread 7" [_thread_blocked, id=25859, stack(0x000070000f0c1000,0x000070000f1c1000)]
  0x00007ff11ea80000 JavaThread "build operations Thread 6" [_thread_blocked, id=38915, stack(0x000070000efbe000,0x000070000f0be000)]
  0x00007ff122657800 JavaThread "build operations Thread 5" [_thread_blocked, id=25091, stack(0x000070000eebb000,0x000070000efbb000)]
  0x00007ff11eff6800 JavaThread "build operations Thread 4" [_thread_blocked, id=39427, stack(0x000070000edb8000,0x000070000eeb8000)]
  0x00007ff122495000 JavaThread "build operations Thread 3" [_thread_blocked, id=39939, stack(0x000070000ecb5000,0x000070000edb5000)]
  0x00007ff123147800 JavaThread "build operations Thread 2" [_thread_blocked, id=17159, stack(0x000070000ebb2000,0x000070000ecb2000)]
  0x00007ff12311e000 JavaThread "build operations" [_thread_blocked, id=3847, stack(0x000070000eaaf000,0x000070000ebaf000)]
  0x00007ff120da2800 JavaThread "Cache worker for Artifact transforms cache (/Users/annascott/.gradle/caches/transforms-1)" [_thread_blocked, id=40451, stack(0x000070000e9ac000,0x000070000eaac000)]
  0x00007ff11c317000 JavaThread "Cache worker for file hash cache (/Users/annascott/AndroidStudioProjects/SmallBusiness/.gradle/4.4/fileHashes)" [_thread_blocked, id=24579, stack(0x000070000e8a9000,0x000070000e9a9000)]
  0x00007ff11c30f000 JavaThread "File lock request listener" [_thread_in_native, id=41219, stack(0x000070000e7a6000,0x000070000e8a6000)]
  0x00007ff1208a9000 JavaThread "Cache worker for file hash cache (/Users/annascott/.gradle/caches/4.4/fileHashes)" [_thread_blocked, id=24323, stack(0x000070000e6a3000,0x000070000e7a3000)]
  0x00007ff11d3cb800 JavaThread "Asynchronous log dispatcher for DefaultDaemonConnection: socket connection from /127.0.0.1:50754 to /127.0.0.1:50755" [_thread_blocked, id=42243, stack(0x000070000e49d000,0x000070000e59d000)]
  0x00007ff11c30a000 JavaThread "Daemon worker" [_thread_in_native, id=42499, stack(0x000070000e39a000,0x000070000e49a000)]
  0x00007ff11c2f1000 JavaThread "Cancel handler" [_thread_blocked, id=23299, stack(0x000070000e297000,0x000070000e397000)]
  0x00007ff11f810000 JavaThread "Handler for socket connection from /127.0.0.1:50754 to /127.0.0.1:50755" [_thread_in_native, id=23043, stack(0x000070000e194000,0x000070000e294000)]
  0x00007ff11d32e000 JavaThread "Daemon" [_thread_blocked, id=43011, stack(0x000070000e091000,0x000070000e191000)]
  0x00007ff11eb0e000 JavaThread "Daemon periodic checks" [_thread_blocked, id=22531, stack(0x000070000df8e000,0x000070000e08e000)]
  0x00007ff11c2e7800 JavaThread "Incoming local TCP Connector on port 50754" [_thread_in_native, id=22019, stack(0x000070000de8b000,0x000070000df8b000)]
  0x00007ff11c059000 JavaThread "Service Thread" daemon [_thread_blocked, id=14595, stack(0x000070000dc85000,0x000070000dd85000)]
  0x00007ff11e824800 JavaThread "C1 CompilerThread3" daemon [_thread_blocked, id=14083, stack(0x000070000db82000,0x000070000dc82000)]
  0x00007ff11c814000 JavaThread "C2 CompilerThread2" daemon [_thread_in_native, id=15619, stack(0x000070000da7f000,0x000070000db7f000)]
=>0x00007ff11e00d800 JavaThread "C2 CompilerThread1" daemon [_thread_in_native, id=16131, stack(0x000070000d97c000,0x000070000da7c000)]
  0x00007ff11c02f800 JavaThread "C2 CompilerThread0" daemon [_thread_in_native, id=16643, stack(0x000070000d879000,0x000070000d979000)]
  0x00007ff11e824000 JavaThread "Signal Dispatcher" daemon [_thread_blocked, id=13835, stack(0x000070000d776000,0x000070000d876000)]
  0x00007ff11c008800 JavaThread "Finalizer" daemon [_thread_blocked, id=19715, stack(0x000070000d5f0000,0x000070000d6f0000)]
  0x00007ff11c813000 JavaThread "Reference Handler" daemon [_thread_blocked, id=12803, stack(0x000070000d4ed000,0x000070000d5ed000)]
  0x00007ff11c804000 JavaThread "main" [_thread_blocked, id=10243, stack(0x000070000cacf000,0x000070000cbcf000)]

Other Threads:
  0x00007ff11d01e000 VMThread [stack: 0x000070000d3ea000,0x000070000d4ea000] [id=20483]
  0x00007ff11c044800 WatcherThread [stack: 0x000070000dd88000,0x000070000de88000] [id=15107]

VM state:not at safepoint (normal execution)

VM Mutex/Monitor currently owned by a thread: None

Heap:
 PSYoungGen      total 384512K, used 140420K [0x00000007a0000000, 0x00000007be100000, 0x00000007c0000000)
  eden space 369152K, 38% used [0x00000007a0000000,0x00000007a8921218,0x00000007b6880000)
  from space 15360K, 0% used [0x00000007b6880000,0x00000007b6880000,0x00000007b7780000)
  to   space 21504K, 0% used [0x00000007bcc00000,0x00000007bcc00000,0x00000007be100000)
 ParOldGen       total 248832K, used 40951K [0x0000000760000000, 0x000000076f300000, 0x00000007a0000000)
  object space 248832K, 16% used [0x0000000760000000,0x00000007627fdda0,0x000000076f300000)
 Metaspace       used 61908K, capacity 63804K, committed 63960K, reserved 1103872K
  class space    used 8216K, capacity 8691K, committed 8704K, reserved 1048576K

Card table byte_map: [0x0000000107628000,0x0000000107929000] byte_map_base: 0x0000000103b28000

Marking Bits: (ParMarkBitMap*) 0x0000000106ff81c8
 Begin Bits: [0x0000000117a51000, 0x0000000119251000)
 End Bits:   [0x0000000119251000, 0x000000011aa51000)

Polling page: 0x000000010564b000

CodeCache: size=245760Kb used=26722Kb max_used=26722Kb free=219037Kb
 bounds [0x0000000108a51000, 0x000000010a491000, 0x0000000117a51000]
 total_blobs=8357 nmethods=7548 adapters=722
 compilation: enabled

Compilation events (10 events):
Event: 100.418 Thread 0x00007ff11e824800 8921       3       org.codehaus.groovy.runtime.typehandling.DefaultTypeTransformation::booleanUnbox (5 bytes)
Event: 100.418 Thread 0x00007ff11e824800 nmethod 8921 0x000000010a479d10 code [0x000000010a479e80, 0x000000010a479fe8]
Event: 100.418 Thread 0x00007ff11e824800 8923       3       groovy.lang.MetaClassImpl::chooseMethodInternal (269 bytes)
Event: 100.421 Thread 0x00007ff11e824800 nmethod 8923 0x000000010a47a090 code [0x000000010a47a420, 0x000000010a47c6b8]
Event: 100.421 Thread 0x00007ff11e824800 8924       3       org.codehaus.groovy.runtime.InvokerHelper::getMetaClass (28 bytes)
Event: 100.422 Thread 0x00007ff11e824800 nmethod 8924 0x000000010a47d910 code [0x000000010a47dba0, 0x000000010a47f078]
Event: 100.422 Thread 0x00007ff11e824800 8922       3       groovy.lang.MetaClassImpl::chooseMethod (29 bytes)
Event: 100.422 Thread 0x00007ff11e824800 nmethod 8922 0x000000010a47fd50 code [0x000000010a47fee0, 0x000000010a480338]
Event: 100.422 Thread 0x00007ff11e824800 8925       1       org.gradle.api.internal.project.DefaultProject::getAsDynamicObject (5 bytes)
Event: 100.422 Thread 0x00007ff11e824800 nmethod 8925 0x000000010a480450 code [0x000000010a4805a0, 0x000000010a4806b0]

GC Heap History (10 events):
Event: 35.190 GC heap before
{Heap before GC invocations=8 (full 2):
 PSYoungGen      total 272896K, used 262144K [0x00000007a0000000, 0x00000007b3180000, 0x00000007c0000000)
  eden space 262144K, 100% used [0x00000007a0000000,0x00000007b0000000,0x00000007b0000000)
  from space 10752K, 0% used [0x00000007b0000000,0x00000007b0000000,0x00000007b0a80000)
  to   space 14336K, 0% used [0x00000007b2380000,0x00000007b2380000,0x00000007b3180000)
 ParOldGen       total 173056K, used 20108K [0x0000000760000000, 0x000000076a900000, 0x00000007a0000000)
  object space 173056K, 11% used [0x0000000760000000,0x00000007613a3210,0x000000076a900000)
 Metaspace       used 40664K, capacity 41498K, committed 41944K, reserved 1085440K
  class space    used 5265K, capacity 5536K, committed 5632K, reserved 1048576K
Event: 35.200 GC heap after
Heap after GC invocations=8 (full 2):
 PSYoungGen      total 298496K, used 7879K [0x00000007a0000000, 0x00000007b7d00000, 0x00000007c0000000)
  eden space 284160K, 0% used [0x00000007a0000000,0x00000007a0000000,0x00000007b1580000)
  from space 14336K, 54% used [0x00000007b2380000,0x00000007b2b31d20,0x00000007b3180000)
  to   space 14336K, 0% used [0x00000007b1580000,0x00000007b1580000,0x00000007b2380000)
 ParOldGen       total 173056K, used 20207K [0x0000000760000000, 0x000000076a900000, 0x00000007a0000000)
  object space 173056K, 11% used [0x0000000760000000,0x00000007613bbe70,0x000000076a900000)
 Metaspace       used 40664K, capacity 41498K, committed 41944K, reserved 1085440K
  class space    used 5265K, capacity 5536K, committed 5632K, reserved 1048576K
}
Event: 94.978 GC heap before
{Heap before GC invocations=9 (full 2):
 PSYoungGen      total 298496K, used 292039K [0x00000007a0000000, 0x00000007b7d00000, 0x00000007c0000000)
  eden space 284160K, 100% used [0x00000007a0000000,0x00000007b1580000,0x00000007b1580000)
  from space 14336K, 54% used [0x00000007b2380000,0x00000007b2b31d20,0x00000007b3180000)
  to   space 14336K, 0% used [0x00000007b1580000,0x00000007b1580000,0x00000007b2380000)
 ParOldGen       total 173056K, used 20207K [0x0000000760000000, 0x000000076a900000, 0x00000007a0000000)
  object space 173056K, 11% used [0x0000000760000000,0x00000007613bbe70,0x000000076a900000)
 Metaspace       used 40786K, capacity 41626K, committed 41944K, reserved 1085440K
  class space    used 5265K, capacity 5536K, committed 5632K, reserved 1048576K
Event: 94.984 GC heap after
Heap after GC invocations=9 (full 2):
 PSYoungGen      total 298496K, used 6491K [0x00000007a0000000, 0x00000007b8880000, 0x00000007c0000000)
  eden space 284160K, 0% used [0x00000007a0000000,0x00000007a0000000,0x00000007b1580000)
  from space 14336K, 45% used [0x00000007b1580000,0x00000007b1bd6fc0,0x00000007b2380000)
  to   space 14336K, 0% used [0x00000007b7a80000,0x00000007b7a80000,0x00000007b8880000)
 ParOldGen       total 173056K, used 20223K [0x0000000760000000, 0x000000076a900000, 0x00000007a0000000)
  object space 173056K, 11% used [0x0000000760000000,0x00000007613bfe70,0x000000076a900000)
 Metaspace       used 40786K, capacity 41626K, committed 41944K, reserved 1085440K
  class space    used 5265K, capacity 5536K, committed 5632K, reserved 1048576K
}
Event: 97.619 GC heap before
{Heap before GC invocations=10 (full 2):
 PSYoungGen      total 298496K, used 290651K [0x00000007a0000000, 0x00000007b8880000, 0x00000007c0000000)
  eden space 284160K, 100% used [0x00000007a0000000,0x00000007b1580000,0x00000007b1580000)
  from space 14336K, 45% used [0x00000007b1580000,0x00000007b1bd6fc0,0x00000007b2380000)
  to   space 14336K, 0% used [0x00000007b7a80000,0x00000007b7a80000,0x00000007b8880000)
 ParOldGen       total 173056K, used 20223K [0x0000000760000000, 0x000000076a900000, 0x00000007a0000000)
  object space 173056K, 11% used [0x0000000760000000,0x00000007613bfe70,0x000000076a900000)
 Metaspace       used 45300K, capacity 46294K, committed 46680K, reserved 1089536K
  class space    used 5860K, capacity 6159K, committed 6272K, reserved 1048576K
Event: 97.633 GC heap after
Heap after GC invocations=10 (full 2):
 PSYoungGen      total 381440K, used 12233K [0x00000007a0000000, 0x00000007b8680000, 0x00000007c0000000)
  eden space 369152K, 0% used [0x00000007a0000000,0x00000007a0000000,0x00000007b6880000)
  from space 12288K, 99% used [0x00000007b7a80000,0x00000007b86726c0,0x00000007b8680000)
  to   space 15360K, 0% used [0x00000007b6880000,0x00000007b6880000,0x00000007b7780000)
 ParOldGen       total 173056K, used 20231K [0x0000000760000000, 0x000000076a900000, 0x00000007a0000000)
  object space 173056K, 11% used [0x0000000760000000,0x00000007613c1e70,0x000000076a900000)
 Metaspace       used 45300K, capacity 46294K, committed 46680K, reserved 1089536K
  class space    used 5860K, capacity 6159K, committed 6272K, reserved 1048576K
}
Event: 99.192 GC heap before
{Heap before GC invocations=11 (full 2):
 PSYoungGen      total 381440K, used 190464K [0x00000007a0000000, 0x00000007b8680000, 0x00000007c0000000)
  eden space 369152K, 48% used [0x00000007a0000000,0x00000007aae0db80,0x00000007b6880000)
  from space 12288K, 99% used [0x00000007b7a80000,0x00000007b86726c0,0x00000007b8680000)
  to   space 15360K, 0% used [0x00000007b6880000,0x00000007b6880000,0x00000007b7780000)
 ParOldGen       total 173056K, used 20231K [0x0000000760000000, 0x000000076a900000, 0x00000007a0000000)
  object space 173056K, 11% used [0x0000000760000000,0x00000007613c1e70,0x000000076a900000)
 Metaspace       used 57468K, capacity 59004K, committed 59028K, reserved 1099776K
  class space    used 7514K, capacity 7935K, committed 7936K, reserved 1048576K
Event: 99.217 GC heap after
Heap after GC invocations=11 (full 2):
 PSYoungGen      total 384512K, used 15331K [0x00000007a0000000, 0x00000007be100000, 0x00000007c0000000)
  eden space 369152K, 0% used [0x00000007a0000000,0x00000007a0000000,0x00000007b6880000)
  from space 15360K, 99% used [0x00000007b6880000,0x00000007b7778dc8,0x00000007b7780000)
  to   space 21504K, 0% used [0x00000007bcc00000,0x00000007bcc00000,0x00000007be100000)
 ParOldGen       total 173056K, used 31689K [0x0000000760000000, 0x000000076a900000, 0x00000007a0000000)
  object space 173056K, 18% used [0x0000000760000000,0x0000000761ef24f8,0x000000076a900000)
 Metaspace       used 57468K, capacity 59004K, committed 59028K, reserved 1099776K
  class space    used 7514K, capacity 7935K, committed 7936K, reserved 1048576K
}
Event: 99.217 GC heap before
{Heap before GC invocations=12 (full 3):
 PSYoungGen      total 384512K, used 15331K [0x00000007a0000000, 0x00000007be100000, 0x00000007c0000000)
  eden space 369152K, 0% used [0x00000007a0000000,0x00000007a0000000,0x00000007b6880000)
  from space 15360K, 99% used [0x00000007b6880000,0x00000007b7778dc8,0x00000007b7780000)
  to   space 21504K, 0% used [0x00000007bcc00000,0x00000007bcc00000,0x00000007be100000)
 ParOldGen       total 173056K, used 31689K [0x0000000760000000, 0x000000076a900000, 0x00000007a0000000)
  object space 173056K, 18% used [0x0000000760000000,0x0000000761ef24f8,0x000000076a900000)
 Metaspace       used 57468K, capacity 59004K, committed 59028K, reserved 1099776K
  class space    used 7514K, capacity 7935K, committed 7936K, reserved 1048576K
Event: 99.373 GC heap after
Heap after GC invocations=12 (full 3):
 PSYoungGen      total 384512K, used 0K [0x00000007a0000000, 0x00000007be100000, 0x00000007c0000000)
  eden space 369152K, 0% used [0x00000007a0000000,0x00000007a0000000,0x00000007b6880000)
  from space 15360K, 0% used [0x00000007b6880000,0x00000007b6880000,0x00000007b7780000)
  to   space 21504K, 0% used [0x00000007bcc00000,0x00000007bcc00000,0x00000007be100000)
 ParOldGen       total 248832K, used 40951K [0x0000000760000000, 0x000000076f300000, 0x00000007a0000000)
  object space 248832K, 16% used [0x0000000760000000,0x00000007627fdda0,0x000000076f300000)
 Metaspace       used 57430K, capacity 58898K, committed 59028K, reserved 1099776K
  class space    used 7502K, capacity 7921K, committed 7936K, reserved 1048576K
}

Deoptimization events (10 events):
Event: 99.976 Thread 0x00007ff11c30a000 Uncommon trap: reason=unstable_if action=reinterpret pc=0x0000000109840740 method=java.lang.reflect.AccessibleObject.setAccessible0(Ljava/lang/reflect/AccessibleObject;Z)V @ 23
Event: 100.163 Thread 0x00007ff11c30a000 Uncommon trap: reason=class_check action=maybe_recompile pc=0x00000001094b0360 method=java.lang.Throwable.<init>(Ljava/lang/String;Ljava/lang/Throwable;)V @ 24
Event: 100.163 Thread 0x00007ff11c30a000 Uncommon trap: reason=class_check action=maybe_recompile pc=0x00000001094b0360 method=java.lang.Throwable.<init>(Ljava/lang/String;Ljava/lang/Throwable;)V @ 24
Event: 100.163 Thread 0x00007ff11c30a000 Uncommon trap: reason=class_check action=maybe_recompile pc=0x00000001094b0360 method=java.lang.Throwable.<init>(Ljava/lang/String;Ljava/lang/Throwable;)V @ 24
Event: 100.163 Thread 0x00007ff11c30a000 Uncommon trap: reason=class_check action=maybe_recompile pc=0x00000001094b0360 method=java.lang.Throwable.<init>(Ljava/lang/String;Ljava/lang/Throwable;)V @ 24
Event: 100.178 Thread 0x00007ff11c30a000 Uncommon trap: reason=unstable_if action=reinterpret pc=0x000000010a33c920 method=groovy.lang.MetaClassImpl.checkIfStdMethod(Lgroovy/lang/MetaMethod;)V @ 55
Event: 100.252 Thread 0x00007ff11c30a000 Uncommon trap: reason=class_check action=maybe_recompile pc=0x000000010a351574 method=groovy.lang.MetaMethod.isStatic()Z @ 1
Event: 100.252 Thread 0x00007ff11c30a000 Uncommon trap: reason=class_check action=maybe_recompile pc=0x000000010a351574 method=groovy.lang.MetaMethod.isStatic()Z @ 1
Event: 100.252 Thread 0x00007ff11c30a000 Uncommon trap: reason=class_check action=maybe_recompile pc=0x000000010a351574 method=groovy.lang.MetaMethod.isStatic()Z @ 1
Event: 100.252 Thread 0x00007ff11c30a000 Uncommon trap: reason=class_check action=maybe_recompile pc=0x000000010a351574 method=groovy.lang.MetaMethod.isStatic()Z @ 1

Classes redefined (0 events):
No events

Internal exceptions (10 events):
Event: 100.411 Thread 0x00007ff11c30a000 Exception <a 'java/lang/ClassNotFoundException': com/android/build/gradle/tasks/GenerateBuildConfig_DecoratedBeanInfo> (0x00000007a8097ca0) thrown at [/Volumes/android/AOSP-openjdk-git/jdk8u/hotspot/src/share/vm/classfile/systemDictionary.cpp, line 210]
Event: 100.412 Thread 0x00007ff11c30a000 Exception <a 'java/lang/ClassNotFoundException': com/android/build/gradle/tasks/GenerateBuildConfigBeanInfo> (0x00000007a80ae1d8) thrown at [/Volumes/android/AOSP-openjdk-git/jdk8u/hotspot/src/share/vm/classfile/systemDictionary.cpp, line 210]
Event: 100.412 Thread 0x00007ff11c30a000 Exception <a 'java/lang/ClassNotFoundException': com/android/build/gradle/tasks/GenerateBuildConfigCustomizer> (0x00000007a80c5670) thrown at [/Volumes/android/AOSP-openjdk-git/jdk8u/hotspot/src/share/vm/classfile/systemDictionary.cpp, line 210]
Event: 100.413 Thread 0x00007ff11c30a000 Exception <a 'java/lang/ClassNotFoundException': com/android/build/gradle/tasks/GenerateBuildConfig_DecoratedCustomizer> (0x00000007a8103120) thrown at [/Volumes/android/AOSP-openjdk-git/jdk8u/hotspot/src/share/vm/classfile/systemDictionary.cpp, line 210]
Event: 100.416 Thread 0x00007ff11c30a000 Exception <a 'java/lang/ClassNotFoundException': com/android/build/gradle/tasks/GenerateResValues_DecoratedBeanInfo> (0x00000007a8199180) thrown at [/Volumes/android/AOSP-openjdk-git/jdk8u/hotspot/src/share/vm/classfile/systemDictionary.cpp, line 210]
Event: 100.416 Thread 0x00007ff11c30a000 Exception <a 'java/lang/ClassNotFoundException': com/android/build/gradle/tasks/GenerateResValuesBeanInfo> (0x00000007a81af600) thrown at [/Volumes/android/AOSP-openjdk-git/jdk8u/hotspot/src/share/vm/classfile/systemDictionary.cpp, line 210]
Event: 100.416 Thread 0x00007ff11c30a000 Exception <a 'java/lang/ClassNotFoundException': com/android/build/gradle/tasks/GenerateResValuesCustomizer> (0x00000007a81c5cd8) thrown at [/Volumes/android/AOSP-openjdk-git/jdk8u/hotspot/src/share/vm/classfile/systemDictionary.cpp, line 210]
Event: 100.417 Thread 0x00007ff11c30a000 Exception <a 'java/lang/ClassNotFoundException': com/android/build/gradle/tasks/GenerateResValues_DecoratedCustomizer> (0x00000007a81f75a0) thrown at [/Volumes/android/AOSP-openjdk-git/jdk8u/hotspot/src/share/vm/classfile/systemDictionary.cpp, line 210]
Event: 100.423 Thread 0x00007ff11c30a000 Exception <a 'java/lang/ClassNotFoundException': com/android/build/gradle/internal/tasks/InstallVariantTask_DecoratedBeanInfo> (0x00000007a82b2b08) thrown at [/Volumes/android/AOSP-openjdk-git/jdk8u/hotspot/src/share/vm/classfile/systemDictionary.cpp, lin
Event: 100.423 Thread 0x00007ff11c30a000 Exception <a 'java/lang/ClassNotFoundException': com/android/build/gradle/internal/tasks/InstallVariantTaskBeanInfo> (0x00000007a82cad48) thrown at [/Volumes/android/AOSP-openjdk-git/jdk8u/hotspot/src/share/vm/classfile/systemDictionary.cpp, line 210]

Events (10 events):
Event: 100.423 loading class com/android/build/gradle/internal/tasks/InstallVariantTask_DecoratedBeanInfo
Event: 100.423 loading class com/android/build/gradle/internal/tasks/InstallVariantTask_DecoratedBeanInfo done
Event: 100.423 loading class com/android/build/gradle/internal/tasks/InstallVariantTaskBeanInfo
Event: 100.423 loading class com/android/build/gradle/internal/tasks/InstallVariantTaskBeanInfo done
Event: 100.423 loading class com/android/build/gradle/internal/tasks/InstallVariantTaskBeanInfo
Event: 100.423 loading class com/android/build/gradle/internal/tasks/InstallVariantTaskBeanInfo done
Event: 100.423 loading class com/android/build/gradle/internal/tasks/InstallVariantTaskBeanInfo
Event: 100.423 loading class com/android/build/gradle/internal/tasks/InstallVariantTaskBeanInfo done
Event: 100.423 loading class com/android/build/gradle/internal/tasks/InstallVariantTaskCustomizer
Event: 100.423 loading class com/android/build/gradle/internal/tasks/InstallVariantTaskCustomizer done


Dynamic libraries:
0x0000000005ac8000 	/System/Library/Frameworks/Cocoa.framework/Versions/A/Cocoa
0x0000000005ac8000 	/System/Library/Frameworks/Security.framework/Versions/A/Security
0x0000000005ac8000 	/System/Library/Frameworks/ApplicationServices.framework/Versions/A/ApplicationServices
0x0000000005ac8000 	/usr/lib/libz.1.dylib
0x0000000005ac8000 	/usr/lib/libSystem.B.dylib
0x0000000005ac8000 	/System/Library/Frameworks/CoreFoundation.framework/Versions/A/CoreFoundation
0x0000000005ac8000 	/System/Library/Frameworks/Foundation.framework/Versions/C/Foundation
0x0000000005ac8000 	/usr/lib/libobjc.A.dylib
0x0000000005ac8000 	/System/Library/Frameworks/AppKit.framework/Versions/C/AppKit
0x0000000005ac8000 	/System/Library/Frameworks/CoreData.framework/Versions/A/CoreData
0x0000000005ac8000 	/System/Library/PrivateFrameworks/RemoteViewServices.framework/Versions/A/RemoteViewServices
0x0000000005ac8000 	/System/Library/PrivateFrameworks/UIFoundation.framework/Versions/A/UIFoundation
0x0000000005ac8000 	/System/Library/PrivateFrameworks/DFRFoundation.framework/Versions/A/DFRFoundation
0x0000000005ac8000 	/System/Library/Frameworks/Metal.framework/Versions/A/Metal
0x0000000005ac8000 	/System/Library/PrivateFrameworks/DesktopServicesPriv.framework/Versions/A/DesktopServicesPriv
0x0000000005ac8000 	/usr/lib/libenergytrace.dylib
0x0000000005ac8000 	/System/Library/PrivateFrameworks/SkyLight.framework/Versions/A/SkyLight
0x0000000005ac8000 	/System/Library/Frameworks/CoreGraphics.framework/Versions/A/CoreGraphics
0x0000000005ac8000 	/usr/lib/libScreenReader.dylib
0x0000000005ac8000 	/System/Library/Frameworks/Accelerate.framework/Versions/A/Accelerate
0x0000000005ac8000 	/System/Library/Frameworks/IOSurface.framework/Versions/A/IOSurface
0x0000000005ac8000 	/System/Library/Frameworks/AudioToolbox.framework/Versions/A/AudioToolbox
0x0000000005ac8000 	/System/Library/Frameworks/AudioUnit.framework/Versions/A/AudioUnit
0x0000000005ac8000 	/System/Library/PrivateFrameworks/DataDetectorsCore.framework/Versions/A/DataDetectorsCore
0x0000000005ac8000 	/System/Library/Frameworks/Carbon.framework/Versions/A/Frameworks/HIToolbox.framework/Versions/A/HIToolbox
0x0000000005ac8000 	/usr/lib/libicucore.A.dylib
0x0000000005ac8000 	/System/Library/Frameworks/QuartzCore.framework/Versions/A/QuartzCore
0x0000000005ac8000 	/System/Library/Frameworks/Carbon.framework/Versions/A/Frameworks/SpeechRecognition.framework/Versions/A/SpeechRecognition
0x0000000005ac8000 	/usr/lib/libauto.dylib
0x0000000005ac8000 	/usr/lib/libxml2.2.dylib
0x0000000005ac8000 	/System/Library/PrivateFrameworks/CoreUI.framework/Versions/A/CoreUI
0x0000000005ac8000 	/System/Library/Frameworks/CoreAudio.framework/Versions/A/CoreAudio
0x0000000005ac8000 	/System/Library/Frameworks/DiskArbitration.framework/Versions/A/DiskArbitration
0x0000000005ac8000 	/usr/lib/liblangid.dylib
0x0000000005ac8000 	/System/Library/PrivateFrameworks/MultitouchSupport.framework/Versions/A/MultitouchSupport
0x0000000005ac8000 	/System/Library/Frameworks/IOKit.framework/Versions/A/IOKit
0x0000000005ac8000 	/usr/lib/libDiagnosticMessagesClient.dylib
0x0000000005ac8000 	/System/Library/Frameworks/CoreServices.framework/Versions/A/CoreServices
0x0000000005ac8000 	/System/Library/PrivateFrameworks/PerformanceAnalysis.framework/Versions/A/PerformanceAnalysis
0x0000000005ac8000 	/System/Library/Frameworks/OpenGL.framework/Versions/A/OpenGL
0x0000000005ac8000 	/System/Library/Frameworks/ColorSync.framework/Versions/A/ColorSync
0x0000000005ac8000 	/System/Library/Frameworks/CoreImage.framework/Versions/A/CoreImage
0x0000000005ac8000 	/System/Library/Frameworks/CoreText.framework/Versions/A/CoreText
0x0000000005ac8000 	/System/Library/Frameworks/ImageIO.framework/Versions/A/ImageIO
0x0000000005ac8000 	/System/Library/PrivateFrameworks/Backup.framework/Versions/A/Backup
0x0000000005ac8000 	/usr/lib/libarchive.2.dylib
0x0000000005ac8000 	/System/Library/Frameworks/CFNetwork.framework/Versions/A/CFNetwork
0x0000000005ac8000 	/System/Library/Frameworks/SystemConfiguration.framework/Versions/A/SystemConfiguration
0x0000000005ac8000 	/usr/lib/libCRFSuite.dylib
0x0000000005ac8000 	/usr/lib/libc++.1.dylib
0x0000000005ac8000 	/usr/lib/libc++abi.dylib
0x0000000005ac8000 	/usr/lib/system/libcache.dylib
0x0000000005ac8000 	/usr/lib/system/libcommonCrypto.dylib
0x0000000005ac8000 	/usr/lib/system/libcompiler_rt.dylib
0x0000000005ac8000 	/usr/lib/system/libcopyfile.dylib
0x0000000005ac8000 	/usr/lib/system/libcorecrypto.dylib
0x0000000005ac8000 	/usr/lib/system/libdispatch.dylib
0x0000000005ac8000 	/usr/lib/system/libdyld.dylib
0x0000000005ac8000 	/usr/lib/system/libkeymgr.dylib
0x0000000005ac8000 	/usr/lib/system/liblaunch.dylib
0x0000000005ac8000 	/usr/lib/system/libmacho.dylib
0x0000000005ac8000 	/usr/lib/system/libquarantine.dylib
0x0000000005ac8000 	/usr/lib/system/libremovefile.dylib
0x0000000005ac8000 	/usr/lib/system/libsystem_asl.dylib
0x0000000005ac8000 	/usr/lib/system/libsystem_blocks.dylib
0x0000000005ac8000 	/usr/lib/system/libsystem_c.dylib
0x0000000005ac8000 	/usr/lib/system/libsystem_configuration.dylib
0x0000000005ac8000 	/usr/lib/system/libsystem_coreservices.dylib
0x0000000005ac8000 	/usr/lib/system/libsystem_darwin.dylib
0x0000000005ac8000 	/usr/lib/system/libsystem_dnssd.dylib
0x0000000005ac8000 	/usr/lib/system/libsystem_info.dylib
0x0000000005ac8000 	/usr/lib/system/libsystem_m.dylib
0x0000000005ac8000 	/usr/lib/system/libsystem_malloc.dylib
0x0000000005ac8000 	/usr/lib/system/libsystem_network.dylib
0x0000000005ac8000 	/usr/lib/system/libsystem_networkextension.dylib
0x0000000005ac8000 	/usr/lib/system/libsystem_notify.dylib
0x0000000005ac8000 	/usr/lib/system/libsystem_sandbox.dylib
0x0000000005ac8000 	/usr/lib/system/libsystem_secinit.dylib
0x0000000005ac8000 	/usr/lib/system/libsystem_kernel.dylib
0x0000000005ac8000 	/usr/lib/system/libsystem_platform.dylib
0x0000000005ac8000 	/usr/lib/system/libsystem_pthread.dylib
0x0000000005ac8000 	/usr/lib/system/libsystem_symptoms.dylib
0x0000000005ac8000 	/usr/lib/system/libsystem_trace.dylib
0x0000000005ac8000 	/usr/lib/system/libunwind.dylib
0x0000000005ac8000 	/usr/lib/system/libxpc.dylib
0x0000000005ac8000 	/usr/lib/closure/libclosured.dylib
0x0000000005ac8000 	/usr/lib/libbsm.0.dylib
0x0000000005ac8000 	/usr/lib/system/libkxld.dylib
0x0000000005ac8000 	/usr/lib/libOpenScriptingUtil.dylib
0x0000000005ac8000 	/usr/lib/libcoretls.dylib
0x0000000005ac8000 	/usr/lib/libcoretls_cfhelpers.dylib
0x0000000005ac8000 	/usr/lib/libpam.2.dylib
0x0000000005ac8000 	/usr/lib/libsqlite3.dylib
0x0000000005ac8000 	/usr/lib/libxar.1.dylib
0x0000000005ac8000 	/usr/lib/libbz2.1.0.dylib
0x0000000005ac8000 	/usr/lib/liblzma.5.dylib
0x0000000005ac8000 	/usr/lib/libnetwork.dylib
0x0000000005ac8000 	/usr/lib/libapple_nghttp2.dylib
0x0000000005ac8000 	/usr/lib/libpcap.A.dylib
0x0000000005ac8000 	/usr/lib/libboringssl.dylib
0x0000000005ac8000 	/usr/lib/libusrtcp.dylib
0x0000000005ac8000 	/usr/lib/libapple_crypto.dylib
0x0000000005ac8000 	/System/Library/Frameworks/CoreServices.framework/Versions/A/Frameworks/FSEvents.framework/Versions/A/FSEvents
0x0000000005ac8000 	/System/Library/Frameworks/CoreServices.framework/Versions/A/Frameworks/CarbonCore.framework/Versions/A/CarbonCore
0x0000000005ac8000 	/System/Library/Frameworks/CoreServices.framework/Versions/A/Frameworks/Metadata.framework/Versions/A/Metadata
0x0000000005ac8000 	/System/Library/Frameworks/CoreServices.framework/Versions/A/Frameworks/OSServices.framework/Versions/A/OSServices
0x0000000005ac8000 	/System/Library/Frameworks/CoreServices.framework/Versions/A/Frameworks/SearchKit.framework/Versions/A/SearchKit
0x0000000005ac8000 	/System/Library/Frameworks/CoreServices.framework/Versions/A/Frameworks/AE.framework/Versions/A/AE
0x0000000005ac8000 	/System/Library/Frameworks/CoreServices.framework/Versions/A/Frameworks/LaunchServices.framework/Versions/A/LaunchServices
0x0000000005ac8000 	/System/Library/Frameworks/CoreServices.framework/Versions/A/Frameworks/DictionaryServices.framework/Versions/A/DictionaryServices
0x0000000005ac8000 	/System/Library/Frameworks/CoreServices.framework/Versions/A/Frameworks/SharedFileList.framework/Versions/A/SharedFileList
0x0000000005ac8000 	/System/Library/Frameworks/NetFS.framework/Versions/A/NetFS
0x0000000005ac8000 	/System/Library/PrivateFrameworks/NetAuth.framework/Versions/A/NetAuth
0x0000000005ac8000 	/System/Library/PrivateFrameworks/login.framework/Versions/A/Frameworks/loginsupport.framework/Versions/A/loginsupport
0x0000000005ac8000 	/System/Library/PrivateFrameworks/TCC.framework/Versions/A/TCC
0x0000000005ac8000 	/usr/lib/libmecabra.dylib
0x0000000005ac8000 	/System/Library/Frameworks/ApplicationServices.framework/Versions/A/Frameworks/ATS.framework/Versions/A/ATS
0x0000000005ac8000 	/System/Library/Frameworks/ApplicationServices.framework/Versions/A/Frameworks/ColorSyncLegacy.framework/Versions/A/ColorSyncLegacy
0x0000000005ac8000 	/System/Library/Frameworks/ApplicationServices.framework/Versions/A/Frameworks/HIServices.framework/Versions/A/HIServices
0x0000000005ac8000 	/System/Library/Frameworks/ApplicationServices.framework/Versions/A/Frameworks/LangAnalysis.framework/Versions/A/LangAnalysis
0x0000000005ac8000 	/System/Library/Frameworks/ApplicationServices.framework/Versions/A/Frameworks/PrintCore.framework/Versions/A/PrintCore
0x0000000005ac8000 	/System/Library/Frameworks/ApplicationServices.framework/Versions/A/Frameworks/QD.framework/Versions/A/QD
0x0000000005ac8000 	/System/Library/Frameworks/ApplicationServices.framework/Versions/A/Frameworks/SpeechSynthesis.framework/Versions/A/SpeechSynthesis
0x0000000005ac8000 	/System/Library/Frameworks/CoreDisplay.framework/Versions/A/CoreDisplay
0x0000000005ac8000 	/System/Library/Frameworks/Accelerate.framework/Versions/A/Frameworks/vImage.framework/Versions/A/vImage
0x0000000005ac8000 	/System/Library/Frameworks/Accelerate.framework/Versions/A/Frameworks/vecLib.framework/Versions/A/vecLib
0x0000000005ac8000 	/System/Library/Frameworks/Accelerate.framework/Versions/A/Frameworks/vecLib.framework/Versions/A/libvDSP.dylib
0x0000000005ac8000 	/System/Library/Frameworks/Accelerate.framework/Versions/A/Frameworks/vecLib.framework/Versions/A/libBNNS.dylib
0x0000000005ac8000 	/System/Library/Frameworks/Accelerate.framework/Versions/A/Frameworks/vecLib.framework/Versions/A/libQuadrature.dylib
0x0000000005ac8000 	/System/Library/Frameworks/Accelerate.framework/Versions/A/Frameworks/vecLib.framework/Versions/A/libvMisc.dylib
0x0000000005ac8000 	/System/Library/Frameworks/Accelerate.framework/Versions/A/Frameworks/vecLib.framework/Versions/A/libLAPACK.dylib
0x0000000005ac8000 	/System/Library/Frameworks/Accelerate.framework/Versions/A/Frameworks/vecLib.framework/Versions/A/libBLAS.dylib
0x0000000005ac8000 	/System/Library/Frameworks/Accelerate.framework/Versions/A/Frameworks/vecLib.framework/Versions/A/libLinearAlgebra.dylib
0x0000000005ac8000 	/System/Library/Frameworks/Accelerate.framework/Versions/A/Frameworks/vecLib.framework/Versions/A/libSparse.dylib
0x0000000005ac8000 	/System/Library/Frameworks/Accelerate.framework/Versions/A/Frameworks/vecLib.framework/Versions/A/libSparseBLAS.dylib
0x0000000005ac8000 	/System/Library/PrivateFrameworks/IOAccelerator.framework/Versions/A/IOAccelerator
0x0000000005ac8000 	/System/Library/PrivateFrameworks/IOPresentment.framework/Versions/A/IOPresentment
0x0000000005ac8000 	/System/Library/PrivateFrameworks/DSExternalDisplay.framework/Versions/A/DSExternalDisplay
0x0000000005ac8000 	/System/Library/Frameworks/OpenGL.framework/Versions/A/Libraries/libCoreFSCache.dylib
0x0000000005ac8000 	/System/Library/Frameworks/CoreVideo.framework/Versions/A/CoreVideo
0x0000000005ac8000 	/System/Library/PrivateFrameworks/GraphVisualizer.framework/Versions/A/GraphVisualizer
0x0000000005ac8000 	/System/Library/Frameworks/MetalPerformanceShaders.framework/Versions/A/MetalPerformanceShaders
0x0000000005ac8000 	/usr/lib/libFosl_dynamic.dylib
0x0000000005ac8000 	/System/Library/PrivateFrameworks/FaceCore.framework/Versions/A/FaceCore
0x0000000005ac8000 	/System/Library/Frameworks/OpenCL.framework/Versions/A/OpenCL
0x0000000005ac8000 	/usr/lib/libcompression.dylib
0x0000000005ac8000 	/System/Library/Frameworks/ApplicationServices.framework/Versions/A/Frameworks/ATS.framework/Versions/A/Resources/libFontParser.dylib
0x0000000005ac8000 	/System/Library/Frameworks/ApplicationServices.framework/Versions/A/Frameworks/ATS.framework/Versions/A/Resources/libFontRegistry.dylib
0x0000000005ac8000 	/System/Library/Frameworks/ImageIO.framework/Versions/A/Resources/libJPEG.dylib
0x0000000005ac8000 	/System/Library/Frameworks/ImageIO.framework/Versions/A/Resources/libTIFF.dylib
0x0000000005ac8000 	/System/Library/Frameworks/ImageIO.framework/Versions/A/Resources/libPng.dylib
0x0000000005ac8000 	/System/Library/Frameworks/ImageIO.framework/Versions/A/Resources/libGIF.dylib
0x0000000005ac8000 	/System/Library/Frameworks/ImageIO.framework/Versions/A/Resources/libJP2.dylib
0x0000000005ac8000 	/System/Library/Frameworks/ImageIO.framework/Versions/A/Resources/libRadiance.dylib
0x0000000005ac8000 	/System/Library/PrivateFrameworks/AppleJPEG.framework/Versions/A/AppleJPEG
0x0000000005ac8000 	/System/Library/PrivateFrameworks/MetalTools.framework/Versions/A/MetalTools
0x0000000005ac8000 	/System/Library/Frameworks/MetalPerformanceShaders.framework/Frameworks/MPSCore.framework/Versions/A/MPSCore
0x0000000005ac8000 	/System/Library/Frameworks/MetalPerformanceShaders.framework/Frameworks/MPSImage.framework/Versions/A/MPSImage
0x0000000005ac8000 	/System/Library/Frameworks/MetalPerformanceShaders.framework/Frameworks/MPSMatrix.framework/Versions/A/MPSMatrix
0x0000000005ac8000 	/System/Library/Frameworks/MetalPerformanceShaders.framework/Frameworks/MPSNeuralNetwork.framework/Versions/A/MPSNeuralNetwork
0x0000000005ac8000 	/System/Library/Frameworks/OpenGL.framework/Versions/A/Libraries/libGLU.dylib
0x0000000005ac8000 	/System/Library/Frameworks/OpenGL.framework/Versions/A/Libraries/libGFXShared.dylib
0x0000000005ac8000 	/System/Library/Frameworks/OpenGL.framework/Versions/A/Libraries/libGL.dylib
0x0000000005ac8000 	/System/Library/Frameworks/OpenGL.framework/Versions/A/Libraries/libGLImage.dylib
0x0000000005ac8000 	/System/Library/Frameworks/OpenGL.framework/Versions/A/Libraries/libCVMSPluginSupport.dylib
0x0000000005ac8000 	/System/Library/Frameworks/OpenGL.framework/Versions/A/Libraries/libCoreVMClient.dylib
0x0000000005ac8000 	/usr/lib/libcups.2.dylib
0x0000000005ac8000 	/System/Library/Frameworks/Kerberos.framework/Versions/A/Kerberos
0x0000000005ac8000 	/System/Library/Frameworks/GSS.framework/Versions/A/GSS
0x0000000005ac8000 	/usr/lib/libresolv.9.dylib
0x0000000005ac8000 	/usr/lib/libiconv.2.dylib
0x0000000005ac8000 	/System/Library/PrivateFrameworks/Heimdal.framework/Versions/A/Heimdal
0x0000000005ac8000 	/usr/lib/libheimdal-asn1.dylib
0x0000000005ac8000 	/System/Library/Frameworks/OpenDirectory.framework/Versions/A/OpenDirectory
0x0000000005ac8000 	/System/Library/PrivateFrameworks/CommonAuth.framework/Versions/A/CommonAuth
0x0000000005ac8000 	/System/Library/Frameworks/OpenDirectory.framework/Versions/A/Frameworks/CFOpenDirectory.framework/Versions/A/CFOpenDirectory
0x0000000005ac8000 	/System/Library/Frameworks/SecurityFoundation.framework/Versions/A/SecurityFoundation
0x0000000005ac8000 	/System/Library/PrivateFrameworks/APFS.framework/Versions/A/APFS
0x0000000005ac8000 	/usr/lib/libutil.dylib
0x0000000005ac8000 	/System/Library/PrivateFrameworks/AppleSauce.framework/Versions/A/AppleSauce
0x0000000005ac8000 	/System/Library/PrivateFrameworks/LinguisticData.framework/Versions/A/LinguisticData
0x0000000005ac8000 	/usr/lib/libmarisa.dylib
0x0000000005ac8000 	/System/Library/PrivateFrameworks/Lexicon.framework/Versions/A/Lexicon
0x0000000005ac8000 	/usr/lib/libChineseTokenizer.dylib
0x0000000005ac8000 	/usr/lib/libcmph.dylib
0x0000000005ac8000 	/System/Library/PrivateFrameworks/LanguageModeling.framework/Versions/A/LanguageModeling
0x0000000005ac8000 	/System/Library/PrivateFrameworks/CoreEmoji.framework/Versions/A/CoreEmoji
0x0000000005ac8000 	/System/Library/Frameworks/ServiceManagement.framework/Versions/A/ServiceManagement
0x0000000005ac8000 	/System/Library/PrivateFrameworks/BackgroundTaskManagement.framework/Versions/A/BackgroundTaskManagement
0x0000000005ac8000 	/usr/lib/libxslt.1.dylib
0x0000000005ac8000 	/System/Library/Frameworks/Carbon.framework/Versions/A/Frameworks/Ink.framework/Versions/A/Ink
0x0000000005ac8000 	/System/Library/PrivateFrameworks/TextureIO.framework/Versions/A/TextureIO
0x0000000005ac8000 	/usr/lib/libate.dylib
0x0000000005ac8000 	/System/Library/PrivateFrameworks/CrashReporterSupport.framework/Versions/A/CrashReporterSupport
0x0000000005ac8000 	/System/Library/PrivateFrameworks/Sharing.framework/Versions/A/Sharing
0x0000000005ac8000 	/System/Library/PrivateFrameworks/IconServices.framework/Versions/A/IconServices
0x0000000005ac8000 	/System/Library/PrivateFrameworks/ProtocolBuffer.framework/Versions/A/ProtocolBuffer
0x0000000005ac8000 	/System/Library/PrivateFrameworks/Apple80211.framework/Versions/A/Apple80211
0x0000000005ac8000 	/System/Library/Frameworks/CoreWLAN.framework/Versions/A/CoreWLAN
0x0000000005ac8000 	/System/Library/PrivateFrameworks/CoreUtils.framework/Versions/A/CoreUtils
0x0000000005ac8000 	/System/Library/Frameworks/IOBluetooth.framework/Versions/A/IOBluetooth
0x0000000005ac8000 	/System/Library/PrivateFrameworks/CoreWiFi.framework/Versions/A/CoreWiFi
0x0000000005ac8000 	/System/Library/Frameworks/CoreBluetooth.framework/Versions/A/CoreBluetooth
0x0000000005ac8000 	/System/Library/PrivateFrameworks/SignpostNotification.framework/Versions/A/SignpostNotification
0x0000000005ac8000 	/System/Library/PrivateFrameworks/DebugSymbols.framework/Versions/A/DebugSymbols
0x0000000005ac8000 	/System/Library/PrivateFrameworks/CoreSymbolication.framework/Versions/A/CoreSymbolication
0x0000000005ac8000 	/System/Library/PrivateFrameworks/Symbolication.framework/Versions/A/Symbolication
0x0000000005ac8000 	/System/Library/PrivateFrameworks/AppleFSCompression.framework/Versions/A/AppleFSCompression
0x0000000005ac8000 	/System/Library/PrivateFrameworks/SpeechRecognitionCore.framework/Versions/A/SpeechRecognitionCore
0x0000000106800000 	/Applications/Android Studio.app/Contents/jre/jdk/Contents/Home/jre/lib/server/libjvm.dylib
0x0000000005ac8000 	/usr/lib/libstdc++.6.0.9.dylib
0x000000010560b000 	/Applications/Android Studio.app/Contents/jre/jdk/Contents/Home/jre/lib/libverify.dylib
0x0000000105617000 	/Applications/Android Studio.app/Contents/jre/jdk/Contents/Home/jre/lib/libjava.dylib
0x0000000105695000 	/Applications/Android Studio.app/Contents/jre/jdk/Contents/Home/jre/lib/libzip.dylib
0x000000011c9e8000 	/Applications/Android Studio.app/Contents/jre/jdk/Contents/Home/jre/lib/libnet.dylib
0x000000011ca83000 	/Applications/Android Studio.app/Contents/jre/jdk/Contents/Home/jre/lib/libnio.dylib
0x000000011cca8000 	/Users/annascott/.gradle/native/25/osx-amd64/libnative-platform.dylib
0x000000011d06e000 	/Applications/Android Studio.app/Contents/jre/jdk/Contents/Home/jre/lib/libmanagement.dylib
0x000000011d4bf000 	/Applications/Android Studio.app/Contents/jre/jdk/Contents/Home/jre/lib/libsunec.dylib

VM Arguments:
jvm_args: -Xmx1536m -Dfile.encoding=UTF-8 -Duser.country=US -Duser.language=en -Duser.variant 
java_command: org.gradle.launcher.daemon.bootstrap.GradleDaemon 4.4
java_class_path (initial): /Users/annascott/.gradle/wrapper/dists/gradle-4.4-all/9br9xq1tocpiv8o6njlyu5op1/gradle-4.4/lib/gradle-launcher-4.4.jar
Launcher Type: SUN_STANDARD

Environment Variables:
PATH=/usr/local/bin:/usr/bin:/bin:/usr/sbin:/sbin
SHELL=/bin/bash

Signal Handlers:
SIGSEGV: [libjvm.dylib+0x53f567], sa_mask[0]=11111111011111110111111111111111, sa_flags=SA_ONSTACK|SA_RESTART|SA_SIGINFO
SIGBUS: [libjvm.dylib+0x53f567], sa_mask[0]=11111111011111110111111111111111, sa_flags=SA_RESTART|SA_SIGINFO
SIGFPE: [libjvm.dylib+0x437adf], sa_mask[0]=11111111011111110111111111111111, sa_flags=SA_RESTART|SA_SIGINFO
SIGPIPE: [libjvm.dylib+0x437adf], sa_mask[0]=11111111011111110111111111111111, sa_flags=SA_RESTART|SA_SIGINFO
SIGXFSZ: [libjvm.dylib+0x437adf], sa_mask[0]=11111111011111110111111111111111, sa_flags=SA_RESTART|SA_SIGINFO
SIGILL: [libjvm.dylib+0x437adf], sa_mask[0]=11111111011111110111111111111111, sa_flags=SA_RESTART|SA_SIGINFO
SIGUSR1: SIG_DFL, sa_mask[0]=00000000000000000000000000000000, sa_flags=none
SIGUSR2: [libjvm.dylib+0x438404], sa_mask[0]=00100000000000000000000000000000, sa_flags=SA_RESTART|SA_SIGINFO
SIGHUP: [libjvm.dylib+0x4365f9], sa_mask[0]=11111111011111110111111111111111, sa_flags=SA_RESTART|SA_SIGINFO
SIGINT: [libjvm.dylib+0x4365f9], sa_mask[0]=11111111011111110111111111111111, sa_flags=SA_RESTART|SA_SIGINFO
SIGTERM: [libjvm.dylib+0x4365f9], sa_mask[0]=11111111011111110111111111111111, sa_flags=SA_RESTART|SA_SIGINFO
SIGQUIT: [libjvm.dylib+0x4365f9], sa_mask[0]=11111111011111110111111111111111, sa_flags=SA_RESTART|SA_SIGINFO


---------------  S Y S T E M  ---------------

OS:Bsduname:Darwin 17.3.0 Darwin Kernel Version 17.3.0: Thu Nov  9 18:09:22 PST 2017; root:xnu-4570.31.3~1/RELEASE_X86_64 x86_64
rlimit: STACK 8192k, CORE 0k, NPROC 1418, NOFILE 10240, AS infinity
load average:1.56 1.55 1.51

CPU:total 8 (initial active 8) (4 cores per cpu, 2 threads per core) family 6 model 94 stepping 3, cmov, cx8, fxsr, mmx, sse, sse2, sse3, ssse3, sse4.1, sse4.2, popcnt, avx, avx2, aes, clmul, erms, rtm, 3dnowpref, lzcnt, ht, tsc, tscinvbit, bmi1, bmi2, adx

Memory: 4k page, physical 16777216k(1268484k free)

/proc/meminfo:


vm_info: OpenJDK 64-Bit Server VM (25.152-b01) for bsd-amd64 JRE (1.8.0_152-release-1024-b01), built by "builder" with gcc 4.2.1 Compatible Apple LLVM 8.1.0 (clang-802.0.42)

time: Wed Apr 25 21:13:52 2018
elapsed time: 100 seconds (0d 0h 1m 40s)

